                ****************************************
                                VPA-2BOX                
                BOOTSTRAP ESTIMATES OF BIAS AND VARIANCE
                ****************************************


BFT East 1950-2011 Continuity Run                 
15:23,  9 September 2012


 *************************************************
 BIAS AND STANDARD ERROR ESTIMATES
 *************************************************


TABLE 1A. BIAS OF FISHING MORTALITY RATE FOR BFTE test                                         
=============================================================================
        1      2      3      4      5      6      7      8      9     10
-----------------------------------------------------------------------------
  1950   0.000  0.000  0.000  0.000  0.000  0.000  0.000  0.000  0.000  0.000
  1951   0.000  0.000  0.000  0.000  0.000  0.000  0.000  0.000  0.000  0.000
  1952   0.000  0.000  0.000  0.000  0.000  0.000  0.000  0.000  0.000  0.000
  1953   0.000  0.000  0.000  0.000  0.000  0.000  0.000  0.000  0.000  0.000
  1954   0.000  0.000  0.000  0.000  0.000  0.000  0.000  0.000  0.000  0.000
  1955   0.000  0.000  0.000  0.000  0.000  0.000  0.000  0.000  0.000  0.000
  1956   0.000  0.000  0.000  0.000  0.000  0.000  0.000  0.000  0.000  0.000
  1957   0.000  0.000  0.000  0.000  0.000  0.000  0.000  0.000  0.000  0.000
  1958   0.000  0.000  0.000  0.000  0.000  0.000  0.000  0.000  0.000  0.000
  1959   0.000  0.000  0.000  0.000  0.000  0.000  0.000  0.000  0.000  0.000
  1960   0.000  0.000  0.000  0.000  0.000  0.000  0.000  0.000  0.000  0.000
  1961   0.000  0.000  0.000  0.000  0.000  0.000  0.000  0.000  0.000  0.000
  1962   0.000  0.000  0.000  0.000  0.000  0.000  0.000  0.000  0.000  0.000
  1963   0.000  0.000  0.000  0.000  0.000  0.000  0.000  0.000  0.000  0.000
  1964   0.000  0.000  0.000  0.000  0.000  0.000  0.000  0.000  0.000  0.000
  1965   0.000  0.000  0.000  0.000  0.000  0.000  0.000  0.000  0.000  0.000
  1966   0.000  0.000  0.000  0.000  0.000  0.000  0.000  0.000  0.000  0.000
  1967   0.000  0.000  0.000  0.000  0.000  0.000  0.000  0.000  0.000  0.000
  1968   0.000  0.000  0.000  0.000  0.000  0.000  0.000  0.000  0.000  0.000
  1969   0.000  0.000  0.000  0.000  0.000  0.000  0.000  0.000  0.000  0.000
  1970   0.000  0.000  0.000  0.000  0.000  0.000  0.000  0.000  0.000  0.000
  1971   0.000  0.000  0.000  0.000  0.000  0.000  0.000  0.000  0.000  0.000
  1972   0.000  0.000  0.000  0.000  0.000  0.000  0.000  0.000  0.000  0.000
  1973   0.000  0.000  0.000  0.000  0.000  0.000  0.000  0.000  0.000  0.000
  1974   0.000  0.000  0.000  0.000  0.000  0.000  0.000  0.000  0.000  0.000
  1975   0.000  0.000  0.000  0.000  0.000  0.000  0.000  0.000  0.000  0.000
  1976   0.000  0.000  0.000  0.000  0.000  0.000  0.000  0.000  0.000  0.000
  1977   0.000  0.000  0.000  0.000  0.000  0.000  0.000  0.000  0.000  0.000
  1978   0.000  0.000  0.000  0.000  0.000  0.000  0.000  0.000  0.000  0.000
  1979   0.000  0.000  0.000  0.000  0.000  0.000  0.000  0.000  0.000  0.000
  1980   0.000  0.000  0.000  0.000  0.000  0.000  0.000  0.000  0.000  0.000
  1981   0.000  0.000  0.000  0.000  0.000  0.000  0.000  0.000  0.000  0.000
  1982   0.000  0.000  0.000  0.000  0.000  0.000  0.000  0.000  0.000  0.000
  1983   0.000  0.000  0.000  0.000  0.000  0.000  0.000  0.000  0.000  0.000
  1984   0.000  0.000  0.000  0.000  0.000  0.000  0.000  0.000  0.000  0.000
  1985   0.000  0.000  0.000  0.000  0.000  0.000  0.000  0.000  0.000  0.000
  1986   0.000  0.000  0.000  0.000  0.000  0.000  0.000  0.000  0.000  0.000
  1987   0.000  0.000  0.000  0.000  0.000  0.000  0.000  0.000  0.000  0.000
  1988   0.000  0.000  0.000  0.000  0.000  0.000  0.000  0.000  0.000  0.000
  1989   0.000  0.000  0.000  0.000  0.000  0.000  0.000  0.000  0.000  0.000
  1990   0.000  0.000  0.000  0.000  0.000  0.000  0.000  0.000  0.000  0.000
  1991   0.000  0.000  0.000  0.000  0.000  0.000  0.000  0.000  0.000  0.000
  1992   0.000  0.000  0.000  0.000  0.000  0.000  0.000  0.000  0.000  0.000
  1993   0.000 -0.001 -0.001  0.000  0.000  0.000  0.000  0.000  0.000  0.000
  1994   0.000  0.000  0.000  0.000  0.000  0.000  0.000  0.000  0.000  0.000
  1995   0.000  0.000  0.000  0.000  0.000  0.000  0.000  0.000  0.000  0.000
  1996   0.000 -0.001 -0.001 -0.001  0.000  0.000  0.000  0.000  0.000  0.000
  1997   0.000 -0.001 -0.001 -0.001  0.000  0.000  0.000 -0.001 -0.001 -0.001
  1998  -0.001 -0.001 -0.001 -0.001  0.000 -0.001  0.000  0.000  0.000 -0.001
  1999  -0.001 -0.001 -0.001 -0.001  0.000  0.000  0.000  0.000 -0.001 -0.001
  2000  -0.002 -0.002 -0.001 -0.001 -0.001 -0.001  0.000  0.000  0.000 -0.001
  2001   0.000 -0.003 -0.001 -0.001 -0.001 -0.001 -0.001 -0.001 -0.001 -0.001
  2002   0.000 -0.004 -0.003 -0.001  0.000 -0.001  0.000 -0.001 -0.001 -0.001
  2003   0.000 -0.001 -0.001 -0.001 -0.001  0.000 -0.001 -0.001 -0.001 -0.001
  2004   0.003 -0.001 -0.001 -0.001  0.000 -0.001 -0.001 -0.001 -0.001 -0.002
  2005   0.006  0.014 -0.001  0.000 -0.001 -0.001 -0.001  0.000 -0.002 -0.003
  2006   0.029  0.008  0.018  0.000  0.000 -0.001 -0.001 -0.001 -0.002 -0.002
  2007   0.000  0.023  0.004  0.021 -0.001  0.000 -0.001 -0.001 -0.002 -0.002
  2008   0.000  0.007  0.015  0.010  0.015  0.000  0.000 -0.001 -0.001 -0.001
  2009   0.001  0.001  0.003  0.027  0.006  0.014 -0.001  0.000 -0.001 -0.001
  2010   0.001  0.032  0.001  0.006  0.019  0.007  0.010  0.000  0.000  0.000
  2011   0.000  0.022  0.008  0.002  0.012  0.016  0.006  0.004  0.000  0.000
=============================================================================


TABLE 1B. STANDARD ERROR OF FISHING MORTALITY RATE FOR BFTE test                                         
====================================================================================================================     
            1          2          3          4          5          6          7          8          9         10
--------------------------------------------------------------------------------------------------------------------     
  1950  0.456E-04  0.704E-04  0.110E-05  0.279E-05  0.109E-04  0.183E-04  0.204E-04  0.254E-04  0.568E-04  0.398E-04
  1951  0.893E-05  0.145E-04  0.106E-04  0.912E-05  0.198E-04  0.278E-04  0.291E-04  0.233E-04  0.584E-04  0.409E-04
  1952  0.116E-05  0.293E-05  0.510E-05  0.539E-05  0.204E-04  0.364E-04  0.489E-04  0.520E-04  0.693E-04  0.485E-04
  1953  0.457E-05  0.847E-05  0.813E-05  0.848E-05  0.384E-04  0.362E-04  0.651E-04  0.739E-04  0.672E-04  0.470E-04
  1954  0.530E-05  0.827E-05  0.131E-05  0.349E-05  0.339E-04  0.534E-04  0.386E-04  0.404E-04  0.984E-04  0.689E-04
  1955  0.634E-05  0.356E-04  0.642E-04  0.293E-04  0.321E-04  0.446E-04  0.700E-04  0.531E-04  0.117E-03  0.818E-04
  1956  0.299E-05  0.262E-04  0.372E-04  0.199E-04  0.225E-04  0.311E-04  0.453E-04  0.785E-04  0.844E-04  0.591E-04
  1957  0.332E-05  0.349E-04  0.691E-04  0.328E-04  0.272E-04  0.616E-04  0.101E-03  0.820E-04  0.105E-03  0.734E-04
  1958  0.171E-04  0.358E-04  0.783E-04  0.475E-04  0.845E-04  0.829E-04  0.718E-04  0.111E-03  0.951E-04  0.666E-04
  1959  0.715E-05  0.592E-04  0.997E-04  0.553E-04  0.365E-04  0.354E-04  0.332E-04  0.390E-04  0.111E-03  0.780E-04
  1960  0.496E-05  0.335E-04  0.596E-04  0.506E-04  0.104E-03  0.794E-04  0.475E-04  0.708E-04  0.104E-03  0.725E-04
  1961  0.665E-05  0.616E-04  0.104E-03  0.843E-04  0.141E-03  0.166E-03  0.539E-04  0.497E-04  0.126E-03  0.885E-04
  1962  0.550E-05  0.389E-04  0.956E-04  0.722E-04  0.112E-03  0.220E-03  0.112E-03  0.138E-03  0.143E-03  0.100E-03
  1963  0.463E-05  0.357E-04  0.751E-04  0.900E-04  0.110E-03  0.107E-03  0.144E-03  0.910E-04  0.773E-04  0.541E-04
  1964  0.970E-05  0.642E-04  0.108E-03  0.116E-03  0.166E-03  0.115E-03  0.121E-03  0.123E-03  0.868E-04  0.607E-04
  1965  0.707E-05  0.561E-04  0.881E-04  0.752E-04  0.767E-04  0.134E-03  0.145E-03  0.730E-04  0.103E-03  0.722E-04
  1966  0.331E-04  0.939E-04  0.242E-03  0.115E-03  0.686E-04  0.128E-03  0.116E-03  0.740E-04  0.616E-04  0.431E-04
  1967  0.734E-04  0.962E-04  0.135E-03  0.142E-03  0.648E-04  0.757E-04  0.194E-03  0.839E-04  0.117E-03  0.819E-04
  1968  0.292E-04  0.887E-04  0.110E-03  0.768E-04  0.851E-04  0.334E-04  0.756E-04  0.108E-03  0.705E-04  0.493E-04
  1969  0.646E-04  0.300E-03  0.237E-03  0.990E-04  0.388E-04  0.444E-04  0.272E-04  0.657E-04  0.101E-03  0.709E-04
  1970  0.447E-04  0.214E-03  0.172E-03  0.110E-03  0.434E-04  0.259E-04  0.489E-04  0.351E-04  0.662E-04  0.662E-04
  1971  0.321E-05  0.201E-03  0.256E-03  0.125E-03  0.102E-03  0.280E-04  0.223E-04  0.668E-04  0.543E-04  0.543E-04
  1972  0.743E-05  0.248E-03  0.402E-03  0.153E-03  0.120E-03  0.895E-04  0.334E-04  0.136E-04  0.402E-04  0.402E-04
  1973  0.831E-05  0.201E-03  0.227E-03  0.120E-03  0.579E-04  0.643E-04  0.105E-03  0.641E-04  0.430E-04  0.430E-04
  1974  0.212E-04  0.271E-03  0.297E-03  0.269E-03  0.193E-03  0.109E-03  0.769E-04  0.956E-04  0.890E-04  0.890E-04
  1975  0.837E-04  0.350E-03  0.270E-03  0.167E-03  0.876E-04  0.188E-03  0.104E-03  0.882E-04  0.115E-03  0.115E-03
  1976  0.136E-04  0.398E-03  0.689E-03  0.259E-03  0.195E-03  0.656E-04  0.133E-03  0.613E-04  0.962E-04  0.962E-04
  1977  0.625E-04  0.403E-03  0.326E-03  0.310E-03  0.536E-04  0.731E-04  0.560E-04  0.133E-03  0.988E-04  0.988E-04
  1978  0.160E-03  0.377E-03  0.373E-03  0.178E-03  0.922E-04  0.263E-04  0.537E-04  0.287E-04  0.810E-04  0.810E-04
  1979  0.197E-04  0.141E-03  0.414E-03  0.222E-03  0.854E-04  0.541E-04  0.404E-04  0.117E-03  0.764E-04  0.764E-04
  1980  0.900E-04  0.325E-03  0.710E-03  0.350E-03  0.780E-04  0.824E-04  0.716E-04  0.388E-04  0.844E-04  0.844E-04
  1981  0.835E-04  0.470E-03  0.600E-03  0.229E-03  0.189E-03  0.552E-04  0.757E-04  0.114E-03  0.660E-04  0.660E-04
  1982  0.442E-03  0.552E-03  0.818E-03  0.402E-03  0.165E-03  0.936E-04  0.593E-04  0.196E-03  0.142E-03  0.142E-03
  1983  0.249E-03  0.458E-03  0.653E-03  0.310E-03  0.212E-03  0.157E-03  0.293E-03  0.949E-04  0.156E-03  0.156E-03
  1984  0.165E-03  0.658E-03  0.331E-03  0.334E-03  0.345E-03  0.274E-03  0.242E-03  0.328E-03  0.184E-03  0.184E-03
  1985  0.132E-03  0.804E-03  0.894E-03  0.352E-03  0.200E-03  0.201E-03  0.112E-03  0.165E-03  0.233E-03  0.140E-03
  1986  0.310E-03  0.559E-03  0.669E-03  0.442E-03  0.104E-03  0.138E-03  0.128E-03  0.104E-03  0.232E-03  0.139E-03
  1987  0.334E-03  0.624E-03  0.700E-03  0.392E-03  0.154E-03  0.102E-03  0.268E-03  0.205E-03  0.221E-03  0.133E-03
  1988  0.664E-03  0.596E-03  0.908E-03  0.492E-03  0.208E-03  0.142E-03  0.175E-03  0.262E-03  0.353E-03  0.212E-03
  1989  0.794E-03  0.103E-02  0.577E-03  0.465E-03  0.492E-03  0.125E-03  0.189E-03  0.138E-03  0.293E-03  0.176E-03
  1990  0.570E-03  0.128E-02  0.125E-02  0.515E-03  0.590E-03  0.214E-03  0.213E-03  0.286E-03  0.368E-03  0.221E-03
  1991  0.466E-03  0.122E-02  0.148E-02  0.678E-03  0.626E-03  0.185E-03  0.197E-03  0.250E-03  0.578E-03  0.347E-03
  1992  0.492E-03  0.210E-02  0.207E-02  0.700E-03  0.388E-03  0.309E-03  0.449E-03  0.577E-03  0.739E-03  0.443E-03
  1993  0.515E-03  0.404E-02  0.344E-02  0.994E-03  0.513E-03  0.391E-03  0.392E-03  0.461E-03  0.769E-03  0.462E-03
  1994  0.106E-02  0.192E-02  0.238E-02  0.106E-02  0.102E-02  0.845E-03  0.124E-02  0.127E-02  0.210E-02  0.126E-02
  1995  0.107E-02  0.228E-02  0.251E-02  0.159E-02  0.156E-02  0.168E-02  0.966E-03  0.134E-02  0.151E-02  0.181E-02
  1996  0.159E-02  0.427E-02  0.494E-02  0.313E-02  0.200E-02  0.971E-03  0.124E-02  0.948E-03  0.226E-02  0.271E-02
  1997  0.179E-02  0.418E-02  0.307E-02  0.380E-02  0.238E-02  0.275E-02  0.157E-02  0.308E-02  0.305E-02  0.367E-02
  1998  0.438E-02  0.812E-02  0.671E-02  0.475E-02  0.286E-02  0.538E-02  0.914E-03  0.906E-03  0.253E-02  0.303E-02
  1999  0.448E-02  0.664E-02  0.704E-02  0.509E-02  0.242E-02  0.129E-02  0.124E-02  0.154E-02  0.332E-02  0.399E-02
  2000  0.124E-01  0.133E-01  0.840E-02  0.554E-02  0.607E-02  0.374E-02  0.158E-02  0.232E-02  0.260E-02  0.313E-02
  2001  0.394E-03  0.200E-01  0.933E-02  0.656E-02  0.476E-02  0.395E-02  0.572E-02  0.390E-02  0.436E-02  0.523E-02
  2002  0.183E-02  0.272E-01  0.224E-01  0.770E-02  0.347E-02  0.499E-02  0.302E-02  0.453E-02  0.483E-02  0.580E-02
  2003  0.100E-02  0.976E-02  0.880E-02  0.698E-02  0.809E-02  0.360E-02  0.891E-02  0.600E-02  0.742E-02  0.890E-02
  2004  0.389E-02  0.126E-01  0.115E-01  0.631E-02  0.379E-02  0.634E-02  0.589E-02  0.646E-02  0.988E-02  0.119E-01
  2005  0.287E-01  0.203E-01  0.109E-01  0.658E-02  0.695E-02  0.766E-02  0.702E-02  0.406E-02  0.172E-01  0.207E-01
  2006  0.314E-01  0.311E-01  0.266E-01  0.576E-02  0.180E-02  0.114E-01  0.595E-02  0.616E-02  0.159E-01  0.191E-01
  2007  0.257E-03  0.247E-01  0.131E-01  0.305E-01  0.118E-01  0.501E-02  0.128E-01  0.104E-01  0.220E-01  0.265E-01
  2008  0.337E-03  0.164E-01  0.159E-01  0.329E-01  0.210E-01  0.745E-02  0.498E-02  0.161E-01  0.183E-01  0.183E-01
  2009  0.148E-02  0.151E-01  0.734E-02  0.303E-01  0.195E-01  0.202E-01  0.126E-01  0.628E-02  0.143E-01  0.143E-01
  2010  0.177E-02  0.416E-01  0.135E-01  0.155E-01  0.218E-01  0.216E-01  0.142E-01  0.604E-02  0.503E-02  0.503E-02
  2011  0.487E-03  0.300E-01  0.107E-01  0.206E-01  0.283E-01  0.187E-01  0.171E-01  0.550E-02  0.422E-02  0.422E-02
====================================================================================================================     


TABLE 1C. BIAS OF ABUNDANCE (BY AREA) OF BFTE test                                         
====================================================================================================================     
            1          2          3          4          5          6          7          8          9         10
--------------------------------------------------------------------------------------------------------------------     
  1950  0.302E+03  0.109E+03  0.141E+03  0.830E+02  0.482E+02  0.565E+02  0.365E+02  0.150E+02  0.996E+01  0.115E+02
  1951  0.239E+03  0.184E+03  0.847E+02  0.111E+03  0.653E+02  0.380E+02  0.464E+02  0.306E+02  0.132E+02  0.184E+02
  1952  0.449E+03  0.146E+03  0.145E+03  0.666E+02  0.871E+02  0.510E+02  0.317E+02  0.372E+02  0.257E+02  0.250E+02
  1953  0.401E+03  0.275E+03  0.115E+03  0.114E+03  0.524E+02  0.686E+02  0.406E+02  0.269E+02  0.320E+02  0.390E+02
  1954  0.491E+03  0.245E+03  0.216E+03  0.907E+02  0.895E+02  0.416E+02  0.571E+02  0.345E+02  0.229E+02  0.688E+02
  1955  0.290E+03  0.301E+03  0.193E+03  0.170E+03  0.714E+02  0.700E+02  0.347E+02  0.477E+02  0.292E+02  0.838E+02
  1956  0.141E+03  0.177E+03  0.237E+03  0.150E+03  0.134E+03  0.562E+02  0.577E+02  0.298E+02  0.418E+02  0.956E+02
  1957  0.837E+02  0.862E+02  0.140E+03  0.186E+03  0.118E+03  0.105E+03  0.464E+02  0.486E+02  0.253E+02  0.138E+03
  1958  0.155E+03  0.513E+02  0.658E+02  0.110E+03  0.146E+03  0.943E+02  0.871E+02  0.394E+02  0.409E+02  0.138E+03
  1959  0.135E+03  0.949E+02  0.394E+02  0.506E+02  0.870E+02  0.116E+03  0.779E+02  0.725E+02  0.342E+02  0.154E+03
  1960  0.118E+03  0.825E+02  0.753E+02  0.309E+02  0.392E+02  0.685E+02  0.949E+02  0.654E+02  0.625E+02  0.185E+03
  1961  0.163E+03  0.725E+02  0.650E+02  0.591E+02  0.239E+02  0.313E+02  0.566E+02  0.799E+02  0.567E+02  0.215E+03
  1962  0.363E+03  0.100E+03  0.569E+02  0.514E+02  0.464E+02  0.188E+02  0.255E+02  0.475E+02  0.687E+02  0.259E+03
  1963  0.565E+03  0.222E+03  0.782E+02  0.447E+02  0.405E+02  0.360E+02  0.152E+02  0.216E+02  0.408E+02  0.274E+03
  1964  0.503E+03  0.346E+03  0.175E+03  0.620E+02  0.349E+02  0.322E+02  0.295E+02  0.126E+02  0.187E+02  0.255E+03
  1965  0.953E+03  0.308E+03  0.273E+03  0.137E+03  0.493E+02  0.277E+02  0.264E+02  0.249E+02  0.110E+02  0.239E+03
  1966  0.646E+03  0.584E+03  0.242E+03  0.217E+03  0.107E+03  0.392E+02  0.227E+02  0.221E+02  0.216E+02  0.226E+03
  1967  0.228E+03  0.396E+03  0.454E+03  0.189E+03  0.171E+03  0.842E+02  0.322E+02  0.189E+02  0.192E+02  0.231E+03
  1968  0.202E+03  0.142E+03  0.312E+03  0.355E+03  0.149E+03  0.135E+03  0.687E+02  0.271E+02  0.164E+02  0.224E+03
  1969  0.186E+03  0.124E+03  0.113E+03  0.243E+03  0.279E+03  0.117E+03  0.110E+03  0.581E+02  0.233E+02  0.217E+03
  1970  0.131E+03  0.113E+03  0.957E+02  0.884E+02  0.190E+03  0.220E+03  0.959E+02  0.927E+02  0.500E+02  0.204E+03
  1971  0.487E+03  0.790E+02  0.889E+02  0.753E+02  0.700E+02  0.149E+03  0.180E+03  0.805E+02  0.798E+02  0.269E+03
  1972  0.341E+03  0.299E+03  0.629E+02  0.708E+02  0.596E+02  0.546E+02  0.123E+03  0.151E+03  0.697E+02  0.368E+03
  1973  0.588E+03  0.209E+03  0.234E+03  0.493E+02  0.558E+02  0.466E+02  0.448E+02  0.103E+03  0.130E+03  0.309E+03
  1974  0.364E+03  0.360E+03  0.163E+03  0.184E+03  0.388E+02  0.439E+02  0.378E+02  0.378E+02  0.884E+02  0.442E+03
  1975  0.372E+03  0.223E+03  0.283E+03  0.128E+03  0.145E+03  0.308E+02  0.361E+02  0.317E+02  0.327E+02  0.396E+03
  1976  0.712E+03  0.230E+03  0.177E+03  0.224E+03  0.100E+03  0.115E+03  0.251E+02  0.305E+02  0.275E+02  0.372E+03
  1977  0.170E+03  0.436E+03  0.181E+03  0.140E+03  0.177E+03  0.786E+02  0.938E+02  0.212E+02  0.262E+02  0.341E+03
  1978  0.204E+03  0.105E+03  0.343E+03  0.142E+03  0.109E+03  0.139E+03  0.644E+02  0.788E+02  0.182E+02  0.343E+03
  1979  0.261E+03  0.127E+03  0.816E+02  0.270E+03  0.112E+03  0.859E+02  0.114E+03  0.540E+02  0.678E+02  0.370E+03
  1980  0.272E+03  0.160E+03  0.990E+02  0.651E+02  0.212E+03  0.883E+02  0.704E+02  0.958E+02  0.465E+02  0.416E+03
  1981  0.322E+03  0.168E+03  0.126E+03  0.771E+02  0.516E+02  0.166E+03  0.723E+02  0.591E+02  0.825E+02  0.419E+03
  1982  0.769E+03  0.194E+03  0.129E+03  0.981E+02  0.611E+02  0.408E+02  0.136E+03  0.607E+02  0.511E+02  0.401E+03
  1983  0.701E+03  0.473E+03  0.154E+03  0.101E+03  0.772E+02  0.476E+02  0.333E+02  0.114E+03  0.519E+02  0.361E+03
  1984  0.537E+03  0.419E+03  0.371E+03  0.122E+03  0.791E+02  0.609E+02  0.387E+02  0.282E+02  0.985E+02  0.387E+03
  1985  0.473E+03  0.327E+03  0.331E+03  0.290E+03  0.961E+02  0.622E+02  0.500E+02  0.324E+02  0.244E+02  0.384E+03
  1986  0.568E+03  0.293E+03  0.259E+03  0.258E+03  0.228E+03  0.754E+02  0.510E+02  0.419E+02  0.279E+02  0.400E+03
  1987  0.919E+03  0.352E+03  0.230E+03  0.203E+03  0.202E+03  0.180E+03  0.622E+02  0.425E+02  0.360E+02  0.381E+03
  1988  0.105E+04  0.562E+03  0.275E+03  0.181E+03  0.160E+03  0.158E+03  0.147E+03  0.521E+02  0.365E+02  0.388E+03
  1989  0.243E+04  0.643E+03  0.441E+03  0.216E+03  0.143E+03  0.125E+03  0.130E+03  0.124E+03  0.449E+02  0.388E+03
  1990  0.196E+04  0.149E+04  0.507E+03  0.346E+03  0.171E+03  0.112E+03  0.102E+03  0.109E+03  0.107E+03  0.383E+03
  1991  0.463E+04  0.120E+04  0.117E+04  0.400E+03  0.273E+03  0.134E+03  0.910E+02  0.863E+02  0.942E+02  0.459E+03
  1992  0.438E+04  0.283E+04  0.941E+03  0.924E+03  0.314E+03  0.214E+03  0.110E+03  0.763E+02  0.744E+02  0.482E+03
  1993  0.433E+04  0.268E+04  0.223E+04  0.740E+03  0.725E+03  0.247E+03  0.175E+03  0.929E+02  0.654E+02  0.515E+03
  1994  0.542E+04  0.265E+04  0.209E+04  0.175E+04  0.582E+03  0.570E+03  0.203E+03  0.146E+03  0.799E+02  0.510E+03
  1995  0.479E+04  0.332E+04  0.207E+04  0.165E+04  0.138E+04  0.457E+03  0.467E+03  0.170E+03  0.126E+03  0.531E+03
  1996  0.549E+04  0.293E+04  0.261E+04  0.163E+04  0.130E+04  0.108E+04  0.374E+03  0.392E+03  0.146E+03  0.591E+03
  1997  0.449E+04  0.336E+04  0.230E+04  0.205E+04  0.129E+04  0.102E+04  0.886E+03  0.314E+03  0.337E+03  0.663E+03
  1998  0.254E+05  0.275E+04  0.264E+04  0.180E+04  0.161E+04  0.101E+04  0.834E+03  0.744E+03  0.269E+03  0.892E+03
  1999  0.202E+05  0.156E+05  0.215E+04  0.207E+04  0.142E+04  0.127E+04  0.827E+03  0.700E+03  0.640E+03  0.105E+04
  2000  0.221E+05  0.124E+05  0.122E+05  0.169E+04  0.163E+04  0.111E+04  0.104E+04  0.694E+03  0.603E+03  0.151E+04
  2001  0.232E+05  0.135E+05  0.973E+04  0.962E+04  0.133E+04  0.128E+04  0.911E+03  0.871E+03  0.598E+03  0.189E+04
  2002  0.896E+05  0.142E+05  0.106E+05  0.765E+04  0.756E+04  0.104E+04  0.105E+04  0.764E+03  0.749E+03  0.224E+04
  2003  0.612E+05  0.549E+05  0.112E+05  0.832E+04  0.602E+04  0.595E+04  0.854E+03  0.879E+03  0.657E+03  0.269E+04
  2004 -0.147E+06  0.375E+05  0.432E+05  0.879E+04  0.654E+04  0.473E+04  0.487E+04  0.717E+03  0.757E+03  0.302E+04
  2005 -0.219E+05 -0.899E+05  0.295E+05  0.340E+05  0.691E+04  0.515E+04  0.387E+04  0.409E+04  0.617E+03  0.340E+04
  2006 -0.438E+06 -0.133E+05 -0.706E+05  0.232E+05  0.267E+05  0.544E+04  0.421E+04  0.325E+04  0.352E+04  0.362E+04
  2007 -0.312E+05 -0.268E+06 -0.105E+05 -0.554E+05  0.183E+05  0.210E+05  0.445E+04  0.354E+04  0.280E+04  0.639E+04
  2008  0.432E+06 -0.191E+05 -0.211E+06 -0.823E+04 -0.436E+05  0.144E+05  0.172E+05  0.374E+04  0.304E+04  0.825E+04
  2009  0.157E+06  0.265E+06 -0.150E+05 -0.166E+06 -0.646E+04 -0.343E+05  0.118E+05  0.144E+05  0.321E+04  0.102E+05
  2010  0.799E+05  0.964E+05  0.208E+06 -0.118E+05 -0.131E+06 -0.508E+04 -0.280E+05  0.987E+04  0.124E+05  0.120E+05
  2011  0.408E+05  0.489E+05  0.758E+05  0.164E+06 -0.931E+04 -0.103E+06 -0.416E+04 -0.235E+05  0.850E+04  0.219E+05
  2012             0.250E+05  0.385E+05  0.596E+05  0.129E+06 -0.731E+04 -0.840E+05 -0.349E+04 -0.203E+05  0.273E+05
====================================================================================================================     


TABLE 1D. STANDARD ERROR OF ABUNDANCE (BY AREA) OF BFTE test                                         
====================================================================================================================     
            1          2          3          4          5          6          7          8          9         10
--------------------------------------------------------------------------------------------------------------------     
  1950  0.114E+04  0.407E+03  0.590E+03  0.308E+03  0.193E+03  0.229E+03  0.129E+03  0.486E+02  0.303E+02  0.349E+02
  1951  0.994E+03  0.700E+03  0.319E+03  0.464E+03  0.242E+03  0.152E+03  0.188E+03  0.109E+03  0.419E+02  0.584E+02
  1952  0.166E+04  0.609E+03  0.551E+03  0.251E+03  0.365E+03  0.190E+03  0.125E+03  0.157E+03  0.930E+02  0.904E+02
  1953  0.156E+04  0.102E+04  0.479E+03  0.433E+03  0.197E+03  0.287E+03  0.155E+03  0.105E+03  0.135E+03  0.164E+03
  1954  0.179E+04  0.957E+03  0.801E+03  0.377E+03  0.341E+03  0.156E+03  0.235E+03  0.130E+03  0.899E+02  0.270E+03
  1955  0.114E+04  0.110E+04  0.753E+03  0.630E+03  0.297E+03  0.268E+03  0.127E+03  0.197E+03  0.112E+03  0.321E+03
  1956  0.581E+03  0.699E+03  0.862E+03  0.592E+03  0.496E+03  0.234E+03  0.219E+03  0.107E+03  0.170E+03  0.389E+03
  1957  0.353E+03  0.356E+03  0.550E+03  0.677E+03  0.466E+03  0.390E+03  0.191E+03  0.185E+03  0.919E+02  0.502E+03
  1958  0.691E+03  0.216E+03  0.279E+03  0.432E+03  0.533E+03  0.365E+03  0.320E+03  0.160E+03  0.159E+03  0.534E+03
  1959  0.587E+03  0.423E+03  0.170E+03  0.219E+03  0.341E+03  0.420E+03  0.299E+03  0.268E+03  0.138E+03  0.620E+03
  1960  0.507E+03  0.360E+03  0.333E+03  0.134E+03  0.172E+03  0.268E+03  0.344E+03  0.251E+03  0.231E+03  0.683E+03
  1961  0.719E+03  0.310E+03  0.283E+03  0.262E+03  0.105E+03  0.136E+03  0.220E+03  0.289E+03  0.216E+03  0.820E+03
  1962  0.165E+04  0.440E+03  0.244E+03  0.223E+03  0.206E+03  0.824E+02  0.111E+03  0.184E+03  0.249E+03  0.937E+03
  1963  0.224E+04  0.101E+04  0.346E+03  0.192E+03  0.175E+03  0.162E+03  0.674E+02  0.932E+02  0.159E+03  0.107E+04
  1964  0.169E+04  0.137E+04  0.794E+03  0.272E+03  0.151E+03  0.138E+03  0.133E+03  0.565E+02  0.802E+02  0.109E+04
  1965  0.401E+04  0.103E+04  0.108E+04  0.624E+03  0.214E+03  0.119E+03  0.113E+03  0.111E+03  0.487E+02  0.106E+04
  1966  0.243E+04  0.245E+04  0.814E+03  0.850E+03  0.491E+03  0.168E+03  0.973E+02  0.947E+02  0.958E+02  0.100E+04
  1967  0.109E+04  0.149E+04  0.193E+04  0.640E+03  0.669E+03  0.386E+03  0.138E+03  0.816E+02  0.815E+02  0.983E+03
  1968  0.956E+03  0.667E+03  0.117E+04  0.152E+04  0.503E+03  0.527E+03  0.316E+03  0.116E+03  0.703E+02  0.960E+03
  1969  0.961E+03  0.586E+03  0.525E+03  0.921E+03  0.120E+04  0.396E+03  0.431E+03  0.265E+03  0.996E+02  0.927E+03
  1970  0.650E+03  0.588E+03  0.460E+03  0.412E+03  0.724E+03  0.940E+03  0.324E+03  0.362E+03  0.229E+03  0.930E+03
  1971  0.213E+04  0.398E+03  0.463E+03  0.362E+03  0.324E+03  0.570E+03  0.770E+03  0.272E+03  0.311E+03  0.105E+04
  1972  0.138E+04  0.130E+04  0.313E+03  0.364E+03  0.284E+03  0.255E+03  0.467E+03  0.646E+03  0.234E+03  0.124E+04
  1973  0.246E+04  0.848E+03  0.102E+04  0.245E+03  0.286E+03  0.224E+03  0.209E+03  0.392E+03  0.556E+03  0.132E+04
  1974  0.173E+04  0.151E+04  0.667E+03  0.806E+03  0.193E+03  0.225E+03  0.183E+03  0.175E+03  0.338E+03  0.169E+04
  1975  0.198E+04  0.106E+04  0.118E+04  0.524E+03  0.634E+03  0.152E+03  0.184E+03  0.154E+03  0.151E+03  0.183E+04
  1976  0.362E+04  0.121E+04  0.832E+03  0.931E+03  0.412E+03  0.498E+03  0.124E+03  0.155E+03  0.132E+03  0.179E+04
  1977  0.102E+04  0.222E+04  0.952E+03  0.652E+03  0.733E+03  0.324E+03  0.408E+03  0.104E+03  0.133E+03  0.173E+04
  1978  0.108E+04  0.628E+03  0.174E+04  0.748E+03  0.512E+03  0.576E+03  0.266E+03  0.342E+03  0.898E+02  0.169E+04
  1979  0.141E+04  0.660E+03  0.492E+03  0.137E+04  0.589E+03  0.403E+03  0.472E+03  0.223E+03  0.295E+03  0.161E+04
  1980  0.140E+04  0.864E+03  0.519E+03  0.387E+03  0.108E+04  0.463E+03  0.330E+03  0.396E+03  0.192E+03  0.172E+04
  1981  0.169E+04  0.855E+03  0.679E+03  0.407E+03  0.304E+03  0.847E+03  0.379E+03  0.277E+03  0.341E+03  0.173E+04
  1982  0.408E+04  0.103E+04  0.669E+03  0.533E+03  0.320E+03  0.239E+03  0.693E+03  0.319E+03  0.238E+03  0.187E+04
  1983  0.347E+04  0.249E+04  0.809E+03  0.524E+03  0.419E+03  0.252E+03  0.196E+03  0.582E+03  0.274E+03  0.191E+04
  1984  0.283E+04  0.212E+04  0.196E+04  0.635E+03  0.412E+03  0.330E+03  0.206E+03  0.164E+03  0.501E+03  0.197E+04
  1985  0.242E+04  0.173E+04  0.166E+04  0.154E+04  0.500E+03  0.324E+03  0.270E+03  0.173E+03  0.141E+03  0.222E+04
  1986  0.305E+04  0.148E+04  0.136E+04  0.130E+04  0.121E+04  0.393E+03  0.265E+03  0.226E+03  0.149E+03  0.213E+04
  1987  0.477E+04  0.186E+04  0.116E+04  0.107E+04  0.103E+04  0.952E+03  0.322E+03  0.223E+03  0.195E+03  0.206E+04
  1988  0.559E+04  0.292E+04  0.146E+04  0.913E+03  0.838E+03  0.806E+03  0.779E+03  0.270E+03  0.192E+03  0.204E+04
  1989  0.128E+05  0.341E+04  0.229E+04  0.115E+04  0.718E+03  0.659E+03  0.660E+03  0.654E+03  0.232E+03  0.201E+04
  1990  0.103E+05  0.785E+04  0.267E+04  0.180E+04  0.901E+03  0.564E+03  0.540E+03  0.554E+03  0.563E+03  0.202E+04
  1991  0.244E+05  0.633E+04  0.617E+04  0.210E+04  0.142E+04  0.708E+03  0.462E+03  0.453E+03  0.477E+03  0.233E+04
  1992  0.230E+05  0.149E+05  0.497E+04  0.485E+04  0.165E+04  0.112E+04  0.580E+03  0.388E+03  0.390E+03  0.253E+04
  1993  0.229E+05  0.141E+05  0.117E+05  0.390E+04  0.381E+04  0.130E+04  0.913E+03  0.487E+03  0.334E+03  0.263E+04
  1994  0.286E+05  0.140E+05  0.110E+05  0.921E+04  0.307E+04  0.300E+04  0.106E+04  0.767E+03  0.419E+03  0.267E+04
  1995  0.252E+05  0.175E+05  0.110E+05  0.868E+04  0.724E+04  0.241E+04  0.246E+04  0.891E+03  0.659E+03  0.279E+04
  1996  0.290E+05  0.154E+05  0.138E+05  0.866E+04  0.683E+04  0.569E+04  0.197E+04  0.206E+04  0.767E+03  0.310E+04
  1997  0.236E+05  0.177E+05  0.121E+05  0.108E+05  0.680E+04  0.537E+04  0.466E+04  0.166E+04  0.177E+04  0.348E+04
  1998  0.134E+06  0.145E+05  0.139E+05  0.949E+04  0.850E+04  0.535E+04  0.440E+04  0.391E+04  0.142E+04  0.471E+04
  1999  0.106E+06  0.819E+05  0.113E+05  0.109E+05  0.745E+04  0.668E+04  0.437E+04  0.369E+04  0.337E+04  0.552E+04
  2000  0.116E+06  0.652E+05  0.644E+05  0.888E+04  0.858E+04  0.586E+04  0.547E+04  0.367E+04  0.318E+04  0.796E+04
  2001  0.122E+06  0.709E+05  0.512E+05  0.506E+05  0.698E+04  0.674E+04  0.480E+04  0.459E+04  0.316E+04  0.100E+05
  2002  0.471E+06  0.749E+05  0.556E+05  0.402E+05  0.398E+05  0.549E+04  0.552E+04  0.402E+04  0.395E+04  0.118E+05
  2003  0.322E+06  0.289E+06  0.587E+05  0.437E+05  0.316E+05  0.313E+05  0.449E+04  0.463E+04  0.346E+04  0.142E+05
  2004  0.236E+06  0.197E+06  0.227E+06  0.461E+05  0.343E+05  0.249E+05  0.256E+05  0.377E+04  0.399E+04  0.159E+05
  2005  0.346E+06  0.145E+06  0.155E+06  0.178E+06  0.363E+05  0.270E+05  0.204E+05  0.215E+05  0.324E+04  0.179E+05
  2006  0.611E+06  0.212E+06  0.114E+06  0.122E+06  0.140E+06  0.285E+05  0.221E+05  0.171E+05  0.185E+05  0.190E+05
  2007  0.117E+07  0.374E+06  0.167E+06  0.893E+05  0.960E+05  0.110E+06  0.234E+05  0.186E+05  0.147E+05  0.336E+05
  2008  0.148E+07  0.714E+06  0.294E+06  0.131E+06  0.702E+05  0.755E+05  0.904E+05  0.196E+05  0.160E+05  0.433E+05
  2009  0.122E+07  0.905E+06  0.561E+06  0.231E+06  0.103E+06  0.552E+05  0.618E+05  0.759E+05  0.169E+05  0.533E+05
  2010  0.421E+06  0.750E+06  0.712E+06  0.442E+06  0.182E+06  0.811E+05  0.452E+05  0.519E+05  0.653E+05  0.631E+05
  2011  0.176E+06  0.258E+06  0.590E+06  0.560E+06  0.347E+06  0.143E+06  0.664E+05  0.379E+05  0.446E+05  0.115E+06
  2012             0.108E+06  0.203E+06  0.464E+06  0.440E+06  0.273E+06  0.117E+06  0.557E+05  0.326E+05  0.143E+06
====================================================================================================================     


TABLE 1E. PARAMETER ESTIMATES FOR BFTE test                                         
==================================================================
 
 TERMINAL AGE STRUCTURE OF POPULATION ABUNDANCE
                  Average of               Std.              
  Age      MLE    bootstraps    Bias       Error   % CV      
  ---  ---------- ---------- ---------- ---------- -----     
    2   0.201E+05  0.544E+05  0.250E+05  0.108E+06 198.0
    3   0.449E+05  0.111E+06  0.385E+05  0.203E+06 183.4
    4   0.146E+06  0.301E+06  0.596E+05  0.464E+06 153.9
    5   0.367E+06  0.455E+06  0.129E+06  0.440E+06  96.7
    6   0.542E+06  0.528E+06 -0.731E+04  0.273E+06  51.7
    7   0.309E+06  0.288E+06 -0.840E+05  0.117E+06  40.7
    8   0.196E+06  0.176E+06 -0.349E+04  0.557E+05  31.6
    9   0.178E+06  0.157E+06 -0.203E+05  0.326E+05  20.8
   10   0.854E+06  0.881E+06  0.273E+05  0.143E+06  16.3
 
 TERMINAL AGE STRUCTURE OF FISHING MORTALITY RATE
                  Average of               Std.              
  Age      MLE    bootstraps    Bias       Error   % CV      
  ---  ---------- ---------- ---------- ---------- -----     
    1   0.808E-03  0.854E-03  0.301E-03  0.487E-03  57.0
    2   0.514E-01  0.538E-01  0.216E-01  0.300E-01  55.7
    3   0.199E-01  0.206E-01  0.846E-02  0.107E-01  52.2
    4   0.385E-01  0.450E-01  0.177E-02  0.206E-01  45.9
    5   0.625E-01  0.752E-01  0.120E-01  0.283E-01  37.6
    6   0.425E-01  0.518E-01  0.164E-01  0.187E-01  36.2
    7   0.473E-01  0.572E-01  0.578E-02  0.171E-01  29.8
    8   0.225E-01  0.265E-01  0.395E-02  0.550E-02  20.8
    9   0.264E-01  0.263E-01 -0.148E-03  0.422E-02  16.1
   10   0.264E-01  0.263E-01 -0.148E-03  0.422E-02  16.1
 
 RATIO OF FISHING MORTALITY RATE ON LAST TWO AGES (F-RATIO)
                  Average of               Std.              
 Year      MLE    bootstraps    Bias       Error   % CV      
 ----  ---------- ---------- ---------- ---------- -----     
 1950   0.700E+00  0.700E+00  0.000E+00  0.241E-07   0.0
 1951   0.700E+00  0.700E+00  0.000E+00  0.222E-07   0.0
 1952   0.700E+00  0.700E+00  0.000E+00  0.253E-07   0.0
 1953   0.700E+00  0.700E+00  0.000E+00  0.328E-07   0.0
 1954   0.700E+00  0.700E+00  0.000E+00  0.250E-07   0.0
 1955   0.700E+00  0.700E+00  0.000E+00  0.217E-07   0.0
 1956   0.700E+00  0.700E+00  0.000E+00  0.238E-07   0.0
 1957   0.700E+00  0.700E+00  0.000E+00  0.186E-07   0.0
 1958   0.700E+00  0.700E+00  0.000E+00  0.284E-07   0.0
 1959   0.700E+00  0.700E+00  0.000E+00  0.252E-07   0.0
 1960   0.700E+00  0.700E+00  0.000E+00  0.220E-07   0.0
 1961   0.700E+00  0.700E+00  0.000E+00  0.287E-07   0.0
 1962   0.700E+00  0.700E+00  0.000E+00  0.248E-07   0.0
 1963   0.700E+00  0.700E+00  0.000E+00  0.252E-07   0.0
 1964   0.700E+00  0.700E+00  0.000E+00  0.262E-07   0.0
 1965   0.700E+00  0.700E+00  0.000E+00  0.229E-07   0.0
 1966   0.700E+00  0.700E+00  0.000E+00  0.294E-07   0.0
 1967   0.700E+00  0.700E+00  0.000E+00  0.205E-07   0.0
 1968   0.700E+00  0.700E+00  0.000E+00  0.282E-07   0.0
 1969   0.700E+00  0.700E+00  0.000E+00  0.279E-07   0.0
 1970   0.100E+01  0.100E+01  0.000E+00  0.000E+00   0.0
 1971   0.100E+01  0.100E+01  0.000E+00  0.000E+00   0.0
 1972   0.100E+01  0.100E+01  0.000E+00  0.000E+00   0.0
 1973   0.100E+01  0.100E+01  0.000E+00  0.000E+00   0.0
 1974   0.100E+01  0.100E+01  0.000E+00  0.000E+00   0.0
 1975   0.100E+01  0.100E+01  0.000E+00  0.000E+00   0.0
 1976   0.100E+01  0.100E+01  0.000E+00  0.000E+00   0.0
 1977   0.100E+01  0.100E+01  0.000E+00  0.000E+00   0.0
 1978   0.100E+01  0.100E+01  0.000E+00  0.000E+00   0.0
 1979   0.100E+01  0.100E+01  0.000E+00  0.000E+00   0.0
 1980   0.100E+01  0.100E+01  0.000E+00  0.000E+00   0.0
 1981   0.100E+01  0.100E+01  0.000E+00  0.000E+00   0.0
 1982   0.100E+01  0.100E+01  0.000E+00  0.000E+00   0.0
 1983   0.100E+01  0.100E+01  0.000E+00  0.000E+00   0.0
 1984   0.100E+01  0.100E+01  0.000E+00  0.000E+00   0.0
 1985   0.600E+00  0.600E+00  0.000E+00  0.222E-07   0.0
 1986   0.600E+00  0.600E+00  0.000E+00  0.241E-07   0.0
 1987   0.600E+00  0.600E+00  0.000E+00  0.253E-07   0.0
 1988   0.600E+00  0.600E+00  0.000E+00  0.163E-07   0.0
 1989   0.600E+00  0.600E+00  0.000E+00  0.215E-07   0.0
 1990   0.600E+00  0.600E+00  0.000E+00  0.176E-07   0.0
 1991   0.600E+00  0.600E+00  0.000E+00  0.242E-07   0.0
 1992   0.600E+00  0.600E+00  0.000E+00  0.216E-07   0.0
 1993   0.600E+00  0.600E+00  0.000E+00  0.227E-07   0.0
 1994   0.600E+00  0.600E+00  0.000E+00  0.193E-07   0.0
 1995   0.120E+01  0.120E+01  0.000E+00  0.334E-07   0.0
 1996   0.120E+01  0.120E+01  0.000E+00  0.403E-07   0.0
 1997   0.120E+01  0.120E+01  0.000E+00  0.418E-07   0.0
 1998   0.120E+01  0.120E+01  0.000E+00  0.411E-07   0.0
 1999   0.120E+01  0.120E+01  0.000E+00  0.391E-07   0.0
 2000   0.120E+01  0.120E+01  0.000E+00  0.426E-07   0.0
 2001   0.120E+01  0.120E+01  0.000E+00  0.410E-07   0.0
 2002   0.120E+01  0.120E+01  0.000E+00  0.475E-07   0.0
 2003   0.120E+01  0.120E+01  0.000E+00  0.365E-07   0.0
 2004   0.120E+01  0.120E+01  0.000E+00  0.382E-07   0.0
 2005   0.120E+01  0.120E+01  0.000E+00  0.492E-07   0.0
 2006   0.120E+01  0.120E+01  0.000E+00  0.392E-07   0.0
 2007   0.120E+01  0.120E+01  0.000E+00  0.411E-07   0.0
 2008   0.100E+01  0.100E+01  0.000E+00  0.000E+00   0.0
 2009   0.100E+01  0.100E+01  0.000E+00  0.000E+00   0.0
 2010   0.100E+01  0.100E+01  0.000E+00  0.000E+00   0.0
 2011   0.100E+01  0.100E+01  0.000E+00  0.000E+00   0.0
 
 NATURAL MORTALITY RATE
                  Average of               Std.              
  Age      MLE    bootstraps    Bias       Error   % CV      
  ---  ---------- ---------- ---------- ---------- -----     
    1   0.490E+00  0.490E+00  0.000E+00  0.000E+00   0.0
    2   0.240E+00  0.240E+00  0.000E+00  0.000E+00   0.0
    3   0.240E+00  0.240E+00  0.000E+00  0.000E+00   0.0
    4   0.240E+00  0.240E+00  0.000E+00  0.000E+00   0.0
    5   0.240E+00  0.240E+00  0.000E+00  0.000E+00   0.0
    6   0.200E+00  0.200E+00  0.000E+00  0.000E+00   0.0
    7   0.175E+00  0.175E+00  0.000E+00  0.000E+00   0.0
    8   0.150E+00  0.150E+00  0.000E+00  0.000E+00   0.0
    9   0.125E+00  0.125E+00  0.000E+00  0.000E+00   0.0
   10   0.100E+00  0.100E+00  0.000E+00  0.000E+00   0.0
 
 TRANSFER COEFFICIENTS
                  Average of               Std.              
  Age      MLE    bootstraps    Bias       Error   % CV      
  ---  ---------- ---------- ---------- ---------- -----     
    1   0.000E+00  0.000E+00  0.000E+00  0.000E+00   0.0
    2   0.000E+00  0.000E+00  0.000E+00  0.000E+00   0.0
    3   0.000E+00  0.000E+00  0.000E+00  0.000E+00   0.0
    4   0.000E+00  0.000E+00  0.000E+00  0.000E+00   0.0
    5   0.000E+00  0.000E+00  0.000E+00  0.000E+00   0.0
    6   0.000E+00  0.000E+00  0.000E+00  0.000E+00   0.0
    7   0.000E+00  0.000E+00  0.000E+00  0.000E+00   0.0
    8   0.000E+00  0.000E+00  0.000E+00  0.000E+00   0.0
    9   0.000E+00  0.000E+00  0.000E+00  0.000E+00   0.0
   10   0.000E+00  0.000E+00  0.000E+00  0.000E+00   0.0
 
 
 VARIANCE SCALING PARAMETERS
                  Average of               Std.              
 Index     MLE    bootstraps    Bias       Error   % CV      
 ----- ---------- ---------- ---------- ---------- -----     
    1   0.678E+00  0.668E+00 -0.101E-01  0.580E-01   8.7
    2   0.678E+00  0.668E+00 -0.101E-01  0.580E-01   8.7
    3   0.678E+00  0.668E+00 -0.101E-01  0.580E-01   8.7
    4   0.678E+00  0.668E+00 -0.101E-01  0.580E-01   8.7
    5   0.678E+00  0.668E+00 -0.101E-01  0.580E-01   8.7
    6   0.678E+00  0.668E+00 -0.101E-01  0.580E-01   8.7
    7   0.678E+00  0.668E+00 -0.101E-01  0.580E-01   8.7
 
 CATCHABILITY COEFFICIENTS
                         Average of               Std.           
 Index  Year      MLE    bootstraps    Bias       Error   % CV   
 -----  ----  ---------- ---------- ---------- ---------- -----  
    1   1950   0.150E-05  0.151E-05 -0.173E-06  0.150E-06  10.0
    1   1951   0.150E-05  0.151E-05 -0.173E-06  0.150E-06  10.0
    1   1952   0.150E-05  0.151E-05 -0.173E-06  0.150E-06  10.0
    1   1953   0.150E-05  0.151E-05 -0.173E-06  0.150E-06  10.0
    1   1954   0.150E-05  0.151E-05 -0.173E-06  0.150E-06  10.0
    1   1955   0.150E-05  0.151E-05 -0.173E-06  0.150E-06  10.0
    1   1956   0.150E-05  0.151E-05 -0.173E-06  0.150E-06  10.0
    1   1957   0.150E-05  0.151E-05 -0.173E-06  0.150E-06  10.0
    1   1958   0.150E-05  0.151E-05 -0.173E-06  0.150E-06  10.0
    1   1959   0.150E-05  0.151E-05 -0.173E-06  0.150E-06  10.0
    1   1960   0.150E-05  0.151E-05 -0.173E-06  0.150E-06  10.0
    1   1961   0.150E-05  0.151E-05 -0.173E-06  0.150E-06  10.0
    1   1962   0.150E-05  0.151E-05 -0.173E-06  0.150E-06  10.0
    1   1963   0.150E-05  0.151E-05 -0.173E-06  0.150E-06  10.0
    1   1964   0.150E-05  0.151E-05 -0.173E-06  0.150E-06  10.0
    1   1965   0.150E-05  0.151E-05 -0.173E-06  0.150E-06  10.0
    1   1966   0.150E-05  0.151E-05 -0.173E-06  0.150E-06  10.0
    1   1967   0.150E-05  0.151E-05 -0.173E-06  0.150E-06  10.0
    1   1968   0.150E-05  0.151E-05 -0.173E-06  0.150E-06  10.0
    1   1969   0.150E-05  0.151E-05 -0.173E-06  0.150E-06  10.0
    1   1970   0.150E-05  0.151E-05 -0.173E-06  0.150E-06  10.0
    1   1971   0.150E-05  0.151E-05 -0.173E-06  0.150E-06  10.0
    1   1972   0.150E-05  0.151E-05 -0.173E-06  0.150E-06  10.0
    1   1973   0.150E-05  0.151E-05 -0.173E-06  0.150E-06  10.0
    1   1974   0.150E-05  0.151E-05 -0.173E-06  0.150E-06  10.0
    1   1975   0.150E-05  0.151E-05 -0.173E-06  0.150E-06  10.0
    1   1976   0.150E-05  0.151E-05 -0.173E-06  0.150E-06  10.0
    1   1977   0.150E-05  0.151E-05 -0.173E-06  0.150E-06  10.0
    1   1978   0.150E-05  0.151E-05 -0.173E-06  0.150E-06  10.0
    1   1979   0.150E-05  0.151E-05 -0.173E-06  0.150E-06  10.0
    1   1980   0.150E-05  0.151E-05 -0.173E-06  0.150E-06  10.0
    1   1981   0.150E-05  0.151E-05 -0.173E-06  0.150E-06  10.0
    1   1982   0.150E-05  0.151E-05 -0.173E-06  0.150E-06  10.0
    1   1983   0.150E-05  0.151E-05 -0.173E-06  0.150E-06  10.0
    1   1984   0.150E-05  0.151E-05 -0.173E-06  0.150E-06  10.0
    1   1985   0.150E-05  0.151E-05 -0.173E-06  0.150E-06  10.0
    1   1986   0.150E-05  0.151E-05 -0.173E-06  0.150E-06  10.0
    1   1987   0.150E-05  0.151E-05 -0.173E-06  0.150E-06  10.0
    1   1988   0.150E-05  0.151E-05 -0.173E-06  0.150E-06  10.0
    1   1989   0.150E-05  0.151E-05 -0.173E-06  0.150E-06  10.0
    1   1990   0.150E-05  0.151E-05 -0.173E-06  0.150E-06  10.0
    1   1991   0.150E-05  0.151E-05 -0.173E-06  0.150E-06  10.0
    1   1992   0.150E-05  0.151E-05 -0.173E-06  0.150E-06  10.0
    1   1993   0.150E-05  0.151E-05 -0.173E-06  0.150E-06  10.0
    1   1994   0.150E-05  0.151E-05 -0.173E-06  0.150E-06  10.0
    1   1995   0.150E-05  0.151E-05 -0.173E-06  0.150E-06  10.0
    1   1996   0.150E-05  0.151E-05 -0.173E-06  0.150E-06  10.0
    1   1997   0.150E-05  0.151E-05 -0.173E-06  0.150E-06  10.0
    1   1998   0.150E-05  0.151E-05 -0.173E-06  0.150E-06  10.0
    1   1999   0.150E-05  0.151E-05 -0.173E-06  0.150E-06  10.0
    1   2000   0.150E-05  0.151E-05 -0.173E-06  0.150E-06  10.0
    1   2001   0.150E-05  0.151E-05 -0.173E-06  0.150E-06  10.0
    1   2002   0.150E-05  0.151E-05 -0.173E-06  0.150E-06  10.0
    1   2003   0.150E-05  0.151E-05 -0.173E-06  0.150E-06  10.0
    1   2004   0.150E-05  0.151E-05 -0.173E-06  0.150E-06  10.0
    1   2005   0.150E-05  0.151E-05 -0.173E-06  0.150E-06  10.0
    1   2006   0.150E-05  0.151E-05 -0.173E-06  0.150E-06  10.0
    1   2007   0.150E-05  0.151E-05 -0.173E-06  0.150E-06  10.0
    1   2008   0.150E-05  0.151E-05 -0.173E-06  0.150E-06  10.0
    1   2009   0.150E-05  0.151E-05 -0.173E-06  0.150E-06  10.0
    1   2010   0.150E-05  0.151E-05 -0.173E-06  0.150E-06  10.0
    1   2011   0.150E-05  0.151E-05 -0.173E-06  0.150E-06  10.0
    2   1950   0.134E-05  0.134E-05 -0.107E-06  0.952E-07   7.1
    2   1951   0.134E-05  0.134E-05 -0.107E-06  0.952E-07   7.1
    2   1952   0.134E-05  0.134E-05 -0.107E-06  0.952E-07   7.1
    2   1953   0.134E-05  0.134E-05 -0.107E-06  0.952E-07   7.1
    2   1954   0.134E-05  0.134E-05 -0.107E-06  0.952E-07   7.1
    2   1955   0.134E-05  0.134E-05 -0.107E-06  0.952E-07   7.1
    2   1956   0.134E-05  0.134E-05 -0.107E-06  0.952E-07   7.1
    2   1957   0.134E-05  0.134E-05 -0.107E-06  0.952E-07   7.1
    2   1958   0.134E-05  0.134E-05 -0.107E-06  0.952E-07   7.1
    2   1959   0.134E-05  0.134E-05 -0.107E-06  0.952E-07   7.1
    2   1960   0.134E-05  0.134E-05 -0.107E-06  0.952E-07   7.1
    2   1961   0.134E-05  0.134E-05 -0.107E-06  0.952E-07   7.1
    2   1962   0.134E-05  0.134E-05 -0.107E-06  0.952E-07   7.1
    2   1963   0.134E-05  0.134E-05 -0.107E-06  0.952E-07   7.1
    2   1964   0.134E-05  0.134E-05 -0.107E-06  0.952E-07   7.1
    2   1965   0.134E-05  0.134E-05 -0.107E-06  0.952E-07   7.1
    2   1966   0.134E-05  0.134E-05 -0.107E-06  0.952E-07   7.1
    2   1967   0.134E-05  0.134E-05 -0.107E-06  0.952E-07   7.1
    2   1968   0.134E-05  0.134E-05 -0.107E-06  0.952E-07   7.1
    2   1969   0.134E-05  0.134E-05 -0.107E-06  0.952E-07   7.1
    2   1970   0.134E-05  0.134E-05 -0.107E-06  0.952E-07   7.1
    2   1971   0.134E-05  0.134E-05 -0.107E-06  0.952E-07   7.1
    2   1972   0.134E-05  0.134E-05 -0.107E-06  0.952E-07   7.1
    2   1973   0.134E-05  0.134E-05 -0.107E-06  0.952E-07   7.1
    2   1974   0.134E-05  0.134E-05 -0.107E-06  0.952E-07   7.1
    2   1975   0.134E-05  0.134E-05 -0.107E-06  0.952E-07   7.1
    2   1976   0.134E-05  0.134E-05 -0.107E-06  0.952E-07   7.1
    2   1977   0.134E-05  0.134E-05 -0.107E-06  0.952E-07   7.1
    2   1978   0.134E-05  0.134E-05 -0.107E-06  0.952E-07   7.1
    2   1979   0.134E-05  0.134E-05 -0.107E-06  0.952E-07   7.1
    2   1980   0.134E-05  0.134E-05 -0.107E-06  0.952E-07   7.1
    2   1981   0.134E-05  0.134E-05 -0.107E-06  0.952E-07   7.1
    2   1982   0.134E-05  0.134E-05 -0.107E-06  0.952E-07   7.1
    2   1983   0.134E-05  0.134E-05 -0.107E-06  0.952E-07   7.1
    2   1984   0.134E-05  0.134E-05 -0.107E-06  0.952E-07   7.1
    2   1985   0.134E-05  0.134E-05 -0.107E-06  0.952E-07   7.1
    2   1986   0.134E-05  0.134E-05 -0.107E-06  0.952E-07   7.1
    2   1987   0.134E-05  0.134E-05 -0.107E-06  0.952E-07   7.1
    2   1988   0.134E-05  0.134E-05 -0.107E-06  0.952E-07   7.1
    2   1989   0.134E-05  0.134E-05 -0.107E-06  0.952E-07   7.1
    2   1990   0.134E-05  0.134E-05 -0.107E-06  0.952E-07   7.1
    2   1991   0.134E-05  0.134E-05 -0.107E-06  0.952E-07   7.1
    2   1992   0.134E-05  0.134E-05 -0.107E-06  0.952E-07   7.1
    2   1993   0.134E-05  0.134E-05 -0.107E-06  0.952E-07   7.1
    2   1994   0.134E-05  0.134E-05 -0.107E-06  0.952E-07   7.1
    2   1995   0.134E-05  0.134E-05 -0.107E-06  0.952E-07   7.1
    2   1996   0.134E-05  0.134E-05 -0.107E-06  0.952E-07   7.1
    2   1997   0.134E-05  0.134E-05 -0.107E-06  0.952E-07   7.1
    2   1998   0.134E-05  0.134E-05 -0.107E-06  0.952E-07   7.1
    2   1999   0.134E-05  0.134E-05 -0.107E-06  0.952E-07   7.1
    2   2000   0.134E-05  0.134E-05 -0.107E-06  0.952E-07   7.1
    2   2001   0.134E-05  0.134E-05 -0.107E-06  0.952E-07   7.1
    2   2002   0.134E-05  0.134E-05 -0.107E-06  0.952E-07   7.1
    2   2003   0.134E-05  0.134E-05 -0.107E-06  0.952E-07   7.1
    2   2004   0.134E-05  0.134E-05 -0.107E-06  0.952E-07   7.1
    2   2005   0.134E-05  0.134E-05 -0.107E-06  0.952E-07   7.1
    2   2006   0.134E-05  0.134E-05 -0.107E-06  0.952E-07   7.1
    2   2007   0.134E-05  0.134E-05 -0.107E-06  0.952E-07   7.1
    2   2008   0.134E-05  0.134E-05 -0.107E-06  0.952E-07   7.1
    2   2009   0.134E-05  0.134E-05 -0.107E-06  0.952E-07   7.1
    2   2010   0.134E-05  0.134E-05 -0.107E-06  0.952E-07   7.1
    2   2011   0.134E-05  0.134E-05 -0.107E-06  0.952E-07   7.1
    3   1950   0.578E-08  0.593E-08 -0.135E-08  0.994E-09  16.7
    3   1951   0.578E-08  0.593E-08 -0.135E-08  0.994E-09  16.7
    3   1952   0.578E-08  0.593E-08 -0.135E-08  0.994E-09  16.7
    3   1953   0.578E-08  0.593E-08 -0.135E-08  0.994E-09  16.7
    3   1954   0.578E-08  0.593E-08 -0.135E-08  0.994E-09  16.7
    3   1955   0.578E-08  0.593E-08 -0.135E-08  0.994E-09  16.7
    3   1956   0.578E-08  0.593E-08 -0.135E-08  0.994E-09  16.7
    3   1957   0.578E-08  0.593E-08 -0.135E-08  0.994E-09  16.7
    3   1958   0.578E-08  0.593E-08 -0.135E-08  0.994E-09  16.7
    3   1959   0.578E-08  0.593E-08 -0.135E-08  0.994E-09  16.7
    3   1960   0.578E-08  0.593E-08 -0.135E-08  0.994E-09  16.7
    3   1961   0.578E-08  0.593E-08 -0.135E-08  0.994E-09  16.7
    3   1962   0.578E-08  0.593E-08 -0.135E-08  0.994E-09  16.7
    3   1963   0.578E-08  0.593E-08 -0.135E-08  0.994E-09  16.7
    3   1964   0.578E-08  0.593E-08 -0.135E-08  0.994E-09  16.7
    3   1965   0.578E-08  0.593E-08 -0.135E-08  0.994E-09  16.7
    3   1966   0.578E-08  0.593E-08 -0.135E-08  0.994E-09  16.7
    3   1967   0.578E-08  0.593E-08 -0.135E-08  0.994E-09  16.7
    3   1968   0.578E-08  0.593E-08 -0.135E-08  0.994E-09  16.7
    3   1969   0.578E-08  0.593E-08 -0.135E-08  0.994E-09  16.7
    3   1970   0.578E-08  0.593E-08 -0.135E-08  0.994E-09  16.7
    3   1971   0.578E-08  0.593E-08 -0.135E-08  0.994E-09  16.7
    3   1972   0.578E-08  0.593E-08 -0.135E-08  0.994E-09  16.7
    3   1973   0.578E-08  0.593E-08 -0.135E-08  0.994E-09  16.7
    3   1974   0.578E-08  0.593E-08 -0.135E-08  0.994E-09  16.7
    3   1975   0.578E-08  0.593E-08 -0.135E-08  0.994E-09  16.7
    3   1976   0.578E-08  0.593E-08 -0.135E-08  0.994E-09  16.7
    3   1977   0.578E-08  0.593E-08 -0.135E-08  0.994E-09  16.7
    3   1978   0.578E-08  0.593E-08 -0.135E-08  0.994E-09  16.7
    3   1979   0.578E-08  0.593E-08 -0.135E-08  0.994E-09  16.7
    3   1980   0.578E-08  0.593E-08 -0.135E-08  0.994E-09  16.7
    3   1981   0.578E-08  0.593E-08 -0.135E-08  0.994E-09  16.7
    3   1982   0.578E-08  0.593E-08 -0.135E-08  0.994E-09  16.7
    3   1983   0.578E-08  0.593E-08 -0.135E-08  0.994E-09  16.7
    3   1984   0.578E-08  0.593E-08 -0.135E-08  0.994E-09  16.7
    3   1985   0.578E-08  0.593E-08 -0.135E-08  0.994E-09  16.7
    3   1986   0.578E-08  0.593E-08 -0.135E-08  0.994E-09  16.7
    3   1987   0.578E-08  0.593E-08 -0.135E-08  0.994E-09  16.7
    3   1988   0.578E-08  0.593E-08 -0.135E-08  0.994E-09  16.7
    3   1989   0.578E-08  0.593E-08 -0.135E-08  0.994E-09  16.7
    3   1990   0.578E-08  0.593E-08 -0.135E-08  0.994E-09  16.7
    3   1991   0.578E-08  0.593E-08 -0.135E-08  0.994E-09  16.7
    3   1992   0.578E-08  0.593E-08 -0.135E-08  0.994E-09  16.7
    3   1993   0.578E-08  0.593E-08 -0.135E-08  0.994E-09  16.7
    3   1994   0.578E-08  0.593E-08 -0.135E-08  0.994E-09  16.7
    3   1995   0.578E-08  0.593E-08 -0.135E-08  0.994E-09  16.7
    3   1996   0.578E-08  0.593E-08 -0.135E-08  0.994E-09  16.7
    3   1997   0.578E-08  0.593E-08 -0.135E-08  0.994E-09  16.7
    3   1998   0.578E-08  0.593E-08 -0.135E-08  0.994E-09  16.7
    3   1999   0.578E-08  0.593E-08 -0.135E-08  0.994E-09  16.7
    3   2000   0.578E-08  0.593E-08 -0.135E-08  0.994E-09  16.7
    3   2001   0.578E-08  0.593E-08 -0.135E-08  0.994E-09  16.7
    3   2002   0.578E-08  0.593E-08 -0.135E-08  0.994E-09  16.7
    3   2003   0.578E-08  0.593E-08 -0.135E-08  0.994E-09  16.7
    3   2004   0.578E-08  0.593E-08 -0.135E-08  0.994E-09  16.7
    3   2005   0.578E-08  0.593E-08 -0.135E-08  0.994E-09  16.7
    3   2006   0.578E-08  0.593E-08 -0.135E-08  0.994E-09  16.7
    3   2007   0.578E-08  0.593E-08 -0.135E-08  0.994E-09  16.7
    3   2008   0.578E-08  0.593E-08 -0.135E-08  0.994E-09  16.7
    3   2009   0.578E-08  0.593E-08 -0.135E-08  0.994E-09  16.7
    3   2010   0.578E-08  0.593E-08 -0.135E-08  0.994E-09  16.7
    3   2011   0.578E-08  0.593E-08 -0.135E-08  0.994E-09  16.7
    4   1950   0.150E-05  0.149E-05 -0.168E-06  0.165E-06  11.0
    4   1951   0.150E-05  0.149E-05 -0.168E-06  0.165E-06  11.0
    4   1952   0.150E-05  0.149E-05 -0.168E-06  0.165E-06  11.0
    4   1953   0.150E-05  0.149E-05 -0.168E-06  0.165E-06  11.0
    4   1954   0.150E-05  0.149E-05 -0.168E-06  0.165E-06  11.0
    4   1955   0.150E-05  0.149E-05 -0.168E-06  0.165E-06  11.0
    4   1956   0.150E-05  0.149E-05 -0.168E-06  0.165E-06  11.0
    4   1957   0.150E-05  0.149E-05 -0.168E-06  0.165E-06  11.0
    4   1958   0.150E-05  0.149E-05 -0.168E-06  0.165E-06  11.0
    4   1959   0.150E-05  0.149E-05 -0.168E-06  0.165E-06  11.0
    4   1960   0.150E-05  0.149E-05 -0.168E-06  0.165E-06  11.0
    4   1961   0.150E-05  0.149E-05 -0.168E-06  0.165E-06  11.0
    4   1962   0.150E-05  0.149E-05 -0.168E-06  0.165E-06  11.0
    4   1963   0.150E-05  0.149E-05 -0.168E-06  0.165E-06  11.0
    4   1964   0.150E-05  0.149E-05 -0.168E-06  0.165E-06  11.0
    4   1965   0.150E-05  0.149E-05 -0.168E-06  0.165E-06  11.0
    4   1966   0.150E-05  0.149E-05 -0.168E-06  0.165E-06  11.0
    4   1967   0.150E-05  0.149E-05 -0.168E-06  0.165E-06  11.0
    4   1968   0.150E-05  0.149E-05 -0.168E-06  0.165E-06  11.0
    4   1969   0.150E-05  0.149E-05 -0.168E-06  0.165E-06  11.0
    4   1970   0.150E-05  0.149E-05 -0.168E-06  0.165E-06  11.0
    4   1971   0.150E-05  0.149E-05 -0.168E-06  0.165E-06  11.0
    4   1972   0.150E-05  0.149E-05 -0.168E-06  0.165E-06  11.0
    4   1973   0.150E-05  0.149E-05 -0.168E-06  0.165E-06  11.0
    4   1974   0.150E-05  0.149E-05 -0.168E-06  0.165E-06  11.0
    4   1975   0.150E-05  0.149E-05 -0.168E-06  0.165E-06  11.0
    4   1976   0.150E-05  0.149E-05 -0.168E-06  0.165E-06  11.0
    4   1977   0.150E-05  0.149E-05 -0.168E-06  0.165E-06  11.0
    4   1978   0.150E-05  0.149E-05 -0.168E-06  0.165E-06  11.0
    4   1979   0.150E-05  0.149E-05 -0.168E-06  0.165E-06  11.0
    4   1980   0.150E-05  0.149E-05 -0.168E-06  0.165E-06  11.0
    4   1981   0.150E-05  0.149E-05 -0.168E-06  0.165E-06  11.0
    4   1982   0.150E-05  0.149E-05 -0.168E-06  0.165E-06  11.0
    4   1983   0.150E-05  0.149E-05 -0.168E-06  0.165E-06  11.0
    4   1984   0.150E-05  0.149E-05 -0.168E-06  0.165E-06  11.0
    4   1985   0.150E-05  0.149E-05 -0.168E-06  0.165E-06  11.0
    4   1986   0.150E-05  0.149E-05 -0.168E-06  0.165E-06  11.0
    4   1987   0.150E-05  0.149E-05 -0.168E-06  0.165E-06  11.0
    4   1988   0.150E-05  0.149E-05 -0.168E-06  0.165E-06  11.0
    4   1989   0.150E-05  0.149E-05 -0.168E-06  0.165E-06  11.0
    4   1990   0.150E-05  0.149E-05 -0.168E-06  0.165E-06  11.0
    4   1991   0.150E-05  0.149E-05 -0.168E-06  0.165E-06  11.0
    4   1992   0.150E-05  0.149E-05 -0.168E-06  0.165E-06  11.0
    4   1993   0.150E-05  0.149E-05 -0.168E-06  0.165E-06  11.0
    4   1994   0.150E-05  0.149E-05 -0.168E-06  0.165E-06  11.0
    4   1995   0.150E-05  0.149E-05 -0.168E-06  0.165E-06  11.0
    4   1996   0.150E-05  0.149E-05 -0.168E-06  0.165E-06  11.0
    4   1997   0.150E-05  0.149E-05 -0.168E-06  0.165E-06  11.0
    4   1998   0.150E-05  0.149E-05 -0.168E-06  0.165E-06  11.0
    4   1999   0.150E-05  0.149E-05 -0.168E-06  0.165E-06  11.0
    4   2000   0.150E-05  0.149E-05 -0.168E-06  0.165E-06  11.0
    4   2001   0.150E-05  0.149E-05 -0.168E-06  0.165E-06  11.0
    4   2002   0.150E-05  0.149E-05 -0.168E-06  0.165E-06  11.0
    4   2003   0.150E-05  0.149E-05 -0.168E-06  0.165E-06  11.0
    4   2004   0.150E-05  0.149E-05 -0.168E-06  0.165E-06  11.0
    4   2005   0.150E-05  0.149E-05 -0.168E-06  0.165E-06  11.0
    4   2006   0.150E-05  0.149E-05 -0.168E-06  0.165E-06  11.0
    4   2007   0.150E-05  0.149E-05 -0.168E-06  0.165E-06  11.0
    4   2008   0.150E-05  0.149E-05 -0.168E-06  0.165E-06  11.0
    4   2009   0.150E-05  0.149E-05 -0.168E-06  0.165E-06  11.0
    4   2010   0.150E-05  0.149E-05 -0.168E-06  0.165E-06  11.0
    4   2011   0.150E-05  0.149E-05 -0.168E-06  0.165E-06  11.0
    5   1950   0.218E-07  0.223E-07 -0.618E-08  0.502E-08  22.5
    5   1951   0.218E-07  0.223E-07 -0.618E-08  0.502E-08  22.5
    5   1952   0.218E-07  0.223E-07 -0.618E-08  0.502E-08  22.5
    5   1953   0.218E-07  0.223E-07 -0.618E-08  0.502E-08  22.5
    5   1954   0.218E-07  0.223E-07 -0.618E-08  0.502E-08  22.5
    5   1955   0.218E-07  0.223E-07 -0.618E-08  0.502E-08  22.5
    5   1956   0.218E-07  0.223E-07 -0.618E-08  0.502E-08  22.5
    5   1957   0.218E-07  0.223E-07 -0.618E-08  0.502E-08  22.5
    5   1958   0.218E-07  0.223E-07 -0.618E-08  0.502E-08  22.5
    5   1959   0.218E-07  0.223E-07 -0.618E-08  0.502E-08  22.5
    5   1960   0.218E-07  0.223E-07 -0.618E-08  0.502E-08  22.5
    5   1961   0.218E-07  0.223E-07 -0.618E-08  0.502E-08  22.5
    5   1962   0.218E-07  0.223E-07 -0.618E-08  0.502E-08  22.5
    5   1963   0.218E-07  0.223E-07 -0.618E-08  0.502E-08  22.5
    5   1964   0.218E-07  0.223E-07 -0.618E-08  0.502E-08  22.5
    5   1965   0.218E-07  0.223E-07 -0.618E-08  0.502E-08  22.5
    5   1966   0.218E-07  0.223E-07 -0.618E-08  0.502E-08  22.5
    5   1967   0.218E-07  0.223E-07 -0.618E-08  0.502E-08  22.5
    5   1968   0.218E-07  0.223E-07 -0.618E-08  0.502E-08  22.5
    5   1969   0.218E-07  0.223E-07 -0.618E-08  0.502E-08  22.5
    5   1970   0.218E-07  0.223E-07 -0.618E-08  0.502E-08  22.5
    5   1971   0.218E-07  0.223E-07 -0.618E-08  0.502E-08  22.5
    5   1972   0.218E-07  0.223E-07 -0.618E-08  0.502E-08  22.5
    5   1973   0.218E-07  0.223E-07 -0.618E-08  0.502E-08  22.5
    5   1974   0.218E-07  0.223E-07 -0.618E-08  0.502E-08  22.5
    5   1975   0.218E-07  0.223E-07 -0.618E-08  0.502E-08  22.5
    5   1976   0.218E-07  0.223E-07 -0.618E-08  0.502E-08  22.5
    5   1977   0.218E-07  0.223E-07 -0.618E-08  0.502E-08  22.5
    5   1978   0.218E-07  0.223E-07 -0.618E-08  0.502E-08  22.5
    5   1979   0.218E-07  0.223E-07 -0.618E-08  0.502E-08  22.5
    5   1980   0.218E-07  0.223E-07 -0.618E-08  0.502E-08  22.5
    5   1981   0.218E-07  0.223E-07 -0.618E-08  0.502E-08  22.5
    5   1982   0.218E-07  0.223E-07 -0.618E-08  0.502E-08  22.5
    5   1983   0.218E-07  0.223E-07 -0.618E-08  0.502E-08  22.5
    5   1984   0.218E-07  0.223E-07 -0.618E-08  0.502E-08  22.5
    5   1985   0.218E-07  0.223E-07 -0.618E-08  0.502E-08  22.5
    5   1986   0.218E-07  0.223E-07 -0.618E-08  0.502E-08  22.5
    5   1987   0.218E-07  0.223E-07 -0.618E-08  0.502E-08  22.5
    5   1988   0.218E-07  0.223E-07 -0.618E-08  0.502E-08  22.5
    5   1989   0.218E-07  0.223E-07 -0.618E-08  0.502E-08  22.5
    5   1990   0.218E-07  0.223E-07 -0.618E-08  0.502E-08  22.5
    5   1991   0.218E-07  0.223E-07 -0.618E-08  0.502E-08  22.5
    5   1992   0.218E-07  0.223E-07 -0.618E-08  0.502E-08  22.5
    5   1993   0.218E-07  0.223E-07 -0.618E-08  0.502E-08  22.5
    5   1994   0.218E-07  0.223E-07 -0.618E-08  0.502E-08  22.5
    5   1995   0.218E-07  0.223E-07 -0.618E-08  0.502E-08  22.5
    5   1996   0.218E-07  0.223E-07 -0.618E-08  0.502E-08  22.5
    5   1997   0.218E-07  0.223E-07 -0.618E-08  0.502E-08  22.5
    5   1998   0.218E-07  0.223E-07 -0.618E-08  0.502E-08  22.5
    5   1999   0.218E-07  0.223E-07 -0.618E-08  0.502E-08  22.5
    5   2000   0.218E-07  0.223E-07 -0.618E-08  0.502E-08  22.5
    5   2001   0.218E-07  0.223E-07 -0.618E-08  0.502E-08  22.5
    5   2002   0.218E-07  0.223E-07 -0.618E-08  0.502E-08  22.5
    5   2003   0.218E-07  0.223E-07 -0.618E-08  0.502E-08  22.5
    5   2004   0.218E-07  0.223E-07 -0.618E-08  0.502E-08  22.5
    5   2005   0.218E-07  0.223E-07 -0.618E-08  0.502E-08  22.5
    5   2006   0.218E-07  0.223E-07 -0.618E-08  0.502E-08  22.5
    5   2007   0.218E-07  0.223E-07 -0.618E-08  0.502E-08  22.5
    5   2008   0.218E-07  0.223E-07 -0.618E-08  0.502E-08  22.5
    5   2009   0.218E-07  0.223E-07 -0.618E-08  0.502E-08  22.5
    5   2010   0.218E-07  0.223E-07 -0.618E-08  0.502E-08  22.5
    5   2011   0.218E-07  0.223E-07 -0.618E-08  0.502E-08  22.5
    6   1950   0.574E-07  0.580E-07 -0.904E-08  0.484E-08   8.3
    6   1951   0.574E-07  0.580E-07 -0.904E-08  0.484E-08   8.3
    6   1952   0.574E-07  0.580E-07 -0.904E-08  0.484E-08   8.3
    6   1953   0.574E-07  0.580E-07 -0.904E-08  0.484E-08   8.3
    6   1954   0.574E-07  0.580E-07 -0.904E-08  0.484E-08   8.3
    6   1955   0.574E-07  0.580E-07 -0.904E-08  0.484E-08   8.3
    6   1956   0.574E-07  0.580E-07 -0.904E-08  0.484E-08   8.3
    6   1957   0.574E-07  0.580E-07 -0.904E-08  0.484E-08   8.3
    6   1958   0.574E-07  0.580E-07 -0.904E-08  0.484E-08   8.3
    6   1959   0.574E-07  0.580E-07 -0.904E-08  0.484E-08   8.3
    6   1960   0.574E-07  0.580E-07 -0.904E-08  0.484E-08   8.3
    6   1961   0.574E-07  0.580E-07 -0.904E-08  0.484E-08   8.3
    6   1962   0.574E-07  0.580E-07 -0.904E-08  0.484E-08   8.3
    6   1963   0.574E-07  0.580E-07 -0.904E-08  0.484E-08   8.3
    6   1964   0.574E-07  0.580E-07 -0.904E-08  0.484E-08   8.3
    6   1965   0.574E-07  0.580E-07 -0.904E-08  0.484E-08   8.3
    6   1966   0.574E-07  0.580E-07 -0.904E-08  0.484E-08   8.3
    6   1967   0.574E-07  0.580E-07 -0.904E-08  0.484E-08   8.3
    6   1968   0.574E-07  0.580E-07 -0.904E-08  0.484E-08   8.3
    6   1969   0.574E-07  0.580E-07 -0.904E-08  0.484E-08   8.3
    6   1970   0.574E-07  0.580E-07 -0.904E-08  0.484E-08   8.3
    6   1971   0.574E-07  0.580E-07 -0.904E-08  0.484E-08   8.3
    6   1972   0.574E-07  0.580E-07 -0.904E-08  0.484E-08   8.3
    6   1973   0.574E-07  0.580E-07 -0.904E-08  0.484E-08   8.3
    6   1974   0.574E-07  0.580E-07 -0.904E-08  0.484E-08   8.3
    6   1975   0.574E-07  0.580E-07 -0.904E-08  0.484E-08   8.3
    6   1976   0.574E-07  0.580E-07 -0.904E-08  0.484E-08   8.3
    6   1977   0.574E-07  0.580E-07 -0.904E-08  0.484E-08   8.3
    6   1978   0.574E-07  0.580E-07 -0.904E-08  0.484E-08   8.3
    6   1979   0.574E-07  0.580E-07 -0.904E-08  0.484E-08   8.3
    6   1980   0.574E-07  0.580E-07 -0.904E-08  0.484E-08   8.3
    6   1981   0.574E-07  0.580E-07 -0.904E-08  0.484E-08   8.3
    6   1982   0.574E-07  0.580E-07 -0.904E-08  0.484E-08   8.3
    6   1983   0.574E-07  0.580E-07 -0.904E-08  0.484E-08   8.3
    6   1984   0.574E-07  0.580E-07 -0.904E-08  0.484E-08   8.3
    6   1985   0.574E-07  0.580E-07 -0.904E-08  0.484E-08   8.3
    6   1986   0.574E-07  0.580E-07 -0.904E-08  0.484E-08   8.3
    6   1987   0.574E-07  0.580E-07 -0.904E-08  0.484E-08   8.3
    6   1988   0.574E-07  0.580E-07 -0.904E-08  0.484E-08   8.3
    6   1989   0.574E-07  0.580E-07 -0.904E-08  0.484E-08   8.3
    6   1990   0.574E-07  0.580E-07 -0.904E-08  0.484E-08   8.3
    6   1991   0.574E-07  0.580E-07 -0.904E-08  0.484E-08   8.3
    6   1992   0.574E-07  0.580E-07 -0.904E-08  0.484E-08   8.3
    6   1993   0.574E-07  0.580E-07 -0.904E-08  0.484E-08   8.3
    6   1994   0.574E-07  0.580E-07 -0.904E-08  0.484E-08   8.3
    6   1995   0.574E-07  0.580E-07 -0.904E-08  0.484E-08   8.3
    6   1996   0.574E-07  0.580E-07 -0.904E-08  0.484E-08   8.3
    6   1997   0.574E-07  0.580E-07 -0.904E-08  0.484E-08   8.3
    6   1998   0.574E-07  0.580E-07 -0.904E-08  0.484E-08   8.3
    6   1999   0.574E-07  0.580E-07 -0.904E-08  0.484E-08   8.3
    6   2000   0.574E-07  0.580E-07 -0.904E-08  0.484E-08   8.3
    6   2001   0.574E-07  0.580E-07 -0.904E-08  0.484E-08   8.3
    6   2002   0.574E-07  0.580E-07 -0.904E-08  0.484E-08   8.3
    6   2003   0.574E-07  0.580E-07 -0.904E-08  0.484E-08   8.3
    6   2004   0.574E-07  0.580E-07 -0.904E-08  0.484E-08   8.3
    6   2005   0.574E-07  0.580E-07 -0.904E-08  0.484E-08   8.3
    6   2006   0.574E-07  0.580E-07 -0.904E-08  0.484E-08   8.3
    6   2007   0.574E-07  0.580E-07 -0.904E-08  0.484E-08   8.3
    6   2008   0.574E-07  0.580E-07 -0.904E-08  0.484E-08   8.3
    6   2009   0.574E-07  0.580E-07 -0.904E-08  0.484E-08   8.3
    6   2010   0.574E-07  0.580E-07 -0.904E-08  0.484E-08   8.3
    6   2011   0.574E-07  0.580E-07 -0.904E-08  0.484E-08   8.3
    7   1950   0.212E-07  0.249E-07  0.139E-08  0.101E-07  40.5
    7   1951   0.212E-07  0.249E-07  0.139E-08  0.101E-07  40.5
    7   1952   0.212E-07  0.249E-07  0.139E-08  0.101E-07  40.5
    7   1953   0.212E-07  0.249E-07  0.139E-08  0.101E-07  40.5
    7   1954   0.212E-07  0.249E-07  0.139E-08  0.101E-07  40.5
    7   1955   0.212E-07  0.249E-07  0.139E-08  0.101E-07  40.5
    7   1956   0.212E-07  0.249E-07  0.139E-08  0.101E-07  40.5
    7   1957   0.212E-07  0.249E-07  0.139E-08  0.101E-07  40.5
    7   1958   0.212E-07  0.249E-07  0.139E-08  0.101E-07  40.5
    7   1959   0.212E-07  0.249E-07  0.139E-08  0.101E-07  40.5
    7   1960   0.212E-07  0.249E-07  0.139E-08  0.101E-07  40.5
    7   1961   0.212E-07  0.249E-07  0.139E-08  0.101E-07  40.5
    7   1962   0.212E-07  0.249E-07  0.139E-08  0.101E-07  40.5
    7   1963   0.212E-07  0.249E-07  0.139E-08  0.101E-07  40.5
    7   1964   0.212E-07  0.249E-07  0.139E-08  0.101E-07  40.5
    7   1965   0.212E-07  0.249E-07  0.139E-08  0.101E-07  40.5
    7   1966   0.212E-07  0.249E-07  0.139E-08  0.101E-07  40.5
    7   1967   0.212E-07  0.249E-07  0.139E-08  0.101E-07  40.5
    7   1968   0.212E-07  0.249E-07  0.139E-08  0.101E-07  40.5
    7   1969   0.212E-07  0.249E-07  0.139E-08  0.101E-07  40.5
    7   1970   0.212E-07  0.249E-07  0.139E-08  0.101E-07  40.5
    7   1971   0.212E-07  0.249E-07  0.139E-08  0.101E-07  40.5
    7   1972   0.212E-07  0.249E-07  0.139E-08  0.101E-07  40.5
    7   1973   0.212E-07  0.249E-07  0.139E-08  0.101E-07  40.5
    7   1974   0.212E-07  0.249E-07  0.139E-08  0.101E-07  40.5
    7   1975   0.212E-07  0.249E-07  0.139E-08  0.101E-07  40.5
    7   1976   0.212E-07  0.249E-07  0.139E-08  0.101E-07  40.5
    7   1977   0.212E-07  0.249E-07  0.139E-08  0.101E-07  40.5
    7   1978   0.212E-07  0.249E-07  0.139E-08  0.101E-07  40.5
    7   1979   0.212E-07  0.249E-07  0.139E-08  0.101E-07  40.5
    7   1980   0.212E-07  0.249E-07  0.139E-08  0.101E-07  40.5
    7   1981   0.212E-07  0.249E-07  0.139E-08  0.101E-07  40.5
    7   1982   0.212E-07  0.249E-07  0.139E-08  0.101E-07  40.5
    7   1983   0.212E-07  0.249E-07  0.139E-08  0.101E-07  40.5
    7   1984   0.212E-07  0.249E-07  0.139E-08  0.101E-07  40.5
    7   1985   0.212E-07  0.249E-07  0.139E-08  0.101E-07  40.5
    7   1986   0.212E-07  0.249E-07  0.139E-08  0.101E-07  40.5
    7   1987   0.212E-07  0.249E-07  0.139E-08  0.101E-07  40.5
    7   1988   0.212E-07  0.249E-07  0.139E-08  0.101E-07  40.5
    7   1989   0.212E-07  0.249E-07  0.139E-08  0.101E-07  40.5
    7   1990   0.212E-07  0.249E-07  0.139E-08  0.101E-07  40.5
    7   1991   0.212E-07  0.249E-07  0.139E-08  0.101E-07  40.5
    7   1992   0.212E-07  0.249E-07  0.139E-08  0.101E-07  40.5
    7   1993   0.212E-07  0.249E-07  0.139E-08  0.101E-07  40.5
    7   1994   0.212E-07  0.249E-07  0.139E-08  0.101E-07  40.5
    7   1995   0.212E-07  0.249E-07  0.139E-08  0.101E-07  40.5
    7   1996   0.212E-07  0.249E-07  0.139E-08  0.101E-07  40.5
    7   1997   0.212E-07  0.249E-07  0.139E-08  0.101E-07  40.5
    7   1998   0.212E-07  0.249E-07  0.139E-08  0.101E-07  40.5
    7   1999   0.212E-07  0.249E-07  0.139E-08  0.101E-07  40.5
    7   2000   0.212E-07  0.249E-07  0.139E-08  0.101E-07  40.5
    7   2001   0.212E-07  0.249E-07  0.139E-08  0.101E-07  40.5
    7   2002   0.212E-07  0.249E-07  0.139E-08  0.101E-07  40.5
    7   2003   0.212E-07  0.249E-07  0.139E-08  0.101E-07  40.5
    7   2004   0.212E-07  0.249E-07  0.139E-08  0.101E-07  40.5
    7   2005   0.212E-07  0.249E-07  0.139E-08  0.101E-07  40.5
    7   2006   0.212E-07  0.249E-07  0.139E-08  0.101E-07  40.5
    7   2007   0.212E-07  0.249E-07  0.139E-08  0.101E-07  40.5
    7   2008   0.212E-07  0.249E-07  0.139E-08  0.101E-07  40.5
    7   2009   0.212E-07  0.249E-07  0.139E-08  0.101E-07  40.5
    7   2010   0.212E-07  0.249E-07  0.139E-08  0.101E-07  40.5
    7   2011   0.212E-07  0.249E-07  0.139E-08  0.101E-07  40.5
 


 *************************************************
 CORRELATION AND COVARIANCE MATRICES OF PARAMETERS
 *************************************************


TABLE 2A. CORRELATION MATRIX
==========================================================  
          1    2    3    4    5    6    7    8    9   10
    1 :  1.0
    2 :  1.0  1.0
    3 :  1.0  1.0  1.0
    4 :  1.0  1.0  1.0  1.0
    5 :  0.9  0.9  0.9  0.9  1.0
    6 :  0.8  0.8  0.8  0.9  1.0  1.0
    7 :  0.6  0.6  0.5  0.7  0.8  0.9  1.0
    8 :  0.4  0.4  0.3  0.5  0.6  0.7  0.9  1.0
    9 :  0.0  0.0  0.1  0.1  0.2  0.2  0.4  0.7  1.0
   10 :  0.0  0.0  0.0  0.0  0.0 -0.1 -0.1  0.0  0.0  1.0
 
 
TABLE 2B. COVARIANCE MATRIX
=========================================================================================================================================      
              1            2            3            4            5            6            7            8            9           10
    1 :   0.2371D-06
    2 :   0.1460D-04   0.9002D-03
    3 :   0.5201D-05   0.3211D-03   0.1153D-03
    4 :   0.9903D-05   0.6098D-03   0.2169D-03   0.4264D-03
    5 :   0.1230D-04   0.7540D-03   0.2647D-03   0.5519D-03   0.7999D-03
    6 :   0.7161D-05   0.4380D-03   0.1529D-03   0.3312D-03   0.5153D-03   0.3506D-03
    7 :   0.4669D-05   0.2859D-03   0.1003D-03   0.2350D-03   0.4086D-03   0.2965D-03   0.2918D-03
    8 :   0.9387D-06   0.5780D-04   0.2055D-04   0.5189D-04   0.9956D-04   0.7440D-04   0.8077D-04   0.3023D-04
    9 :   0.7940D-07   0.6121D-05   0.3379D-05   0.9131D-05   0.2155D-04   0.1769D-04   0.2570D-04   0.1625D-04   0.1783D-04
   10 :   0.4352D-06   0.3139D-04   0.1606D-04  -0.3082D-05  -0.6585D-04  -0.6414D-04  -0.6696D-04  -0.1149D-04   0.4435D-05   0.3365D-02
 
 
