     1     0   0.6508E-01
     1     1   0.1075E+00
     1     2   0.6532E-01
     1     3   0.6654E-01
     1     4   0.1002E+00
     1     5   0.7548E-01
     1     6   0.1083E+00
     1     7   0.5361E-01
     1     8   0.8593E-01
     1     9   0.7030E-01
     1    10   0.7061E-01
     1    11   0.1333E+00
     1    12   0.7277E-01
     1    13   0.6758E-01
     1    14   0.6767E-01
     1    15   0.7377E-01
     1    16   0.6958E-01
     1    17   0.8162E-01
     1    18   0.8785E-01
     1    19   0.1308E+00
     1    20   0.5833E-01
     1    21   0.8883E-01
     1    22   0.7083E-01
     1    23   0.5415E-01
     1    24   0.6450E-01
     1    25   0.6172E-01
     1    26   0.1266E+00
     1    27   0.6743E-01
     1    28   0.4006E-01
     1    29   0.9383E-01
     1    30   0.8550E-01
     1    31   0.7918E-01
     1    32   0.8976E-01
     1    33   0.5965E-01
     1    34   0.7130E-01
     1    35   0.1087E+00
     1    36   0.7090E-01
     1    37   0.1211E+00
     1    38   0.8417E-01
     1    39   0.6832E-01
     1    40   0.8124E-01
     1    41   0.9999E-01
     1    42   0.1058E+00
     1    43   0.7729E-01
     1    44   0.6694E-01
     1    45   0.9254E-01
     1    46   0.6946E-01
     1    47   0.4931E-01
     1    48   0.6824E-01
     1    49   0.8331E-01
     1    50   0.1135E+00
     1    51   0.7962E-01
     1    52   0.5759E-01
     1    53   0.6173E-01
     1    54   0.7837E-01
     1    55   0.9564E-01
     1    56   0.7057E-01
     1    57   0.6171E-01
     1    58   0.8835E-01
     1    59   0.9378E-01
     1    60   0.6704E-01
     1    61   0.7591E-01
     1    62   0.1054E+00
     1    63   0.8735E-01
     1    64   0.1018E+00
     1    65   0.9564E-01
     1    66   0.7823E-01
     1    67   0.1234E+00
     1    68   0.6393E-01
     1    69   0.8108E-01
     1    70   0.9907E-01
     1    71   0.7582E-01
     1    72   0.5821E-01
     1    73   0.7695E-01
     1    74   0.7441E-01
     1    75   0.6730E-01
     1    76   0.8062E-01
     1    77   0.6418E-01
     1    78   0.6710E-01
     1    79   0.6930E-01
     1    80   0.7327E-01
     1    81   0.1242E+00
     1    82   0.7814E-01
     1    83   0.9178E-01
     1    84   0.8709E-01
     1    85   0.6806E-01
     1    86   0.6751E-01
     1    87   0.4652E-01
     1    88   0.6431E-01
     1    89   0.7510E-01
     1    90   0.6303E-01
     1    91   0.8630E-01
     1    92   0.1071E+00
     1    93   0.7060E-01
     1    94   0.6740E-01
     1    95   0.6572E-01
     1    96   0.1163E+00
     1    97   0.7814E-01
     1    98   0.9362E-01
     1    99   0.8605E-01
     1   100   0.5953E-01
     1   101   0.5543E-01
     1   102   0.1463E+00
     1   103   0.4041E-01
     1   104   0.6522E-01
     1   105   0.6675E-01
     1   106   0.1063E+00
     1   107   0.7785E-01
     1   108   0.6436E-01
     1   109   0.1020E+00
     1   110   0.6611E-01
     1   111   0.9048E-01
     1   112   0.7051E-01
     1   113   0.7217E-01
     1   114   0.7751E-01
     1   115   0.7175E-01
     1   116   0.6957E-01
     1   117   0.8967E-01
     1   118   0.1127E+00
     1   119   0.8804E-01
     1   120   0.1086E+00
     1   121   0.7677E-01
     1   122   0.6245E-01
     1   123   0.8083E-01
     1   124   0.1110E+00
     1   125   0.6521E-01
     1   126   0.6614E-01
     1   127   0.6446E-01
     1   128   0.7313E-01
     1   129   0.7436E-01
     1   130   0.5896E-01
     1   131   0.4556E-01
     1   132   0.8575E-01
     1   133   0.6772E-01
     1   134   0.5688E-01
     1   135   0.7698E-01
     1   136   0.6586E-01
     1   137   0.8934E-01
     1   138   0.1138E+00
     1   139   0.1104E+00
     1   140   0.5658E-01
     1   141   0.8864E-01
     1   142   0.5780E-01
     1   143   0.8191E-01
     1   144   0.6320E-01
     1   145   0.4936E-01
     1   146   0.6994E-01
     1   147   0.5398E-01
     1   148   0.6680E-01
     1   149   0.1000E+00
     1   150   0.4760E-01
     1   151   0.9338E-01
     1   152   0.7706E-01
     1   153   0.6752E-01
     1   154   0.7986E-01
     1   155   0.5112E-01
     1   156   0.1185E+00
     1   157   0.8534E-01
     1   158   0.5980E-01
     1   159   0.8044E-01
     1   160   0.8321E-01
     1   161   0.1263E+00
     1   162   0.5438E-01
     1   163   0.8893E-01
     1   164   0.5599E-01
     1   165   0.7045E-01
     1   166   0.8106E-01
     1   167   0.1013E+00
     1   168   0.7361E-01
     1   169   0.5601E-01
     1   170   0.7180E-01
     1   171   0.9373E-01
     1   172   0.6575E-01
     1   173   0.6881E-01
     1   174   0.6254E-01
     1   175   0.1216E+00
     1   176   0.7666E-01
     1   177   0.8329E-01
     1   178   0.6881E-01
     1   179   0.5924E-01
     1   180   0.9529E-01
     1   181   0.1183E+00
     1   182   0.7050E-01
     1   183   0.1079E+00
     1   184   0.1288E+00
     1   185   0.7562E-01
     1   186   0.8526E-01
     1   187   0.1527E+00
     1   188   0.6777E-01
     1   189   0.9376E-01
     1   190   0.9730E-01
     1   191   0.6990E-01
     1   192   0.7527E-01
     1   193   0.4809E-01
     1   194   0.1114E+00
     1   195   0.9772E-01
     1   196   0.1028E+00
     1   197   0.9584E-01
     1   198   0.5463E-01
     1   199   0.8788E-01
     1   200   0.8080E-01
     1   201   0.6496E-01
     1   202   0.7330E-01
     1   203   0.7992E-01
     1   204   0.7734E-01
     1   205   0.6234E-01
     1   206   0.7832E-01
     1   207   0.6645E-01
     1   208   0.7410E-01
     1   209   0.6091E-01
     1   210   0.9923E-01
     1   211   0.7838E-01
     1   212   0.9131E-01
     1   213   0.5374E-01
     1   214   0.7497E-01
     1   215   0.8851E-01
     1   216   0.4834E-01
     1   217   0.8725E-01
     1   218   0.9207E-01
     1   219   0.7212E-01
     1   220   0.6596E-01
     1   221   0.7199E-01
     1   222   0.6074E-01
     1   223   0.8747E-01
     1   224   0.4787E-01
     1   225   0.8057E-01
     1   226   0.6324E-01
     1   227   0.6638E-01
     1   228   0.1291E+00
     1   229   0.5117E-01
     1   230   0.7591E-01
     1   231   0.1157E+00
     1   232   0.1097E+00
     1   233   0.1285E+00
     1   234   0.6898E-01
     1   235   0.7303E-01
     1   236   0.6873E-01
     1   237   0.5964E-01
     1   238   0.5844E-01
     1   239   0.7821E-01
     1   240   0.8086E-01
     1   241   0.7269E-01
     1   242   0.7419E-01
     1   243   0.1248E+00
     1   244   0.1031E+00
     1   245   0.5882E-01
     1   246   0.8032E-01
     1   247   0.9168E-01
     1   248   0.6166E-01
     1   249   0.5946E-01
     1   250   0.9073E-01
     1   251   0.6575E-01
     1   252   0.4707E-01
     1   253   0.7001E-01
     1   254   0.9190E-01
     1   255   0.7266E-01
     1   256   0.6306E-01
     1   257   0.7098E-01
     1   258   0.6592E-01
     1   259   0.6220E-01
     1   260   0.5287E-01
     1   261   0.6963E-01
     1   262   0.5222E-01
     1   263   0.6991E-01
     1   264   0.9290E-01
     1   265   0.9850E-01
     1   266   0.6053E-01
     1   267   0.6503E-01
     1   268   0.5632E-01
     1   269   0.8531E-01
     1   270   0.7355E-01
     1   271   0.1189E+00
     1   272   0.9463E-01
     1   273   0.8680E-01
     1   274   0.6715E-01
     1   275   0.9629E-01
     1   276   0.7061E-01
     1   277   0.7108E-01
     1   278   0.8283E-01
     1   279   0.9438E-01
     1   280   0.1140E+00
     1   281   0.7227E-01
     1   282   0.5553E-01
     1   283   0.9004E-01
     1   284   0.1054E+00
     1   285   0.7120E-01
     1   286   0.9845E-01
     1   287   0.5318E-01
     1   288   0.7201E-01
     1   289   0.6895E-01
     1   290   0.6699E-01
     1   291   0.1189E+00
     1   292   0.6219E-01
     1   293   0.7803E-01
     1   294   0.8528E-01
     1   295   0.6869E-01
     1   296   0.8365E-01
     1   297   0.1022E+00
     1   298   0.1084E+00
     1   299   0.6566E-01
     1   300   0.6747E-01
     1   301   0.9673E-01
     1   302   0.6631E-01
     1   303   0.7304E-01
     1   304   0.5752E-01
     1   305   0.7328E-01
     1   306   0.8002E-01
     1   307   0.7112E-01
     1   308   0.6782E-01
     1   309   0.6678E-01
     1   310   0.6439E-01
     1   311   0.8333E-01
     1   312   0.6901E-01
     1   313   0.4660E-01
     1   314   0.5608E-01
     1   315   0.5754E-01
     1   316   0.1205E+00
     1   317   0.7255E-01
     1   318   0.6188E-01
     1   319   0.1050E+00
     1   320   0.9014E-01
     1   321   0.6315E-01
     1   322   0.1004E+00
     1   323   0.1333E+00
     1   324   0.1011E+00
     1   325   0.6998E-01
     1   326   0.9188E-01
     1   327   0.1153E+00
     1   328   0.9152E-01
     1   329   0.1212E+00
     1   330   0.6055E-01
     1   331   0.7222E-01
     1   332   0.1066E+00
     1   333   0.4981E-01
     1   334   0.6541E-01
     1   335   0.7300E-01
     1   336   0.5771E-01
     1   337   0.5097E-01
     1   338   0.6397E-01
     1   339   0.5734E-01
     1   340   0.1102E+00
     1   341   0.1015E+00
     1   342   0.6241E-01
     1   343   0.6523E-01
     1   344   0.6227E-01
     1   345   0.9255E-01
     1   346   0.4916E-01
     1   347   0.6597E-01
     1   348   0.8158E-01
     1   349   0.7736E-01
     1   350   0.6816E-01
     1   351   0.6432E-01
     1   352   0.7635E-01
     1   353   0.7151E-01
     1   354   0.4193E-01
     1   355   0.6644E-01
     1   356   0.6170E-01
     1   357   0.8396E-01
     1   358   0.6680E-01
     1   359   0.5290E-01
     1   360   0.7170E-01
     1   361   0.6479E-01
     1   362   0.6099E-01
     1   363   0.4512E-01
     1   364   0.6269E-01
     1   365   0.5797E-01
     1   366   0.6295E-01
     1   367   0.6288E-01
     1   368   0.9317E-01
     1   369   0.9154E-01
     1   370   0.4809E-01
     1   371   0.5994E-01
     1   372   0.8974E-01
     1   373   0.8206E-01
     1   374   0.6980E-01
     1   375   0.9154E-01
     1   376   0.7074E-01
     1   377   0.6584E-01
     1   378   0.6669E-01
     1   379   0.5882E-01
     1   380   0.8728E-01
     1   381   0.7074E-01
     1   382   0.7608E-01
     1   383   0.9943E-01
     1   384   0.7333E-01
     1   385   0.6196E-01
     1   386   0.6089E-01
     1   387   0.7990E-01
     1   388   0.1140E+00
     1   389   0.7287E-01
     1   390   0.9938E-01
     1   391   0.5621E-01
     1   392   0.1112E+00
     1   393   0.6942E-01
     1   394   0.7462E-01
     1   395   0.7630E-01
     1   396   0.7985E-01
     1   397   0.8185E-01
     1   398   0.6832E-01
     1   399   0.6952E-01
     1   400   0.8726E-01
     1   401   0.6329E-01
     1   402   0.9062E-01
     1   403   0.5580E-01
     1   404   0.1439E+00
     1   405   0.6223E-01
     1   406   0.8244E-01
     1   407   0.9794E-01
     1   408   0.6701E-01
     1   409   0.1046E+00
     1   410   0.8184E-01
     1   411   0.7520E-01
     1   412   0.7927E-01
     1   413   0.6066E-01
     1   414   0.7998E-01
     1   415   0.6678E-01
     1   416   0.7946E-01
     1   417   0.7108E-01
     1   418   0.1049E+00
     1   419   0.9004E-01
     1   420   0.5898E-01
     1   421   0.6210E-01
     1   422   0.7900E-01
     1   423   0.5794E-01
     1   424   0.6927E-01
     1   425   0.7578E-01
     1   426   0.9114E-01
     1   427   0.6824E-01
     1   428   0.6670E-01
     1   429   0.6610E-01
     1   430   0.6525E-01
     1   431   0.6423E-01
     1   432   0.9084E-01
     1   433   0.7213E-01
     1   434   0.7462E-01
     1   435   0.9535E-01
     1   436   0.6650E-01
     1   437   0.7889E-01
     1   438   0.4820E-01
     1   439   0.8158E-01
     1   440   0.7519E-01
     1   441   0.6876E-01
     1   442   0.9168E-01
     1   443   0.8687E-01
     1   444   0.6121E-01
     1   445   0.8315E-01
     1   446   0.8967E-01
     1   447   0.7169E-01
     1   448   0.9811E-01
     1   449   0.6108E-01
     1   450   0.6653E-01
     1   451   0.1434E+00
     1   452   0.6327E-01
     1   453   0.9920E-01
     1   454   0.5430E-01
     1   455   0.1016E+00
     1   456   0.7439E-01
     1   457   0.1050E+00
     1   458   0.6152E-01
     1   459   0.7216E-01
     1   460   0.6546E-01
     1   461   0.5544E-01
     1   462   0.8416E-01
     1   463   0.8164E-01
     1   464   0.5442E-01
     1   465   0.7273E-01
     1   466   0.6452E-01
     1   467   0.6320E-01
     1   468   0.6946E-01
     1   469   0.1395E+00
     1   470   0.5555E-01
     1   471   0.5619E-01
     1   472   0.1662E+00
     1   473   0.8976E-01
     1   474   0.4524E-01
     1   475   0.7444E-01
     1   476   0.7445E-01
     1   477   0.7879E-01
     1   478   0.4946E-01
     1   479   0.8597E-01
     1   480   0.6952E-01
     1   481   0.9912E-01
     1   482   0.9213E-01
     1   483   0.9112E-01
     1   484   0.7150E-01
     1   485   0.6806E-01
     1   486   0.5669E-01
     1   487   0.5449E-01
     1   488   0.8717E-01
     1   489   0.6221E-01
     1   490   0.7305E-01
     1   491   0.5872E-01
     1   492   0.9529E-01
     1   493   0.8461E-01
     1   494   0.6372E-01
     1   495   0.1282E+00
     1   496   0.9563E-01
     1   497   0.1073E+00
     1   498   0.9854E-01
     1   499   0.1073E+00
     1   500   0.9160E-01
