                ****************************************
                                VPA-2BOX                
                BOOTSTRAP ESTIMATES OF BIAS AND VARIANCE
                ****************************************


BFT East 1950-2011 Continuity Run                 
15:23,  9 September 2012


 *************************************************
 BIAS AND STANDARD ERROR ESTIMATES
 *************************************************


TABLE 1A. BIAS OF FISHING MORTALITY RATE FOR BFTE test                                         
=============================================================================
        1      2      3      4      5      6      7      8      9     10
-----------------------------------------------------------------------------
  1950   0.000  0.000  0.000  0.000  0.000  0.000  0.000  0.000  0.000  0.000
  1951   0.000  0.000  0.000  0.000  0.000  0.000  0.000  0.000  0.000  0.000
  1952   0.000  0.000  0.000  0.000  0.000  0.000  0.000  0.000  0.000  0.000
  1953   0.000  0.000  0.000  0.000  0.000  0.000  0.000  0.000  0.000  0.000
  1954   0.000  0.000  0.000  0.000  0.000  0.000  0.000  0.000  0.000  0.000
  1955   0.000  0.000  0.000  0.000  0.000  0.000  0.000  0.000  0.000  0.000
  1956   0.000  0.000  0.000  0.000  0.000  0.000  0.000  0.000  0.000  0.000
  1957   0.000  0.000  0.000  0.000  0.000  0.000  0.000  0.000  0.000  0.000
  1958   0.000  0.000  0.000  0.000  0.000  0.000  0.000  0.000  0.000  0.000
  1959   0.000  0.000  0.000  0.000  0.000  0.000  0.000  0.000  0.000  0.000
  1960   0.000  0.000  0.000  0.000  0.000  0.000  0.000  0.000  0.000  0.000
  1961   0.000  0.000  0.000  0.000  0.000  0.000  0.000  0.000  0.000  0.000
  1962   0.000  0.000  0.000  0.000  0.000  0.000  0.000  0.000  0.000  0.000
  1963   0.000  0.000  0.000  0.000  0.000  0.000  0.000  0.000  0.000  0.000
  1964   0.000  0.000  0.000  0.000  0.000  0.000  0.000  0.000  0.000  0.000
  1965   0.000  0.000  0.000  0.000  0.000  0.000  0.000  0.000  0.000  0.000
  1966   0.000  0.000  0.000  0.000  0.000  0.000  0.000  0.000  0.000  0.000
  1967   0.000  0.000  0.000  0.000  0.000  0.000  0.000  0.000  0.000  0.000
  1968   0.000  0.000  0.000  0.000  0.000  0.000  0.000  0.000  0.000  0.000
  1969   0.000  0.000  0.000  0.000  0.000  0.000  0.000  0.000  0.000  0.000
  1970   0.000  0.000  0.000  0.000  0.000  0.000  0.000  0.000  0.000  0.000
  1971   0.000  0.000  0.000  0.000  0.000  0.000  0.000  0.000  0.000  0.000
  1972   0.000  0.000  0.000  0.000  0.000  0.000  0.000  0.000  0.000  0.000
  1973   0.000  0.000  0.000  0.000  0.000  0.000  0.000  0.000  0.000  0.000
  1974   0.000  0.000  0.000  0.000  0.000  0.000  0.000  0.000  0.000  0.000
  1975   0.000  0.000  0.000  0.000  0.000  0.000  0.000  0.000  0.000  0.000
  1976   0.000  0.000  0.000  0.000  0.000  0.000  0.000  0.000  0.000  0.000
  1977   0.000  0.000  0.000  0.000  0.000  0.000  0.000  0.000  0.000  0.000
  1978   0.000  0.000  0.000  0.000  0.000  0.000  0.000  0.000  0.000  0.000
  1979   0.000  0.000  0.000  0.000  0.000  0.000  0.000  0.000  0.000  0.000
  1980   0.000  0.000  0.000  0.000  0.000  0.000  0.000  0.000  0.000  0.000
  1981   0.000  0.000  0.000  0.000  0.000  0.000  0.000  0.000  0.000  0.000
  1982   0.000  0.000  0.000  0.000  0.000  0.000  0.000  0.000  0.000  0.000
  1983   0.000  0.000  0.000  0.000  0.000  0.000  0.000  0.000  0.000  0.000
  1984   0.000  0.000  0.000  0.000  0.000  0.000  0.000  0.000  0.000  0.000
  1985   0.000  0.000  0.000  0.000  0.000  0.000  0.000  0.000  0.000  0.000
  1986   0.000  0.000  0.000  0.000  0.000  0.000  0.000  0.000  0.000  0.000
  1987   0.000  0.000  0.000  0.000  0.000  0.000  0.000  0.000  0.000  0.000
  1988   0.000  0.000  0.000  0.000  0.000  0.000  0.000  0.000  0.000  0.000
  1989   0.000  0.000  0.000  0.000  0.000  0.000  0.000  0.000  0.000  0.000
  1990   0.000  0.000  0.000  0.000  0.000  0.000  0.000  0.000  0.000  0.000
  1991   0.000  0.000  0.000  0.000  0.000  0.000  0.000  0.000  0.000  0.000
  1992   0.000  0.000  0.000  0.000  0.000  0.000  0.000  0.000  0.000  0.000
  1993   0.000  0.000  0.000  0.000  0.000  0.000  0.000  0.000  0.000  0.000
  1994   0.000  0.000  0.000  0.000  0.000  0.000  0.000  0.000  0.000  0.000
  1995   0.000  0.000  0.000  0.000  0.000  0.000  0.000  0.000  0.000  0.000
  1996   0.000  0.000  0.000  0.000  0.000  0.000  0.000  0.000  0.000  0.000
  1997   0.000  0.000  0.000  0.000  0.000  0.000  0.000  0.000  0.000  0.000
  1998   0.000  0.000  0.000  0.000  0.000  0.000  0.000  0.000  0.000  0.000
  1999   0.000  0.000  0.000  0.000  0.000  0.000  0.000  0.000  0.000  0.000
  2000   0.000  0.000  0.000  0.000  0.000  0.000  0.000  0.000  0.000  0.000
  2001   0.000  0.000  0.000  0.000  0.000  0.000  0.000  0.000  0.000  0.000
  2002   0.000  0.000  0.000  0.000  0.000  0.000  0.000  0.000  0.000  0.000
  2003   0.000  0.001  0.000  0.000  0.000  0.000  0.000  0.000  0.000  0.000
  2004   0.001  0.001  0.001  0.000  0.000  0.000  0.000  0.000  0.000  0.000
  2005   0.010  0.002  0.001  0.001  0.000  0.000  0.000  0.000  0.000  0.000
  2006  -0.002  0.010  0.004  0.001  0.000  0.001  0.000  0.000  0.000  0.000
  2007   0.000 -0.005  0.009  0.009  0.001  0.001  0.001  0.001  0.001  0.002
  2008   0.000 -0.001 -0.001  0.009  0.004  0.001  0.000  0.001  0.001  0.001
  2009   0.000 -0.001 -0.001 -0.002  0.005  0.004  0.001  0.001  0.001  0.001
  2010   0.000  0.000 -0.001 -0.001 -0.001  0.005  0.003  0.001  0.001  0.001
  2011   0.000  0.000  0.000 -0.001 -0.002 -0.001  0.004  0.001  0.000  0.000
=============================================================================


TABLE 1B. STANDARD ERROR OF FISHING MORTALITY RATE FOR BFTE test                                         
====================================================================================================================     
            1          2          3          4          5          6          7          8          9         10
--------------------------------------------------------------------------------------------------------------------     
  1950  0.236E-04  0.355E-04  0.552E-06  0.137E-05  0.515E-05  0.879E-05  0.967E-05  0.129E-04  0.275E-04  0.192E-04
  1951  0.440E-05  0.724E-05  0.534E-05  0.456E-05  0.103E-04  0.129E-04  0.151E-04  0.120E-04  0.282E-04  0.197E-04
  1952  0.560E-06  0.144E-05  0.254E-05  0.272E-05  0.102E-04  0.169E-04  0.240E-04  0.251E-04  0.325E-04  0.227E-04
  1953  0.219E-05  0.409E-05  0.348E-05  0.422E-05  0.198E-04  0.175E-04  0.316E-04  0.362E-04  0.324E-04  0.227E-04
  1954  0.224E-05  0.398E-05  0.631E-06  0.172E-05  0.175E-04  0.286E-04  0.191E-04  0.208E-04  0.469E-04  0.328E-04
  1955  0.299E-05  0.177E-04  0.315E-04  0.141E-04  0.160E-04  0.215E-04  0.344E-04  0.251E-04  0.573E-04  0.401E-04
  1956  0.148E-05  0.126E-04  0.179E-04  0.957E-05  0.108E-04  0.131E-04  0.219E-04  0.395E-04  0.417E-04  0.292E-04
  1957  0.163E-05  0.161E-04  0.342E-04  0.160E-04  0.145E-04  0.300E-04  0.491E-04  0.420E-04  0.530E-04  0.371E-04
  1958  0.832E-05  0.165E-04  0.373E-04  0.220E-04  0.405E-04  0.399E-04  0.339E-04  0.542E-04  0.473E-04  0.331E-04
  1959  0.357E-05  0.292E-04  0.484E-04  0.265E-04  0.175E-04  0.172E-04  0.160E-04  0.186E-04  0.541E-04  0.379E-04
  1960  0.247E-05  0.166E-04  0.297E-04  0.244E-04  0.492E-04  0.389E-04  0.234E-04  0.338E-04  0.497E-04  0.348E-04
  1961  0.320E-05  0.295E-04  0.515E-04  0.410E-04  0.688E-04  0.804E-04  0.239E-04  0.226E-04  0.608E-04  0.425E-04
  1962  0.263E-05  0.171E-04  0.463E-04  0.365E-04  0.544E-04  0.107E-03  0.539E-04  0.660E-04  0.693E-04  0.485E-04
  1963  0.213E-05  0.176E-04  0.369E-04  0.442E-04  0.547E-04  0.524E-04  0.701E-04  0.440E-04  0.368E-04  0.258E-04
  1964  0.419E-05  0.286E-04  0.511E-04  0.558E-04  0.821E-04  0.567E-04  0.582E-04  0.587E-04  0.418E-04  0.293E-04
  1965  0.313E-05  0.244E-04  0.408E-04  0.342E-04  0.380E-04  0.655E-04  0.722E-04  0.341E-04  0.498E-04  0.348E-04
  1966  0.158E-04  0.422E-04  0.104E-03  0.525E-04  0.332E-04  0.614E-04  0.573E-04  0.362E-04  0.298E-04  0.208E-04
  1967  0.358E-04  0.448E-04  0.596E-04  0.613E-04  0.297E-04  0.346E-04  0.930E-04  0.421E-04  0.578E-04  0.405E-04
  1968  0.137E-04  0.412E-04  0.509E-04  0.340E-04  0.366E-04  0.153E-04  0.367E-04  0.526E-04  0.346E-04  0.242E-04
  1969  0.307E-04  0.140E-03  0.111E-03  0.471E-04  0.171E-04  0.196E-04  0.124E-04  0.310E-04  0.483E-04  0.338E-04
  1970  0.221E-04  0.997E-04  0.802E-04  0.534E-04  0.205E-04  0.114E-04  0.210E-04  0.160E-04  0.313E-04  0.313E-04
  1971  0.149E-05  0.941E-04  0.120E-03  0.578E-04  0.480E-04  0.120E-04  0.965E-05  0.286E-04  0.248E-04  0.248E-04
  1972  0.343E-05  0.115E-03  0.187E-03  0.711E-04  0.555E-04  0.412E-04  0.151E-04  0.697E-05  0.172E-04  0.172E-04
  1973  0.377E-05  0.928E-04  0.105E-03  0.554E-04  0.271E-04  0.316E-04  0.486E-04  0.279E-04  0.190E-04  0.190E-04
  1974  0.965E-05  0.123E-03  0.137E-03  0.123E-03  0.894E-04  0.501E-04  0.359E-04  0.445E-04  0.418E-04  0.418E-04
  1975  0.390E-04  0.159E-03  0.122E-03  0.768E-04  0.417E-04  0.876E-04  0.475E-04  0.423E-04  0.535E-04  0.535E-04
  1976  0.623E-05  0.179E-03  0.311E-03  0.117E-03  0.890E-04  0.302E-04  0.599E-04  0.292E-04  0.447E-04  0.447E-04
  1977  0.273E-04  0.181E-03  0.146E-03  0.139E-03  0.276E-04  0.314E-04  0.258E-04  0.623E-04  0.457E-04  0.457E-04
  1978  0.731E-04  0.171E-03  0.167E-03  0.797E-04  0.415E-04  0.118E-04  0.244E-04  0.132E-04  0.373E-04  0.373E-04
  1979  0.895E-05  0.638E-04  0.187E-03  0.989E-04  0.382E-04  0.242E-04  0.182E-04  0.519E-04  0.351E-04  0.351E-04
  1980  0.415E-04  0.147E-03  0.321E-03  0.159E-03  0.343E-04  0.368E-04  0.320E-04  0.175E-04  0.383E-04  0.383E-04
  1981  0.394E-04  0.214E-03  0.270E-03  0.103E-03  0.850E-04  0.281E-04  0.338E-04  0.493E-04  0.296E-04  0.296E-04
  1982  0.199E-03  0.250E-03  0.368E-03  0.180E-03  0.747E-04  0.406E-04  0.264E-04  0.879E-04  0.631E-04  0.631E-04
  1983  0.114E-03  0.205E-03  0.293E-03  0.138E-03  0.942E-04  0.706E-04  0.131E-03  0.421E-04  0.695E-04  0.695E-04
  1984  0.750E-04  0.298E-03  0.148E-03  0.149E-03  0.154E-03  0.122E-03  0.108E-03  0.146E-03  0.819E-04  0.819E-04
  1985  0.599E-04  0.363E-03  0.402E-03  0.156E-03  0.888E-04  0.890E-04  0.509E-04  0.727E-04  0.104E-03  0.621E-04
  1986  0.141E-03  0.253E-03  0.299E-03  0.197E-03  0.475E-04  0.617E-04  0.582E-04  0.462E-04  0.103E-03  0.619E-04
  1987  0.149E-03  0.283E-03  0.314E-03  0.174E-03  0.679E-04  0.451E-04  0.119E-03  0.905E-04  0.977E-04  0.586E-04
  1988  0.340E-03  0.266E-03  0.407E-03  0.219E-03  0.925E-04  0.605E-04  0.789E-04  0.116E-03  0.156E-03  0.936E-04
  1989  0.347E-03  0.493E-03  0.255E-03  0.207E-03  0.218E-03  0.516E-04  0.835E-04  0.582E-04  0.129E-03  0.773E-04
  1990  0.283E-03  0.532E-03  0.546E-03  0.226E-03  0.261E-03  0.940E-04  0.933E-04  0.126E-03  0.162E-03  0.969E-04
  1991  0.236E-03  0.579E-03  0.572E-03  0.275E-03  0.273E-03  0.805E-04  0.854E-04  0.109E-03  0.253E-03  0.152E-03
  1992  0.291E-03  0.101E-02  0.908E-03  0.257E-03  0.151E-03  0.134E-03  0.197E-03  0.252E-03  0.322E-03  0.193E-03
  1993  0.292E-03  0.219E-02  0.148E-02  0.407E-03  0.183E-03  0.148E-03  0.169E-03  0.201E-03  0.333E-03  0.200E-03
  1994  0.585E-03  0.105E-02  0.114E-02  0.419E-03  0.401E-03  0.292E-03  0.445E-03  0.545E-03  0.899E-03  0.539E-03
  1995  0.558E-03  0.116E-02  0.128E-02  0.713E-03  0.585E-03  0.620E-03  0.321E-03  0.440E-03  0.635E-03  0.762E-03
  1996  0.118E-02  0.228E-02  0.308E-02  0.135E-02  0.571E-03  0.235E-03  0.434E-03  0.329E-03  0.771E-03  0.925E-03
  1997  0.131E-02  0.291E-02  0.179E-02  0.938E-03  0.273E-03  0.265E-03  0.247E-03  0.114E-02  0.146E-02  0.175E-02
  1998  0.277E-02  0.946E-02  0.567E-02  0.172E-02  0.368E-03  0.253E-02  0.344E-03  0.324E-03  0.125E-02  0.150E-02
  1999  0.325E-02  0.481E-02  0.388E-02  0.220E-02  0.133E-02  0.605E-03  0.773E-03  0.101E-02  0.236E-02  0.284E-02
  2000  0.108E-01  0.138E-01  0.908E-02  0.129E-02  0.125E-02  0.852E-03  0.518E-03  0.136E-02  0.144E-02  0.173E-02
  2001  0.294E-03  0.190E-01  0.929E-02  0.475E-02  0.123E-02  0.146E-02  0.286E-02  0.186E-02  0.232E-02  0.279E-02
  2002  0.281E-02  0.250E-01  0.242E-01  0.563E-02  0.103E-02  0.141E-02  0.143E-02  0.301E-02  0.278E-02  0.334E-02
  2003  0.142E-02  0.154E-01  0.969E-02  0.487E-02  0.489E-02  0.176E-02  0.444E-02  0.413E-02  0.550E-02  0.659E-02
  2004  0.528E-02  0.187E-01  0.109E-01  0.617E-02  0.232E-02  0.475E-02  0.521E-02  0.554E-02  0.788E-02  0.946E-02
  2005  0.166E-01  0.785E-02  0.123E-01  0.960E-02  0.635E-02  0.731E-02  0.626E-02  0.358E-02  0.163E-01  0.195E-01
  2006  0.624E-02  0.160E-01  0.161E-01  0.950E-02  0.258E-02  0.173E-01  0.105E-01  0.906E-02  0.211E-01  0.253E-01
  2007  0.183E-03  0.185E-01  0.145E-01  0.356E-01  0.128E-01  0.754E-02  0.246E-01  0.238E-01  0.357E-01  0.429E-01
  2008  0.464E-04  0.470E-02  0.517E-02  0.132E-01  0.147E-01  0.771E-02  0.519E-02  0.166E-01  0.189E-01  0.189E-01
  2009  0.127E-03  0.208E-02  0.200E-02  0.898E-02  0.704E-02  0.136E-01  0.132E-01  0.657E-02  0.149E-01  0.149E-01
  2010  0.824E-04  0.249E-02  0.174E-02  0.401E-02  0.579E-02  0.722E-02  0.927E-02  0.634E-02  0.529E-02  0.529E-02
  2011  0.187E-04  0.135E-02  0.582E-03  0.249E-02  0.666E-02  0.456E-02  0.530E-02  0.353E-02  0.445E-02  0.445E-02
====================================================================================================================     


TABLE 1C. BIAS OF ABUNDANCE (BY AREA) OF BFTE test                                         
====================================================================================================================     
            1          2          3          4          5          6          7          8          9         10
--------------------------------------------------------------------------------------------------------------------     
  1950  0.183E+03  0.681E+02  0.852E+02  0.440E+02  0.237E+02  0.378E+02  0.224E+02  0.109E+02  0.685E+01  0.789E+01
  1951  0.143E+03  0.113E+03  0.561E+02  0.670E+02  0.346E+02  0.186E+02  0.310E+02  0.189E+02  0.940E+01  0.131E+02
  1952  0.206E+03  0.876E+02  0.890E+02  0.441E+02  0.527E+02  0.272E+02  0.152E+02  0.261E+02  0.163E+02  0.159E+02
  1953  0.165E+03  0.126E+03  0.689E+02  0.700E+02  0.347E+02  0.415E+02  0.215E+02  0.128E+02  0.235E+02  0.286E+02
  1954  0.119E+03  0.101E+03  0.993E+02  0.542E+02  0.551E+02  0.274E+02  0.350E+02  0.188E+02  0.109E+02  0.326E+02
  1955  0.545E+02  0.731E+02  0.795E+02  0.781E+02  0.426E+02  0.434E+02  0.226E+02  0.293E+02  0.163E+02  0.467E+02
  1956 -0.139E+02  0.334E+02  0.576E+02  0.626E+02  0.615E+02  0.336E+02  0.352E+02  0.182E+02  0.243E+02  0.557E+02
  1957  0.165E+02 -0.848E+01  0.263E+02  0.449E+02  0.493E+02  0.484E+02  0.263E+02  0.296E+02  0.163E+02  0.889E+02
  1958  0.279E+02  0.101E+02 -0.530E+01  0.207E+02  0.353E+02  0.388E+02  0.396E+02  0.227E+02  0.255E+02  0.859E+02
  1959  0.533E+01  0.171E+02  0.899E+01 -0.349E+01  0.161E+02  0.294E+02  0.312E+02  0.323E+02  0.199E+02  0.896E+02
  1960  0.965E+01  0.327E+01  0.133E+02  0.694E+01 -0.233E+01  0.127E+02  0.240E+02  0.262E+02  0.279E+02  0.825E+02
  1961  0.251E+02  0.591E+01  0.260E+01  0.105E+02  0.528E+01 -0.116E+01  0.104E+02  0.202E+02  0.230E+02  0.873E+02
  1962  0.614E+02  0.154E+02  0.553E+01  0.266E+01  0.854E+01  0.392E+01 -0.564E+00  0.914E+01  0.179E+02  0.674E+02
  1963 -0.101E+03  0.376E+02  0.135E+02  0.335E+01  0.201E+01  0.713E+01  0.339E+01 -0.361E+00  0.823E+01  0.553E+02
  1964 -0.330E+00 -0.617E+02  0.296E+02  0.106E+02  0.217E+01  0.170E+01  0.595E+01  0.261E+01 -0.261E+00 -0.356E+01
  1965 -0.921E+02 -0.193E+00 -0.473E+02  0.216E+02  0.797E+01  0.162E+01  0.995E+00  0.527E+01  0.211E+01  0.459E+02
  1966 -0.837E+02 -0.564E+02 -0.801E-01 -0.376E+02  0.156E+02  0.629E+01  0.998E+00  0.504E+00  0.471E+01  0.493E+02
  1967  0.385E+01 -0.512E+02 -0.451E+02  0.379E+00 -0.304E+02  0.123E+02  0.525E+01  0.873E+00  0.517E+00  0.624E+01
  1968  0.383E+02  0.246E+01 -0.387E+02 -0.359E+02 -0.674E+00 -0.239E+02  0.950E+01  0.467E+01  0.752E+00  0.103E+02
  1969  0.403E+02  0.235E+02  0.302E+01 -0.330E+02 -0.283E+02 -0.629E+00 -0.196E+02  0.800E+01  0.400E+01  0.372E+02
  1970  0.315E+02  0.246E+02  0.183E+02  0.267E+01 -0.264E+02 -0.222E+02 -0.515E+00 -0.164E+02  0.690E+01  0.281E+02
  1971  0.168E+03  0.194E+02  0.191E+02  0.138E+02  0.209E+01 -0.208E+02 -0.182E+02 -0.434E+00 -0.142E+02 -0.477E+02
  1972  0.199E+03  0.103E+03  0.155E+02  0.148E+02  0.105E+02  0.153E+01 -0.170E+02 -0.153E+02 -0.437E+00 -0.231E+01
  1973  0.284E+03  0.122E+03  0.810E+02  0.116E+02  0.112E+02  0.856E+01  0.109E+01 -0.143E+02 -0.130E+02 -0.310E+02
  1974  0.122E+03  0.174E+03  0.949E+02  0.628E+02  0.945E+01  0.885E+01  0.701E+01  0.105E+01 -0.120E+02 -0.597E+02
  1975  0.142E+03  0.745E+02  0.135E+03  0.755E+02  0.503E+02  0.722E+01  0.738E+01  0.589E+01  0.848E+00  0.103E+02
  1976  0.161E+03  0.869E+02  0.590E+02  0.104E+03  0.600E+02  0.396E+02  0.570E+01  0.636E+01  0.507E+01  0.687E+02
  1977  0.285E+02  0.987E+02  0.670E+02  0.476E+02  0.822E+02  0.472E+02  0.324E+02  0.459E+01  0.548E+01  0.713E+02
  1978  0.266E+02  0.186E+02  0.785E+02  0.525E+02  0.381E+02  0.654E+02  0.388E+02  0.272E+02  0.396E+01  0.747E+02
  1979  0.987E+01  0.170E+02  0.156E+02  0.632E+02  0.420E+02  0.300E+02  0.535E+02  0.326E+02  0.234E+02  0.128E+03
  1980  0.340E+02  0.605E+01  0.134E+02  0.134E+02  0.509E+02  0.330E+02  0.246E+02  0.449E+02  0.279E+02  0.250E+03
  1981  0.402E+02  0.205E+02  0.410E+01  0.110E+02  0.102E+02  0.400E+02  0.271E+02  0.206E+02  0.386E+02  0.196E+03
  1982  0.857E+02  0.248E+02  0.161E+02  0.342E+01  0.836E+01  0.816E+01  0.319E+02  0.227E+02  0.176E+02  0.138E+03
  1983  0.788E+02  0.530E+02  0.172E+02  0.129E+02  0.248E+01  0.652E+01  0.653E+01  0.268E+02  0.197E+02  0.137E+03
  1984  0.566E+02  0.535E+02  0.416E+02  0.142E+02  0.981E+01  0.254E+01  0.541E+01  0.542E+01  0.230E+02  0.905E+02
  1985  0.625E+02  0.374E+02  0.466E+02  0.348E+02  0.108E+02  0.791E+01  0.221E+01  0.441E+01  0.469E+01  0.738E+02
  1986  0.715E+02  0.371E+02  0.285E+02  0.374E+02  0.264E+02  0.879E+01  0.611E+01  0.185E+01  0.364E+01  0.521E+02
  1987  0.129E+03  0.414E+02  0.313E+02  0.221E+02  0.283E+02  0.208E+02  0.727E+01  0.513E+01  0.159E+01  0.168E+02
  1988  0.202E+03  0.805E+02  0.342E+02  0.235E+02  0.181E+02  0.227E+02  0.170E+02  0.622E+01  0.454E+01  0.482E+02
  1989  0.388E+03  0.121E+03  0.615E+02  0.283E+02  0.190E+02  0.140E+02  0.180E+02  0.143E+02  0.522E+01  0.452E+02
  1990  0.358E+03  0.239E+03  0.974E+02  0.480E+02  0.225E+02  0.148E+02  0.107E+02  0.149E+02  0.116E+02  0.416E+02
  1991  0.962E+03  0.214E+03  0.192E+03  0.742E+02  0.388E+02  0.174E+02  0.118E+02  0.867E+01  0.132E+02  0.645E+02
  1992  0.107E+04  0.598E+03  0.170E+03  0.150E+03  0.593E+02  0.302E+02  0.145E+02  0.961E+01  0.767E+01  0.497E+02
  1993  0.918E+03  0.654E+03  0.478E+03  0.135E+03  0.117E+03  0.471E+02  0.240E+02  0.122E+02  0.806E+01  0.635E+02
  1994  0.148E+04  0.563E+03  0.510E+03  0.374E+03  0.107E+03  0.937E+02  0.384E+02  0.200E+02  0.106E+02  0.673E+02
  1995  0.119E+04  0.915E+03  0.441E+03  0.400E+03  0.292E+03  0.847E+02  0.770E+02  0.325E+02  0.176E+02  0.746E+02
  1996  0.138E+04  0.715E+03  0.719E+03  0.348E+03  0.315E+03  0.230E+03  0.697E+02  0.655E+02  0.277E+02  0.852E+02
  1997  0.114E+04  0.845E+03  0.562E+03  0.566E+03  0.272E+03  0.249E+03  0.189E+03  0.588E+02  0.562E+02  0.985E+02
  1998  0.739E+04  0.702E+03  0.661E+03  0.439E+03  0.446E+03  0.213E+03  0.204E+03  0.159E+03  0.509E+02  0.146E+03
  1999  0.689E+04  0.452E+04  0.549E+03  0.518E+03  0.344E+03  0.350E+03  0.176E+03  0.170E+03  0.135E+03  0.175E+03
  2000  0.631E+04  0.423E+04  0.355E+04  0.431E+03  0.405E+03  0.272E+03  0.287E+03  0.147E+03  0.146E+03  0.276E+03
  2001  0.660E+04  0.383E+04  0.331E+04  0.279E+04  0.338E+03  0.320E+03  0.223E+03  0.242E+03  0.126E+03  0.370E+03
  2002  0.254E+05  0.404E+04  0.301E+04  0.261E+04  0.219E+04  0.267E+03  0.262E+03  0.186E+03  0.209E+03  0.443E+03
  2003  0.175E+05  0.156E+05  0.317E+04  0.236E+04  0.205E+04  0.173E+04  0.219E+03  0.220E+03  0.160E+03  0.581E+03
  2004 -0.355E+05  0.107E+05  0.123E+05  0.250E+04  0.186E+04  0.161E+04  0.141E+04  0.183E+03  0.189E+03  0.657E+03
  2005 -0.190E+06 -0.217E+05  0.844E+04  0.966E+04  0.196E+04  0.146E+04  0.132E+04  0.119E+04  0.158E+03  0.765E+03
  2006  0.281E+06 -0.116E+06 -0.171E+05  0.663E+04  0.760E+04  0.154E+04  0.120E+04  0.111E+04  0.102E+04  0.832E+03
  2007  0.804E+06  0.172E+06 -0.912E+05 -0.134E+05  0.522E+04  0.598E+04  0.126E+04  0.100E+04  0.955E+03  0.166E+04
  2008  0.136E+07  0.493E+06  0.136E+06 -0.717E+05 -0.105E+05  0.411E+04  0.489E+04  0.106E+04  0.865E+03  0.234E+04
  2009  0.306E+06  0.835E+06  0.388E+06  0.107E+06 -0.564E+05 -0.826E+04  0.336E+04  0.411E+04  0.915E+03  0.289E+04
  2010  0.648E+05  0.188E+06  0.657E+06  0.305E+06  0.838E+05 -0.444E+05 -0.676E+04  0.282E+04  0.354E+04  0.342E+04
  2011  0.210E+05  0.397E+05  0.148E+06  0.517E+06  0.240E+06  0.660E+05 -0.363E+05 -0.567E+04  0.243E+04  0.624E+04
  2012             0.129E+05  0.312E+05  0.116E+06  0.407E+06  0.189E+06  0.540E+05 -0.305E+05 -0.488E+04  0.779E+04
====================================================================================================================     


TABLE 1D. STANDARD ERROR OF ABUNDANCE (BY AREA) OF BFTE test                                         
====================================================================================================================     
            1          2          3          4          5          6          7          8          9         10
--------------------------------------------------------------------------------------------------------------------     
  1950  0.570E+03  0.207E+03  0.297E+03  0.152E+03  0.918E+02  0.110E+03  0.601E+02  0.234E+02  0.147E+02  0.170E+02
  1951  0.493E+03  0.351E+03  0.162E+03  0.233E+03  0.119E+03  0.723E+02  0.904E+02  0.506E+02  0.203E+02  0.282E+02
  1952  0.808E+03  0.302E+03  0.276E+03  0.127E+03  0.183E+03  0.940E+02  0.591E+02  0.762E+02  0.437E+02  0.426E+02
  1953  0.757E+03  0.495E+03  0.237E+03  0.217E+03  0.100E+03  0.144E+03  0.763E+02  0.499E+02  0.655E+02  0.798E+02
  1954  0.880E+03  0.464E+03  0.389E+03  0.187E+03  0.171E+03  0.791E+02  0.118E+03  0.639E+02  0.431E+02  0.129E+03
  1955  0.553E+03  0.539E+03  0.365E+03  0.306E+03  0.147E+03  0.134E+03  0.652E+02  0.988E+02  0.552E+02  0.159E+03
  1956  0.289E+03  0.339E+03  0.425E+03  0.288E+03  0.241E+03  0.116E+03  0.110E+03  0.544E+02  0.847E+02  0.194E+03
  1957  0.174E+03  0.177E+03  0.267E+03  0.333E+03  0.226E+03  0.190E+03  0.938E+02  0.922E+02  0.468E+02  0.255E+03
  1958  0.339E+03  0.107E+03  0.138E+03  0.210E+03  0.262E+03  0.178E+03  0.155E+03  0.786E+02  0.796E+02  0.268E+03
  1959  0.296E+03  0.208E+03  0.834E+02  0.108E+03  0.165E+03  0.206E+03  0.146E+03  0.130E+03  0.677E+02  0.304E+03
  1960  0.254E+03  0.181E+03  0.164E+03  0.654E+02  0.848E+02  0.130E+03  0.169E+03  0.122E+03  0.112E+03  0.332E+03
  1961  0.349E+03  0.156E+03  0.143E+03  0.129E+03  0.514E+02  0.665E+02  0.107E+03  0.142E+03  0.105E+03  0.400E+03
  1962  0.799E+03  0.214E+03  0.122E+03  0.112E+03  0.102E+03  0.404E+02  0.543E+02  0.892E+02  0.122E+03  0.459E+03
  1963  0.105E+04  0.490E+03  0.167E+03  0.958E+02  0.882E+02  0.798E+02  0.331E+02  0.456E+02  0.768E+02  0.516E+03
  1964  0.739E+03  0.642E+03  0.385E+03  0.132E+03  0.753E+02  0.694E+02  0.653E+02  0.278E+02  0.392E+02  0.535E+03
  1965  0.180E+04  0.453E+03  0.504E+03  0.303E+03  0.104E+03  0.593E+02  0.568E+02  0.548E+02  0.239E+02  0.520E+03
  1966  0.118E+04  0.111E+04  0.357E+03  0.397E+03  0.237E+03  0.819E+02  0.485E+02  0.477E+02  0.471E+02  0.493E+03
  1967  0.518E+03  0.721E+03  0.870E+03  0.280E+03  0.312E+03  0.187E+03  0.670E+02  0.407E+02  0.410E+02  0.495E+03
  1968  0.455E+03  0.318E+03  0.566E+03  0.684E+03  0.220E+03  0.246E+03  0.153E+03  0.563E+02  0.351E+02  0.480E+03
  1969  0.455E+03  0.279E+03  0.250E+03  0.444E+03  0.539E+03  0.173E+03  0.201E+03  0.128E+03  0.485E+02  0.451E+03
  1970  0.307E+03  0.279E+03  0.219E+03  0.196E+03  0.350E+03  0.424E+03  0.142E+03  0.169E+03  0.111E+03  0.450E+03
  1971  0.101E+04  0.188E+03  0.219E+03  0.172E+03  0.155E+03  0.275E+03  0.347E+03  0.119E+03  0.145E+03  0.489E+03
  1972  0.649E+03  0.616E+03  0.148E+03  0.173E+03  0.135E+03  0.122E+03  0.225E+03  0.291E+03  0.103E+03  0.541E+03
  1973  0.114E+04  0.398E+03  0.484E+03  0.116E+03  0.136E+03  0.106E+03  0.996E+02  0.189E+03  0.251E+03  0.596E+03
  1974  0.794E+03  0.697E+03  0.313E+03  0.381E+03  0.913E+02  0.107E+03  0.871E+02  0.836E+02  0.162E+03  0.811E+03
  1975  0.909E+03  0.487E+03  0.548E+03  0.246E+03  0.299E+03  0.718E+02  0.875E+02  0.731E+02  0.719E+02  0.871E+03
  1976  0.166E+04  0.558E+03  0.382E+03  0.430E+03  0.193E+03  0.236E+03  0.588E+02  0.733E+02  0.630E+02  0.852E+03
  1977  0.475E+03  0.102E+04  0.438E+03  0.299E+03  0.338E+03  0.152E+03  0.193E+03  0.493E+02  0.631E+02  0.822E+03
  1978  0.498E+03  0.290E+03  0.798E+03  0.344E+03  0.235E+03  0.267E+03  0.124E+03  0.162E+03  0.425E+02  0.802E+03
  1979  0.649E+03  0.305E+03  0.227E+03  0.628E+03  0.271E+03  0.185E+03  0.219E+03  0.104E+03  0.139E+03  0.761E+03
  1980  0.642E+03  0.398E+03  0.240E+03  0.178E+03  0.494E+03  0.213E+03  0.152E+03  0.184E+03  0.897E+02  0.803E+03
  1981  0.775E+03  0.394E+03  0.313E+03  0.188E+03  0.140E+03  0.388E+03  0.174E+03  0.127E+03  0.158E+03  0.803E+03
  1982  0.188E+04  0.476E+03  0.308E+03  0.245E+03  0.148E+03  0.110E+03  0.319E+03  0.146E+03  0.109E+03  0.860E+03
  1983  0.161E+04  0.115E+04  0.373E+03  0.241E+03  0.193E+03  0.116E+03  0.903E+02  0.268E+03  0.126E+03  0.877E+03
  1984  0.131E+04  0.981E+03  0.903E+03  0.293E+03  0.190E+03  0.152E+03  0.954E+02  0.757E+02  0.230E+03  0.905E+03
  1985  0.112E+04  0.800E+03  0.769E+03  0.710E+03  0.230E+03  0.149E+03  0.124E+03  0.801E+02  0.652E+02  0.103E+04
  1986  0.141E+04  0.684E+03  0.627E+03  0.603E+03  0.559E+03  0.181E+03  0.122E+03  0.104E+03  0.689E+02  0.986E+03
  1987  0.220E+04  0.861E+03  0.537E+03  0.493E+03  0.474E+03  0.439E+03  0.148E+03  0.103E+03  0.897E+02  0.949E+03
  1988  0.339E+04  0.135E+04  0.675E+03  0.422E+03  0.388E+03  0.373E+03  0.360E+03  0.124E+03  0.883E+02  0.938E+03
  1989  0.704E+04  0.207E+04  0.106E+04  0.530E+03  0.332E+03  0.305E+03  0.305E+03  0.302E+03  0.107E+03  0.927E+03
  1990  0.609E+04  0.431E+04  0.162E+04  0.833E+03  0.416E+03  0.261E+03  0.249E+03  0.256E+03  0.260E+03  0.933E+03
  1991  0.163E+05  0.373E+04  0.339E+04  0.127E+04  0.655E+03  0.327E+03  0.213E+03  0.209E+03  0.220E+03  0.107E+04
  1992  0.177E+05  0.999E+04  0.293E+04  0.266E+04  0.100E+04  0.515E+03  0.268E+03  0.179E+03  0.180E+03  0.117E+04
  1993  0.157E+05  0.109E+05  0.785E+04  0.230E+04  0.209E+04  0.788E+03  0.421E+03  0.225E+03  0.154E+03  0.121E+04
  1994  0.261E+05  0.960E+04  0.851E+04  0.616E+04  0.181E+04  0.165E+04  0.645E+03  0.354E+03  0.194E+03  0.123E+04
  1995  0.202E+05  0.160E+05  0.754E+04  0.669E+04  0.485E+04  0.142E+04  0.135E+04  0.542E+03  0.304E+03  0.129E+04
  1996  0.244E+05  0.124E+05  0.126E+05  0.593E+04  0.527E+04  0.381E+04  0.116E+04  0.113E+04  0.466E+03  0.143E+04
  1997  0.203E+05  0.149E+05  0.969E+04  0.988E+04  0.466E+04  0.414E+04  0.312E+04  0.977E+03  0.974E+03  0.171E+04
  1998  0.130E+06  0.124E+05  0.117E+05  0.761E+04  0.777E+04  0.366E+04  0.339E+04  0.262E+04  0.841E+03  0.240E+04
  1999  0.122E+06  0.797E+05  0.966E+04  0.915E+04  0.599E+04  0.611E+04  0.300E+04  0.285E+04  0.226E+04  0.291E+04
  2000  0.112E+06  0.750E+05  0.627E+05  0.759E+04  0.719E+04  0.471E+04  0.500E+04  0.251E+04  0.245E+04  0.462E+04
  2001  0.116E+06  0.677E+05  0.588E+05  0.492E+05  0.597E+04  0.566E+04  0.385E+04  0.420E+04  0.216E+04  0.634E+04
  2002  0.447E+06  0.713E+05  0.529E+05  0.462E+05  0.387E+05  0.470E+04  0.463E+04  0.323E+04  0.362E+04  0.765E+04
  2003  0.306E+06  0.274E+06  0.557E+05  0.415E+05  0.363E+05  0.305E+05  0.385E+04  0.389E+04  0.278E+04  0.101E+05
  2004  0.219E+06  0.187E+06  0.215E+06  0.438E+05  0.326E+05  0.286E+05  0.249E+05  0.323E+04  0.334E+04  0.116E+05
  2005  0.348E+06  0.134E+06  0.147E+06  0.169E+06  0.345E+05  0.257E+05  0.234E+05  0.209E+05  0.278E+04  0.134E+05
  2006  0.719E+06  0.213E+06  0.105E+06  0.116E+06  0.133E+06  0.271E+05  0.210E+05  0.196E+05  0.180E+05  0.146E+05
  2007  0.166E+07  0.441E+06  0.167E+06  0.828E+05  0.911E+05  0.105E+06  0.222E+05  0.176E+05  0.169E+05  0.291E+05
  2008  0.232E+07  0.101E+07  0.347E+06  0.132E+06  0.650E+05  0.716E+05  0.858E+05  0.186E+05  0.152E+05  0.411E+05
  2009  0.205E+07  0.142E+07  0.798E+06  0.273E+06  0.104E+06  0.511E+05  0.586E+05  0.720E+05  0.160E+05  0.506E+05
  2010  0.671E+06  0.126E+07  0.112E+07  0.628E+06  0.214E+06  0.815E+05  0.418E+05  0.492E+05  0.620E+05  0.599E+05
  2011  0.287E+06  0.411E+06  0.988E+06  0.881E+06  0.494E+06  0.169E+06  0.667E+05  0.351E+05  0.424E+05  0.109E+06
  2012             0.176E+06  0.323E+06  0.777E+06  0.693E+06  0.389E+06  0.138E+06  0.560E+05  0.302E+05  0.136E+06
====================================================================================================================     


TABLE 1E. PARAMETER ESTIMATES FOR BFTE test                                         
==================================================================
 
 TERMINAL AGE STRUCTURE OF POPULATION ABUNDANCE
                  Average of               Std.              
  Age      MLE    bootstraps    Bias       Error   % CV      
  ---  ---------- ---------- ---------- ---------- -----     
    2   0.325E+06  0.410E+06  0.129E+05  0.176E+06  43.0
    3   0.617E+06  0.775E+06  0.312E+05  0.323E+06  41.7
    4   0.165E+07  0.203E+07  0.116E+06  0.777E+06  38.4
    5   0.165E+07  0.202E+07  0.407E+06  0.693E+06  34.3
    6   0.116E+07  0.140E+07  0.189E+06  0.389E+06  27.7
    7   0.582E+06  0.631E+06  0.540E+05  0.138E+06  21.9
    8   0.315E+06  0.314E+06 -0.305E+05  0.560E+05  17.8
    9   0.189E+06  0.186E+06 -0.488E+04  0.302E+05  16.2
   10   0.828E+06  0.845E+06  0.779E+04  0.136E+06  16.1
 
 TERMINAL AGE STRUCTURE OF FISHING MORTALITY RATE
                  Average of               Std.              
  Age      MLE    bootstraps    Bias       Error   % CV      
  ---  ---------- ---------- ---------- ---------- -----     
    1   0.501E-04  0.470E-04  0.599E-05  0.187E-04  39.7
    2   0.383E-02  0.356E-02  0.387E-03  0.135E-02  37.9
    3   0.178E-02  0.166E-02  0.117E-03  0.582E-03  35.1
    4   0.868E-02  0.791E-02 -0.993E-03  0.249E-02  31.5
    5   0.297E-01  0.264E-01 -0.204E-02  0.666E-02  25.3
    6   0.228E-01  0.220E-01 -0.998E-03  0.456E-02  20.7
    7   0.297E-01  0.307E-01  0.351E-02  0.530E-02  17.3
    8   0.212E-01  0.220E-01  0.109E-02  0.353E-02  16.0
    9   0.272E-01  0.274E-01  0.441E-03  0.445E-02  16.3
   10   0.272E-01  0.274E-01  0.441E-03  0.445E-02  16.3
 
 RATIO OF FISHING MORTALITY RATE ON LAST TWO AGES (F-RATIO)
                  Average of               Std.              
 Year      MLE    bootstraps    Bias       Error   % CV      
 ----  ---------- ---------- ---------- ---------- -----     
 1950   0.700E+00  0.700E+00  0.000E+00  0.329E-07   0.0
 1951   0.700E+00  0.700E+00  0.000E+00  0.215E-07   0.0
 1952   0.700E+00  0.700E+00  0.000E+00  0.237E-07   0.0
 1953   0.700E+00  0.700E+00  0.000E+00  0.239E-07   0.0
 1954   0.700E+00  0.700E+00  0.000E+00  0.165E-07   0.0
 1955   0.700E+00  0.700E+00  0.000E+00  0.237E-07   0.0
 1956   0.700E+00  0.700E+00  0.000E+00  0.170E-07   0.0
 1957   0.700E+00  0.700E+00  0.000E+00  0.200E-07   0.0
 1958   0.700E+00  0.700E+00  0.000E+00  0.311E-07   0.0
 1959   0.700E+00  0.700E+00  0.000E+00  0.300E-07   0.0
 1960   0.700E+00  0.700E+00  0.000E+00  0.211E-07   0.0
 1961   0.700E+00  0.700E+00  0.000E+00  0.283E-07   0.0
 1962   0.700E+00  0.700E+00  0.000E+00  0.345E-07   0.0
 1963   0.700E+00  0.700E+00  0.000E+00  0.233E-07   0.0
 1964   0.700E+00  0.700E+00  0.000E+00  0.242E-07   0.0
 1965   0.700E+00  0.700E+00  0.000E+00  0.209E-07   0.0
 1966   0.700E+00  0.700E+00  0.000E+00  0.290E-07   0.0
 1967   0.700E+00  0.700E+00  0.000E+00  0.222E-07   0.0
 1968   0.700E+00  0.700E+00  0.000E+00  0.270E-07   0.0
 1969   0.700E+00  0.700E+00  0.000E+00  0.272E-07   0.0
 1970   0.100E+01  0.100E+01  0.000E+00  0.000E+00   0.0
 1971   0.100E+01  0.100E+01  0.000E+00  0.000E+00   0.0
 1972   0.100E+01  0.100E+01  0.000E+00  0.000E+00   0.0
 1973   0.100E+01  0.100E+01  0.000E+00  0.000E+00   0.0
 1974   0.100E+01  0.100E+01  0.000E+00  0.000E+00   0.0
 1975   0.100E+01  0.100E+01  0.000E+00  0.000E+00   0.0
 1976   0.100E+01  0.100E+01  0.000E+00  0.000E+00   0.0
 1977   0.100E+01  0.100E+01  0.000E+00  0.000E+00   0.0
 1978   0.100E+01  0.100E+01  0.000E+00  0.000E+00   0.0
 1979   0.100E+01  0.100E+01  0.000E+00  0.000E+00   0.0
 1980   0.100E+01  0.100E+01  0.000E+00  0.000E+00   0.0
 1981   0.100E+01  0.100E+01  0.000E+00  0.000E+00   0.0
 1982   0.100E+01  0.100E+01  0.000E+00  0.000E+00   0.0
 1983   0.100E+01  0.100E+01  0.000E+00  0.000E+00   0.0
 1984   0.100E+01  0.100E+01  0.000E+00  0.000E+00   0.0
 1985   0.600E+00  0.600E+00  0.000E+00  0.228E-07   0.0
 1986   0.600E+00  0.600E+00  0.000E+00  0.241E-07   0.0
 1987   0.600E+00  0.600E+00  0.000E+00  0.256E-07   0.0
 1988   0.600E+00  0.600E+00  0.000E+00  0.175E-07   0.0
 1989   0.600E+00  0.600E+00  0.000E+00  0.204E-07   0.0
 1990   0.600E+00  0.600E+00  0.000E+00  0.187E-07   0.0
 1991   0.600E+00  0.600E+00  0.000E+00  0.247E-07   0.0
 1992   0.600E+00  0.600E+00  0.000E+00  0.215E-07   0.0
 1993   0.600E+00  0.600E+00  0.000E+00  0.238E-07   0.0
 1994   0.600E+00  0.600E+00  0.000E+00  0.189E-07   0.0
 1995   0.120E+01  0.120E+01  0.000E+00  0.334E-07   0.0
 1996   0.120E+01  0.120E+01  0.000E+00  0.370E-07   0.0
 1997   0.120E+01  0.120E+01  0.000E+00  0.519E-07   0.0
 1998   0.120E+01  0.120E+01  0.000E+00  0.403E-07   0.0
 1999   0.120E+01  0.120E+01  0.000E+00  0.520E-07   0.0
 2000   0.120E+01  0.120E+01  0.000E+00  0.517E-07   0.0
 2001   0.120E+01  0.120E+01  0.000E+00  0.403E-07   0.0
 2002   0.120E+01  0.120E+01  0.000E+00  0.411E-07   0.0
 2003   0.120E+01  0.120E+01  0.000E+00  0.526E-07   0.0
 2004   0.120E+01  0.120E+01  0.000E+00  0.503E-07   0.0
 2005   0.120E+01  0.120E+01  0.000E+00  0.346E-07   0.0
 2006   0.120E+01  0.120E+01  0.000E+00  0.413E-07   0.0
 2007   0.120E+01  0.120E+01  0.000E+00  0.380E-07   0.0
 2008   0.100E+01  0.100E+01  0.000E+00  0.000E+00   0.0
 2009   0.100E+01  0.100E+01  0.000E+00  0.000E+00   0.0
 2010   0.100E+01  0.100E+01  0.000E+00  0.000E+00   0.0
 2011   0.100E+01  0.100E+01  0.000E+00  0.000E+00   0.0
 
 NATURAL MORTALITY RATE
                  Average of               Std.              
  Age      MLE    bootstraps    Bias       Error   % CV      
  ---  ---------- ---------- ---------- ---------- -----     
    1   0.490E+00  0.490E+00  0.000E+00  0.000E+00   0.0
    2   0.240E+00  0.240E+00  0.000E+00  0.000E+00   0.0
    3   0.240E+00  0.240E+00  0.000E+00  0.000E+00   0.0
    4   0.240E+00  0.240E+00  0.000E+00  0.000E+00   0.0
    5   0.240E+00  0.240E+00  0.000E+00  0.000E+00   0.0
    6   0.200E+00  0.200E+00  0.000E+00  0.000E+00   0.0
    7   0.175E+00  0.175E+00  0.000E+00  0.000E+00   0.0
    8   0.150E+00  0.150E+00  0.000E+00  0.000E+00   0.0
    9   0.125E+00  0.125E+00  0.000E+00  0.000E+00   0.0
   10   0.100E+00  0.100E+00  0.000E+00  0.000E+00   0.0
 
 TRANSFER COEFFICIENTS
                  Average of               Std.              
  Age      MLE    bootstraps    Bias       Error   % CV      
  ---  ---------- ---------- ---------- ---------- -----     
    1   0.000E+00  0.000E+00  0.000E+00  0.000E+00   0.0
    2   0.000E+00  0.000E+00  0.000E+00  0.000E+00   0.0
    3   0.000E+00  0.000E+00  0.000E+00  0.000E+00   0.0
    4   0.000E+00  0.000E+00  0.000E+00  0.000E+00   0.0
    5   0.000E+00  0.000E+00  0.000E+00  0.000E+00   0.0
    6   0.000E+00  0.000E+00  0.000E+00  0.000E+00   0.0
    7   0.000E+00  0.000E+00  0.000E+00  0.000E+00   0.0
    8   0.000E+00  0.000E+00  0.000E+00  0.000E+00   0.0
    9   0.000E+00  0.000E+00  0.000E+00  0.000E+00   0.0
   10   0.000E+00  0.000E+00  0.000E+00  0.000E+00   0.0
 
 
 VARIANCE SCALING PARAMETERS
                  Average of               Std.              
 Index     MLE    bootstraps    Bias       Error   % CV      
 ----- ---------- ---------- ---------- ---------- -----     
    1   0.673E+00  0.668E+00 -0.503E-02  0.600E-01   9.0
    2   0.673E+00  0.668E+00 -0.503E-02  0.600E-01   9.0
    3   0.673E+00  0.668E+00 -0.503E-02  0.600E-01   9.0
    4   0.673E+00  0.668E+00 -0.503E-02  0.600E-01   9.0
    5   0.673E+00  0.668E+00 -0.503E-02  0.600E-01   9.0
    6   0.673E+00  0.668E+00 -0.503E-02  0.600E-01   9.0
    7   0.673E+00  0.668E+00 -0.503E-02  0.600E-01   9.0
 
 CATCHABILITY COEFFICIENTS
                         Average of               Std.           
 Index  Year      MLE    bootstraps    Bias       Error   % CV   
 -----  ----  ---------- ---------- ---------- ---------- -----  
    1   1950   0.137E-05  0.137E-05 -0.118E-06  0.115E-06   8.4
    1   1951   0.137E-05  0.137E-05 -0.118E-06  0.115E-06   8.4
    1   1952   0.137E-05  0.137E-05 -0.118E-06  0.115E-06   8.4
    1   1953   0.137E-05  0.137E-05 -0.118E-06  0.115E-06   8.4
    1   1954   0.137E-05  0.137E-05 -0.118E-06  0.115E-06   8.4
    1   1955   0.137E-05  0.137E-05 -0.118E-06  0.115E-06   8.4
    1   1956   0.137E-05  0.137E-05 -0.118E-06  0.115E-06   8.4
    1   1957   0.137E-05  0.137E-05 -0.118E-06  0.115E-06   8.4
    1   1958   0.137E-05  0.137E-05 -0.118E-06  0.115E-06   8.4
    1   1959   0.137E-05  0.137E-05 -0.118E-06  0.115E-06   8.4
    1   1960   0.137E-05  0.137E-05 -0.118E-06  0.115E-06   8.4
    1   1961   0.137E-05  0.137E-05 -0.118E-06  0.115E-06   8.4
    1   1962   0.137E-05  0.137E-05 -0.118E-06  0.115E-06   8.4
    1   1963   0.137E-05  0.137E-05 -0.118E-06  0.115E-06   8.4
    1   1964   0.137E-05  0.137E-05 -0.118E-06  0.115E-06   8.4
    1   1965   0.137E-05  0.137E-05 -0.118E-06  0.115E-06   8.4
    1   1966   0.137E-05  0.137E-05 -0.118E-06  0.115E-06   8.4
    1   1967   0.137E-05  0.137E-05 -0.118E-06  0.115E-06   8.4
    1   1968   0.137E-05  0.137E-05 -0.118E-06  0.115E-06   8.4
    1   1969   0.137E-05  0.137E-05 -0.118E-06  0.115E-06   8.4
    1   1970   0.137E-05  0.137E-05 -0.118E-06  0.115E-06   8.4
    1   1971   0.137E-05  0.137E-05 -0.118E-06  0.115E-06   8.4
    1   1972   0.137E-05  0.137E-05 -0.118E-06  0.115E-06   8.4
    1   1973   0.137E-05  0.137E-05 -0.118E-06  0.115E-06   8.4
    1   1974   0.137E-05  0.137E-05 -0.118E-06  0.115E-06   8.4
    1   1975   0.137E-05  0.137E-05 -0.118E-06  0.115E-06   8.4
    1   1976   0.137E-05  0.137E-05 -0.118E-06  0.115E-06   8.4
    1   1977   0.137E-05  0.137E-05 -0.118E-06  0.115E-06   8.4
    1   1978   0.137E-05  0.137E-05 -0.118E-06  0.115E-06   8.4
    1   1979   0.137E-05  0.137E-05 -0.118E-06  0.115E-06   8.4
    1   1980   0.137E-05  0.137E-05 -0.118E-06  0.115E-06   8.4
    1   1981   0.137E-05  0.137E-05 -0.118E-06  0.115E-06   8.4
    1   1982   0.137E-05  0.137E-05 -0.118E-06  0.115E-06   8.4
    1   1983   0.137E-05  0.137E-05 -0.118E-06  0.115E-06   8.4
    1   1984   0.137E-05  0.137E-05 -0.118E-06  0.115E-06   8.4
    1   1985   0.137E-05  0.137E-05 -0.118E-06  0.115E-06   8.4
    1   1986   0.137E-05  0.137E-05 -0.118E-06  0.115E-06   8.4
    1   1987   0.137E-05  0.137E-05 -0.118E-06  0.115E-06   8.4
    1   1988   0.137E-05  0.137E-05 -0.118E-06  0.115E-06   8.4
    1   1989   0.137E-05  0.137E-05 -0.118E-06  0.115E-06   8.4
    1   1990   0.137E-05  0.137E-05 -0.118E-06  0.115E-06   8.4
    1   1991   0.137E-05  0.137E-05 -0.118E-06  0.115E-06   8.4
    1   1992   0.137E-05  0.137E-05 -0.118E-06  0.115E-06   8.4
    1   1993   0.137E-05  0.137E-05 -0.118E-06  0.115E-06   8.4
    1   1994   0.137E-05  0.137E-05 -0.118E-06  0.115E-06   8.4
    1   1995   0.137E-05  0.137E-05 -0.118E-06  0.115E-06   8.4
    1   1996   0.137E-05  0.137E-05 -0.118E-06  0.115E-06   8.4
    1   1997   0.137E-05  0.137E-05 -0.118E-06  0.115E-06   8.4
    1   1998   0.137E-05  0.137E-05 -0.118E-06  0.115E-06   8.4
    1   1999   0.137E-05  0.137E-05 -0.118E-06  0.115E-06   8.4
    1   2000   0.137E-05  0.137E-05 -0.118E-06  0.115E-06   8.4
    1   2001   0.137E-05  0.137E-05 -0.118E-06  0.115E-06   8.4
    1   2002   0.137E-05  0.137E-05 -0.118E-06  0.115E-06   8.4
    1   2003   0.137E-05  0.137E-05 -0.118E-06  0.115E-06   8.4
    1   2004   0.137E-05  0.137E-05 -0.118E-06  0.115E-06   8.4
    1   2005   0.137E-05  0.137E-05 -0.118E-06  0.115E-06   8.4
    1   2006   0.137E-05  0.137E-05 -0.118E-06  0.115E-06   8.4
    1   2007   0.137E-05  0.137E-05 -0.118E-06  0.115E-06   8.4
    1   2008   0.137E-05  0.137E-05 -0.118E-06  0.115E-06   8.4
    1   2009   0.137E-05  0.137E-05 -0.118E-06  0.115E-06   8.4
    1   2010   0.137E-05  0.137E-05 -0.118E-06  0.115E-06   8.4
    1   2011   0.137E-05  0.137E-05 -0.118E-06  0.115E-06   8.4
    2   1950   0.122E-05  0.122E-05 -0.108E-06  0.891E-07   7.3
    2   1951   0.122E-05  0.122E-05 -0.108E-06  0.891E-07   7.3
    2   1952   0.122E-05  0.122E-05 -0.108E-06  0.891E-07   7.3
    2   1953   0.122E-05  0.122E-05 -0.108E-06  0.891E-07   7.3
    2   1954   0.122E-05  0.122E-05 -0.108E-06  0.891E-07   7.3
    2   1955   0.122E-05  0.122E-05 -0.108E-06  0.891E-07   7.3
    2   1956   0.122E-05  0.122E-05 -0.108E-06  0.891E-07   7.3
    2   1957   0.122E-05  0.122E-05 -0.108E-06  0.891E-07   7.3
    2   1958   0.122E-05  0.122E-05 -0.108E-06  0.891E-07   7.3
    2   1959   0.122E-05  0.122E-05 -0.108E-06  0.891E-07   7.3
    2   1960   0.122E-05  0.122E-05 -0.108E-06  0.891E-07   7.3
    2   1961   0.122E-05  0.122E-05 -0.108E-06  0.891E-07   7.3
    2   1962   0.122E-05  0.122E-05 -0.108E-06  0.891E-07   7.3
    2   1963   0.122E-05  0.122E-05 -0.108E-06  0.891E-07   7.3
    2   1964   0.122E-05  0.122E-05 -0.108E-06  0.891E-07   7.3
    2   1965   0.122E-05  0.122E-05 -0.108E-06  0.891E-07   7.3
    2   1966   0.122E-05  0.122E-05 -0.108E-06  0.891E-07   7.3
    2   1967   0.122E-05  0.122E-05 -0.108E-06  0.891E-07   7.3
    2   1968   0.122E-05  0.122E-05 -0.108E-06  0.891E-07   7.3
    2   1969   0.122E-05  0.122E-05 -0.108E-06  0.891E-07   7.3
    2   1970   0.122E-05  0.122E-05 -0.108E-06  0.891E-07   7.3
    2   1971   0.122E-05  0.122E-05 -0.108E-06  0.891E-07   7.3
    2   1972   0.122E-05  0.122E-05 -0.108E-06  0.891E-07   7.3
    2   1973   0.122E-05  0.122E-05 -0.108E-06  0.891E-07   7.3
    2   1974   0.122E-05  0.122E-05 -0.108E-06  0.891E-07   7.3
    2   1975   0.122E-05  0.122E-05 -0.108E-06  0.891E-07   7.3
    2   1976   0.122E-05  0.122E-05 -0.108E-06  0.891E-07   7.3
    2   1977   0.122E-05  0.122E-05 -0.108E-06  0.891E-07   7.3
    2   1978   0.122E-05  0.122E-05 -0.108E-06  0.891E-07   7.3
    2   1979   0.122E-05  0.122E-05 -0.108E-06  0.891E-07   7.3
    2   1980   0.122E-05  0.122E-05 -0.108E-06  0.891E-07   7.3
    2   1981   0.122E-05  0.122E-05 -0.108E-06  0.891E-07   7.3
    2   1982   0.122E-05  0.122E-05 -0.108E-06  0.891E-07   7.3
    2   1983   0.122E-05  0.122E-05 -0.108E-06  0.891E-07   7.3
    2   1984   0.122E-05  0.122E-05 -0.108E-06  0.891E-07   7.3
    2   1985   0.122E-05  0.122E-05 -0.108E-06  0.891E-07   7.3
    2   1986   0.122E-05  0.122E-05 -0.108E-06  0.891E-07   7.3
    2   1987   0.122E-05  0.122E-05 -0.108E-06  0.891E-07   7.3
    2   1988   0.122E-05  0.122E-05 -0.108E-06  0.891E-07   7.3
    2   1989   0.122E-05  0.122E-05 -0.108E-06  0.891E-07   7.3
    2   1990   0.122E-05  0.122E-05 -0.108E-06  0.891E-07   7.3
    2   1991   0.122E-05  0.122E-05 -0.108E-06  0.891E-07   7.3
    2   1992   0.122E-05  0.122E-05 -0.108E-06  0.891E-07   7.3
    2   1993   0.122E-05  0.122E-05 -0.108E-06  0.891E-07   7.3
    2   1994   0.122E-05  0.122E-05 -0.108E-06  0.891E-07   7.3
    2   1995   0.122E-05  0.122E-05 -0.108E-06  0.891E-07   7.3
    2   1996   0.122E-05  0.122E-05 -0.108E-06  0.891E-07   7.3
    2   1997   0.122E-05  0.122E-05 -0.108E-06  0.891E-07   7.3
    2   1998   0.122E-05  0.122E-05 -0.108E-06  0.891E-07   7.3
    2   1999   0.122E-05  0.122E-05 -0.108E-06  0.891E-07   7.3
    2   2000   0.122E-05  0.122E-05 -0.108E-06  0.891E-07   7.3
    2   2001   0.122E-05  0.122E-05 -0.108E-06  0.891E-07   7.3
    2   2002   0.122E-05  0.122E-05 -0.108E-06  0.891E-07   7.3
    2   2003   0.122E-05  0.122E-05 -0.108E-06  0.891E-07   7.3
    2   2004   0.122E-05  0.122E-05 -0.108E-06  0.891E-07   7.3
    2   2005   0.122E-05  0.122E-05 -0.108E-06  0.891E-07   7.3
    2   2006   0.122E-05  0.122E-05 -0.108E-06  0.891E-07   7.3
    2   2007   0.122E-05  0.122E-05 -0.108E-06  0.891E-07   7.3
    2   2008   0.122E-05  0.122E-05 -0.108E-06  0.891E-07   7.3
    2   2009   0.122E-05  0.122E-05 -0.108E-06  0.891E-07   7.3
    2   2010   0.122E-05  0.122E-05 -0.108E-06  0.891E-07   7.3
    2   2011   0.122E-05  0.122E-05 -0.108E-06  0.891E-07   7.3
    3   1950   0.573E-08  0.583E-08 -0.136E-08  0.964E-09  16.5
    3   1951   0.573E-08  0.583E-08 -0.136E-08  0.964E-09  16.5
    3   1952   0.573E-08  0.583E-08 -0.136E-08  0.964E-09  16.5
    3   1953   0.573E-08  0.583E-08 -0.136E-08  0.964E-09  16.5
    3   1954   0.573E-08  0.583E-08 -0.136E-08  0.964E-09  16.5
    3   1955   0.573E-08  0.583E-08 -0.136E-08  0.964E-09  16.5
    3   1956   0.573E-08  0.583E-08 -0.136E-08  0.964E-09  16.5
    3   1957   0.573E-08  0.583E-08 -0.136E-08  0.964E-09  16.5
    3   1958   0.573E-08  0.583E-08 -0.136E-08  0.964E-09  16.5
    3   1959   0.573E-08  0.583E-08 -0.136E-08  0.964E-09  16.5
    3   1960   0.573E-08  0.583E-08 -0.136E-08  0.964E-09  16.5
    3   1961   0.573E-08  0.583E-08 -0.136E-08  0.964E-09  16.5
    3   1962   0.573E-08  0.583E-08 -0.136E-08  0.964E-09  16.5
    3   1963   0.573E-08  0.583E-08 -0.136E-08  0.964E-09  16.5
    3   1964   0.573E-08  0.583E-08 -0.136E-08  0.964E-09  16.5
    3   1965   0.573E-08  0.583E-08 -0.136E-08  0.964E-09  16.5
    3   1966   0.573E-08  0.583E-08 -0.136E-08  0.964E-09  16.5
    3   1967   0.573E-08  0.583E-08 -0.136E-08  0.964E-09  16.5
    3   1968   0.573E-08  0.583E-08 -0.136E-08  0.964E-09  16.5
    3   1969   0.573E-08  0.583E-08 -0.136E-08  0.964E-09  16.5
    3   1970   0.573E-08  0.583E-08 -0.136E-08  0.964E-09  16.5
    3   1971   0.573E-08  0.583E-08 -0.136E-08  0.964E-09  16.5
    3   1972   0.573E-08  0.583E-08 -0.136E-08  0.964E-09  16.5
    3   1973   0.573E-08  0.583E-08 -0.136E-08  0.964E-09  16.5
    3   1974   0.573E-08  0.583E-08 -0.136E-08  0.964E-09  16.5
    3   1975   0.573E-08  0.583E-08 -0.136E-08  0.964E-09  16.5
    3   1976   0.573E-08  0.583E-08 -0.136E-08  0.964E-09  16.5
    3   1977   0.573E-08  0.583E-08 -0.136E-08  0.964E-09  16.5
    3   1978   0.573E-08  0.583E-08 -0.136E-08  0.964E-09  16.5
    3   1979   0.573E-08  0.583E-08 -0.136E-08  0.964E-09  16.5
    3   1980   0.573E-08  0.583E-08 -0.136E-08  0.964E-09  16.5
    3   1981   0.573E-08  0.583E-08 -0.136E-08  0.964E-09  16.5
    3   1982   0.573E-08  0.583E-08 -0.136E-08  0.964E-09  16.5
    3   1983   0.573E-08  0.583E-08 -0.136E-08  0.964E-09  16.5
    3   1984   0.573E-08  0.583E-08 -0.136E-08  0.964E-09  16.5
    3   1985   0.573E-08  0.583E-08 -0.136E-08  0.964E-09  16.5
    3   1986   0.573E-08  0.583E-08 -0.136E-08  0.964E-09  16.5
    3   1987   0.573E-08  0.583E-08 -0.136E-08  0.964E-09  16.5
    3   1988   0.573E-08  0.583E-08 -0.136E-08  0.964E-09  16.5
    3   1989   0.573E-08  0.583E-08 -0.136E-08  0.964E-09  16.5
    3   1990   0.573E-08  0.583E-08 -0.136E-08  0.964E-09  16.5
    3   1991   0.573E-08  0.583E-08 -0.136E-08  0.964E-09  16.5
    3   1992   0.573E-08  0.583E-08 -0.136E-08  0.964E-09  16.5
    3   1993   0.573E-08  0.583E-08 -0.136E-08  0.964E-09  16.5
    3   1994   0.573E-08  0.583E-08 -0.136E-08  0.964E-09  16.5
    3   1995   0.573E-08  0.583E-08 -0.136E-08  0.964E-09  16.5
    3   1996   0.573E-08  0.583E-08 -0.136E-08  0.964E-09  16.5
    3   1997   0.573E-08  0.583E-08 -0.136E-08  0.964E-09  16.5
    3   1998   0.573E-08  0.583E-08 -0.136E-08  0.964E-09  16.5
    3   1999   0.573E-08  0.583E-08 -0.136E-08  0.964E-09  16.5
    3   2000   0.573E-08  0.583E-08 -0.136E-08  0.964E-09  16.5
    3   2001   0.573E-08  0.583E-08 -0.136E-08  0.964E-09  16.5
    3   2002   0.573E-08  0.583E-08 -0.136E-08  0.964E-09  16.5
    3   2003   0.573E-08  0.583E-08 -0.136E-08  0.964E-09  16.5
    3   2004   0.573E-08  0.583E-08 -0.136E-08  0.964E-09  16.5
    3   2005   0.573E-08  0.583E-08 -0.136E-08  0.964E-09  16.5
    3   2006   0.573E-08  0.583E-08 -0.136E-08  0.964E-09  16.5
    3   2007   0.573E-08  0.583E-08 -0.136E-08  0.964E-09  16.5
    3   2008   0.573E-08  0.583E-08 -0.136E-08  0.964E-09  16.5
    3   2009   0.573E-08  0.583E-08 -0.136E-08  0.964E-09  16.5
    3   2010   0.573E-08  0.583E-08 -0.136E-08  0.964E-09  16.5
    3   2011   0.573E-08  0.583E-08 -0.136E-08  0.964E-09  16.5
    4   1950   0.118E-05  0.117E-05 -0.108E-06  0.117E-06  10.0
    4   1951   0.118E-05  0.117E-05 -0.108E-06  0.117E-06  10.0
    4   1952   0.118E-05  0.117E-05 -0.108E-06  0.117E-06  10.0
    4   1953   0.118E-05  0.117E-05 -0.108E-06  0.117E-06  10.0
    4   1954   0.118E-05  0.117E-05 -0.108E-06  0.117E-06  10.0
    4   1955   0.118E-05  0.117E-05 -0.108E-06  0.117E-06  10.0
    4   1956   0.118E-05  0.117E-05 -0.108E-06  0.117E-06  10.0
    4   1957   0.118E-05  0.117E-05 -0.108E-06  0.117E-06  10.0
    4   1958   0.118E-05  0.117E-05 -0.108E-06  0.117E-06  10.0
    4   1959   0.118E-05  0.117E-05 -0.108E-06  0.117E-06  10.0
    4   1960   0.118E-05  0.117E-05 -0.108E-06  0.117E-06  10.0
    4   1961   0.118E-05  0.117E-05 -0.108E-06  0.117E-06  10.0
    4   1962   0.118E-05  0.117E-05 -0.108E-06  0.117E-06  10.0
    4   1963   0.118E-05  0.117E-05 -0.108E-06  0.117E-06  10.0
    4   1964   0.118E-05  0.117E-05 -0.108E-06  0.117E-06  10.0
    4   1965   0.118E-05  0.117E-05 -0.108E-06  0.117E-06  10.0
    4   1966   0.118E-05  0.117E-05 -0.108E-06  0.117E-06  10.0
    4   1967   0.118E-05  0.117E-05 -0.108E-06  0.117E-06  10.0
    4   1968   0.118E-05  0.117E-05 -0.108E-06  0.117E-06  10.0
    4   1969   0.118E-05  0.117E-05 -0.108E-06  0.117E-06  10.0
    4   1970   0.118E-05  0.117E-05 -0.108E-06  0.117E-06  10.0
    4   1971   0.118E-05  0.117E-05 -0.108E-06  0.117E-06  10.0
    4   1972   0.118E-05  0.117E-05 -0.108E-06  0.117E-06  10.0
    4   1973   0.118E-05  0.117E-05 -0.108E-06  0.117E-06  10.0
    4   1974   0.118E-05  0.117E-05 -0.108E-06  0.117E-06  10.0
    4   1975   0.118E-05  0.117E-05 -0.108E-06  0.117E-06  10.0
    4   1976   0.118E-05  0.117E-05 -0.108E-06  0.117E-06  10.0
    4   1977   0.118E-05  0.117E-05 -0.108E-06  0.117E-06  10.0
    4   1978   0.118E-05  0.117E-05 -0.108E-06  0.117E-06  10.0
    4   1979   0.118E-05  0.117E-05 -0.108E-06  0.117E-06  10.0
    4   1980   0.118E-05  0.117E-05 -0.108E-06  0.117E-06  10.0
    4   1981   0.118E-05  0.117E-05 -0.108E-06  0.117E-06  10.0
    4   1982   0.118E-05  0.117E-05 -0.108E-06  0.117E-06  10.0
    4   1983   0.118E-05  0.117E-05 -0.108E-06  0.117E-06  10.0
    4   1984   0.118E-05  0.117E-05 -0.108E-06  0.117E-06  10.0
    4   1985   0.118E-05  0.117E-05 -0.108E-06  0.117E-06  10.0
    4   1986   0.118E-05  0.117E-05 -0.108E-06  0.117E-06  10.0
    4   1987   0.118E-05  0.117E-05 -0.108E-06  0.117E-06  10.0
    4   1988   0.118E-05  0.117E-05 -0.108E-06  0.117E-06  10.0
    4   1989   0.118E-05  0.117E-05 -0.108E-06  0.117E-06  10.0
    4   1990   0.118E-05  0.117E-05 -0.108E-06  0.117E-06  10.0
    4   1991   0.118E-05  0.117E-05 -0.108E-06  0.117E-06  10.0
    4   1992   0.118E-05  0.117E-05 -0.108E-06  0.117E-06  10.0
    4   1993   0.118E-05  0.117E-05 -0.108E-06  0.117E-06  10.0
    4   1994   0.118E-05  0.117E-05 -0.108E-06  0.117E-06  10.0
    4   1995   0.118E-05  0.117E-05 -0.108E-06  0.117E-06  10.0
    4   1996   0.118E-05  0.117E-05 -0.108E-06  0.117E-06  10.0
    4   1997   0.118E-05  0.117E-05 -0.108E-06  0.117E-06  10.0
    4   1998   0.118E-05  0.117E-05 -0.108E-06  0.117E-06  10.0
    4   1999   0.118E-05  0.117E-05 -0.108E-06  0.117E-06  10.0
    4   2000   0.118E-05  0.117E-05 -0.108E-06  0.117E-06  10.0
    4   2001   0.118E-05  0.117E-05 -0.108E-06  0.117E-06  10.0
    4   2002   0.118E-05  0.117E-05 -0.108E-06  0.117E-06  10.0
    4   2003   0.118E-05  0.117E-05 -0.108E-06  0.117E-06  10.0
    4   2004   0.118E-05  0.117E-05 -0.108E-06  0.117E-06  10.0
    4   2005   0.118E-05  0.117E-05 -0.108E-06  0.117E-06  10.0
    4   2006   0.118E-05  0.117E-05 -0.108E-06  0.117E-06  10.0
    4   2007   0.118E-05  0.117E-05 -0.108E-06  0.117E-06  10.0
    4   2008   0.118E-05  0.117E-05 -0.108E-06  0.117E-06  10.0
    4   2009   0.118E-05  0.117E-05 -0.108E-06  0.117E-06  10.0
    4   2010   0.118E-05  0.117E-05 -0.108E-06  0.117E-06  10.0
    4   2011   0.118E-05  0.117E-05 -0.108E-06  0.117E-06  10.0
    5   1950   0.217E-07  0.223E-07 -0.599E-08  0.488E-08  21.8
    5   1951   0.217E-07  0.223E-07 -0.599E-08  0.488E-08  21.8
    5   1952   0.217E-07  0.223E-07 -0.599E-08  0.488E-08  21.8
    5   1953   0.217E-07  0.223E-07 -0.599E-08  0.488E-08  21.8
    5   1954   0.217E-07  0.223E-07 -0.599E-08  0.488E-08  21.8
    5   1955   0.217E-07  0.223E-07 -0.599E-08  0.488E-08  21.8
    5   1956   0.217E-07  0.223E-07 -0.599E-08  0.488E-08  21.8
    5   1957   0.217E-07  0.223E-07 -0.599E-08  0.488E-08  21.8
    5   1958   0.217E-07  0.223E-07 -0.599E-08  0.488E-08  21.8
    5   1959   0.217E-07  0.223E-07 -0.599E-08  0.488E-08  21.8
    5   1960   0.217E-07  0.223E-07 -0.599E-08  0.488E-08  21.8
    5   1961   0.217E-07  0.223E-07 -0.599E-08  0.488E-08  21.8
    5   1962   0.217E-07  0.223E-07 -0.599E-08  0.488E-08  21.8
    5   1963   0.217E-07  0.223E-07 -0.599E-08  0.488E-08  21.8
    5   1964   0.217E-07  0.223E-07 -0.599E-08  0.488E-08  21.8
    5   1965   0.217E-07  0.223E-07 -0.599E-08  0.488E-08  21.8
    5   1966   0.217E-07  0.223E-07 -0.599E-08  0.488E-08  21.8
    5   1967   0.217E-07  0.223E-07 -0.599E-08  0.488E-08  21.8
    5   1968   0.217E-07  0.223E-07 -0.599E-08  0.488E-08  21.8
    5   1969   0.217E-07  0.223E-07 -0.599E-08  0.488E-08  21.8
    5   1970   0.217E-07  0.223E-07 -0.599E-08  0.488E-08  21.8
    5   1971   0.217E-07  0.223E-07 -0.599E-08  0.488E-08  21.8
    5   1972   0.217E-07  0.223E-07 -0.599E-08  0.488E-08  21.8
    5   1973   0.217E-07  0.223E-07 -0.599E-08  0.488E-08  21.8
    5   1974   0.217E-07  0.223E-07 -0.599E-08  0.488E-08  21.8
    5   1975   0.217E-07  0.223E-07 -0.599E-08  0.488E-08  21.8
    5   1976   0.217E-07  0.223E-07 -0.599E-08  0.488E-08  21.8
    5   1977   0.217E-07  0.223E-07 -0.599E-08  0.488E-08  21.8
    5   1978   0.217E-07  0.223E-07 -0.599E-08  0.488E-08  21.8
    5   1979   0.217E-07  0.223E-07 -0.599E-08  0.488E-08  21.8
    5   1980   0.217E-07  0.223E-07 -0.599E-08  0.488E-08  21.8
    5   1981   0.217E-07  0.223E-07 -0.599E-08  0.488E-08  21.8
    5   1982   0.217E-07  0.223E-07 -0.599E-08  0.488E-08  21.8
    5   1983   0.217E-07  0.223E-07 -0.599E-08  0.488E-08  21.8
    5   1984   0.217E-07  0.223E-07 -0.599E-08  0.488E-08  21.8
    5   1985   0.217E-07  0.223E-07 -0.599E-08  0.488E-08  21.8
    5   1986   0.217E-07  0.223E-07 -0.599E-08  0.488E-08  21.8
    5   1987   0.217E-07  0.223E-07 -0.599E-08  0.488E-08  21.8
    5   1988   0.217E-07  0.223E-07 -0.599E-08  0.488E-08  21.8
    5   1989   0.217E-07  0.223E-07 -0.599E-08  0.488E-08  21.8
    5   1990   0.217E-07  0.223E-07 -0.599E-08  0.488E-08  21.8
    5   1991   0.217E-07  0.223E-07 -0.599E-08  0.488E-08  21.8
    5   1992   0.217E-07  0.223E-07 -0.599E-08  0.488E-08  21.8
    5   1993   0.217E-07  0.223E-07 -0.599E-08  0.488E-08  21.8
    5   1994   0.217E-07  0.223E-07 -0.599E-08  0.488E-08  21.8
    5   1995   0.217E-07  0.223E-07 -0.599E-08  0.488E-08  21.8
    5   1996   0.217E-07  0.223E-07 -0.599E-08  0.488E-08  21.8
    5   1997   0.217E-07  0.223E-07 -0.599E-08  0.488E-08  21.8
    5   1998   0.217E-07  0.223E-07 -0.599E-08  0.488E-08  21.8
    5   1999   0.217E-07  0.223E-07 -0.599E-08  0.488E-08  21.8
    5   2000   0.217E-07  0.223E-07 -0.599E-08  0.488E-08  21.8
    5   2001   0.217E-07  0.223E-07 -0.599E-08  0.488E-08  21.8
    5   2002   0.217E-07  0.223E-07 -0.599E-08  0.488E-08  21.8
    5   2003   0.217E-07  0.223E-07 -0.599E-08  0.488E-08  21.8
    5   2004   0.217E-07  0.223E-07 -0.599E-08  0.488E-08  21.8
    5   2005   0.217E-07  0.223E-07 -0.599E-08  0.488E-08  21.8
    5   2006   0.217E-07  0.223E-07 -0.599E-08  0.488E-08  21.8
    5   2007   0.217E-07  0.223E-07 -0.599E-08  0.488E-08  21.8
    5   2008   0.217E-07  0.223E-07 -0.599E-08  0.488E-08  21.8
    5   2009   0.217E-07  0.223E-07 -0.599E-08  0.488E-08  21.8
    5   2010   0.217E-07  0.223E-07 -0.599E-08  0.488E-08  21.8
    5   2011   0.217E-07  0.223E-07 -0.599E-08  0.488E-08  21.8
    6   1950   0.527E-07  0.525E-07 -0.863E-08  0.449E-08   8.6
    6   1951   0.527E-07  0.525E-07 -0.863E-08  0.449E-08   8.6
    6   1952   0.527E-07  0.525E-07 -0.863E-08  0.449E-08   8.6
    6   1953   0.527E-07  0.525E-07 -0.863E-08  0.449E-08   8.6
    6   1954   0.527E-07  0.525E-07 -0.863E-08  0.449E-08   8.6
    6   1955   0.527E-07  0.525E-07 -0.863E-08  0.449E-08   8.6
    6   1956   0.527E-07  0.525E-07 -0.863E-08  0.449E-08   8.6
    6   1957   0.527E-07  0.525E-07 -0.863E-08  0.449E-08   8.6
    6   1958   0.527E-07  0.525E-07 -0.863E-08  0.449E-08   8.6
    6   1959   0.527E-07  0.525E-07 -0.863E-08  0.449E-08   8.6
    6   1960   0.527E-07  0.525E-07 -0.863E-08  0.449E-08   8.6
    6   1961   0.527E-07  0.525E-07 -0.863E-08  0.449E-08   8.6
    6   1962   0.527E-07  0.525E-07 -0.863E-08  0.449E-08   8.6
    6   1963   0.527E-07  0.525E-07 -0.863E-08  0.449E-08   8.6
    6   1964   0.527E-07  0.525E-07 -0.863E-08  0.449E-08   8.6
    6   1965   0.527E-07  0.525E-07 -0.863E-08  0.449E-08   8.6
    6   1966   0.527E-07  0.525E-07 -0.863E-08  0.449E-08   8.6
    6   1967   0.527E-07  0.525E-07 -0.863E-08  0.449E-08   8.6
    6   1968   0.527E-07  0.525E-07 -0.863E-08  0.449E-08   8.6
    6   1969   0.527E-07  0.525E-07 -0.863E-08  0.449E-08   8.6
    6   1970   0.527E-07  0.525E-07 -0.863E-08  0.449E-08   8.6
    6   1971   0.527E-07  0.525E-07 -0.863E-08  0.449E-08   8.6
    6   1972   0.527E-07  0.525E-07 -0.863E-08  0.449E-08   8.6
    6   1973   0.527E-07  0.525E-07 -0.863E-08  0.449E-08   8.6
    6   1974   0.527E-07  0.525E-07 -0.863E-08  0.449E-08   8.6
    6   1975   0.527E-07  0.525E-07 -0.863E-08  0.449E-08   8.6
    6   1976   0.527E-07  0.525E-07 -0.863E-08  0.449E-08   8.6
    6   1977   0.527E-07  0.525E-07 -0.863E-08  0.449E-08   8.6
    6   1978   0.527E-07  0.525E-07 -0.863E-08  0.449E-08   8.6
    6   1979   0.527E-07  0.525E-07 -0.863E-08  0.449E-08   8.6
    6   1980   0.527E-07  0.525E-07 -0.863E-08  0.449E-08   8.6
    6   1981   0.527E-07  0.525E-07 -0.863E-08  0.449E-08   8.6
    6   1982   0.527E-07  0.525E-07 -0.863E-08  0.449E-08   8.6
    6   1983   0.527E-07  0.525E-07 -0.863E-08  0.449E-08   8.6
    6   1984   0.527E-07  0.525E-07 -0.863E-08  0.449E-08   8.6
    6   1985   0.527E-07  0.525E-07 -0.863E-08  0.449E-08   8.6
    6   1986   0.527E-07  0.525E-07 -0.863E-08  0.449E-08   8.6
    6   1987   0.527E-07  0.525E-07 -0.863E-08  0.449E-08   8.6
    6   1988   0.527E-07  0.525E-07 -0.863E-08  0.449E-08   8.6
    6   1989   0.527E-07  0.525E-07 -0.863E-08  0.449E-08   8.6
    6   1990   0.527E-07  0.525E-07 -0.863E-08  0.449E-08   8.6
    6   1991   0.527E-07  0.525E-07 -0.863E-08  0.449E-08   8.6
    6   1992   0.527E-07  0.525E-07 -0.863E-08  0.449E-08   8.6
    6   1993   0.527E-07  0.525E-07 -0.863E-08  0.449E-08   8.6
    6   1994   0.527E-07  0.525E-07 -0.863E-08  0.449E-08   8.6
    6   1995   0.527E-07  0.525E-07 -0.863E-08  0.449E-08   8.6
    6   1996   0.527E-07  0.525E-07 -0.863E-08  0.449E-08   8.6
    6   1997   0.527E-07  0.525E-07 -0.863E-08  0.449E-08   8.6
    6   1998   0.527E-07  0.525E-07 -0.863E-08  0.449E-08   8.6
    6   1999   0.527E-07  0.525E-07 -0.863E-08  0.449E-08   8.6
    6   2000   0.527E-07  0.525E-07 -0.863E-08  0.449E-08   8.6
    6   2001   0.527E-07  0.525E-07 -0.863E-08  0.449E-08   8.6
    6   2002   0.527E-07  0.525E-07 -0.863E-08  0.449E-08   8.6
    6   2003   0.527E-07  0.525E-07 -0.863E-08  0.449E-08   8.6
    6   2004   0.527E-07  0.525E-07 -0.863E-08  0.449E-08   8.6
    6   2005   0.527E-07  0.525E-07 -0.863E-08  0.449E-08   8.6
    6   2006   0.527E-07  0.525E-07 -0.863E-08  0.449E-08   8.6
    6   2007   0.527E-07  0.525E-07 -0.863E-08  0.449E-08   8.6
    6   2008   0.527E-07  0.525E-07 -0.863E-08  0.449E-08   8.6
    6   2009   0.527E-07  0.525E-07 -0.863E-08  0.449E-08   8.6
    6   2010   0.527E-07  0.525E-07 -0.863E-08  0.449E-08   8.6
    6   2011   0.527E-07  0.525E-07 -0.863E-08  0.449E-08   8.6
    7   1950   0.958E-08  0.946E-08 -0.101E-08  0.277E-08  29.3
    7   1951   0.958E-08  0.946E-08 -0.101E-08  0.277E-08  29.3
    7   1952   0.958E-08  0.946E-08 -0.101E-08  0.277E-08  29.3
    7   1953   0.958E-08  0.946E-08 -0.101E-08  0.277E-08  29.3
    7   1954   0.958E-08  0.946E-08 -0.101E-08  0.277E-08  29.3
    7   1955   0.958E-08  0.946E-08 -0.101E-08  0.277E-08  29.3
    7   1956   0.958E-08  0.946E-08 -0.101E-08  0.277E-08  29.3
    7   1957   0.958E-08  0.946E-08 -0.101E-08  0.277E-08  29.3
    7   1958   0.958E-08  0.946E-08 -0.101E-08  0.277E-08  29.3
    7   1959   0.958E-08  0.946E-08 -0.101E-08  0.277E-08  29.3
    7   1960   0.958E-08  0.946E-08 -0.101E-08  0.277E-08  29.3
    7   1961   0.958E-08  0.946E-08 -0.101E-08  0.277E-08  29.3
    7   1962   0.958E-08  0.946E-08 -0.101E-08  0.277E-08  29.3
    7   1963   0.958E-08  0.946E-08 -0.101E-08  0.277E-08  29.3
    7   1964   0.958E-08  0.946E-08 -0.101E-08  0.277E-08  29.3
    7   1965   0.958E-08  0.946E-08 -0.101E-08  0.277E-08  29.3
    7   1966   0.958E-08  0.946E-08 -0.101E-08  0.277E-08  29.3
    7   1967   0.958E-08  0.946E-08 -0.101E-08  0.277E-08  29.3
    7   1968   0.958E-08  0.946E-08 -0.101E-08  0.277E-08  29.3
    7   1969   0.958E-08  0.946E-08 -0.101E-08  0.277E-08  29.3
    7   1970   0.958E-08  0.946E-08 -0.101E-08  0.277E-08  29.3
    7   1971   0.958E-08  0.946E-08 -0.101E-08  0.277E-08  29.3
    7   1972   0.958E-08  0.946E-08 -0.101E-08  0.277E-08  29.3
    7   1973   0.958E-08  0.946E-08 -0.101E-08  0.277E-08  29.3
    7   1974   0.958E-08  0.946E-08 -0.101E-08  0.277E-08  29.3
    7   1975   0.958E-08  0.946E-08 -0.101E-08  0.277E-08  29.3
    7   1976   0.958E-08  0.946E-08 -0.101E-08  0.277E-08  29.3
    7   1977   0.958E-08  0.946E-08 -0.101E-08  0.277E-08  29.3
    7   1978   0.958E-08  0.946E-08 -0.101E-08  0.277E-08  29.3
    7   1979   0.958E-08  0.946E-08 -0.101E-08  0.277E-08  29.3
    7   1980   0.958E-08  0.946E-08 -0.101E-08  0.277E-08  29.3
    7   1981   0.958E-08  0.946E-08 -0.101E-08  0.277E-08  29.3
    7   1982   0.958E-08  0.946E-08 -0.101E-08  0.277E-08  29.3
    7   1983   0.958E-08  0.946E-08 -0.101E-08  0.277E-08  29.3
    7   1984   0.958E-08  0.946E-08 -0.101E-08  0.277E-08  29.3
    7   1985   0.958E-08  0.946E-08 -0.101E-08  0.277E-08  29.3
    7   1986   0.958E-08  0.946E-08 -0.101E-08  0.277E-08  29.3
    7   1987   0.958E-08  0.946E-08 -0.101E-08  0.277E-08  29.3
    7   1988   0.958E-08  0.946E-08 -0.101E-08  0.277E-08  29.3
    7   1989   0.958E-08  0.946E-08 -0.101E-08  0.277E-08  29.3
    7   1990   0.958E-08  0.946E-08 -0.101E-08  0.277E-08  29.3
    7   1991   0.958E-08  0.946E-08 -0.101E-08  0.277E-08  29.3
    7   1992   0.958E-08  0.946E-08 -0.101E-08  0.277E-08  29.3
    7   1993   0.958E-08  0.946E-08 -0.101E-08  0.277E-08  29.3
    7   1994   0.958E-08  0.946E-08 -0.101E-08  0.277E-08  29.3
    7   1995   0.958E-08  0.946E-08 -0.101E-08  0.277E-08  29.3
    7   1996   0.958E-08  0.946E-08 -0.101E-08  0.277E-08  29.3
    7   1997   0.958E-08  0.946E-08 -0.101E-08  0.277E-08  29.3
    7   1998   0.958E-08  0.946E-08 -0.101E-08  0.277E-08  29.3
    7   1999   0.958E-08  0.946E-08 -0.101E-08  0.277E-08  29.3
    7   2000   0.958E-08  0.946E-08 -0.101E-08  0.277E-08  29.3
    7   2001   0.958E-08  0.946E-08 -0.101E-08  0.277E-08  29.3
    7   2002   0.958E-08  0.946E-08 -0.101E-08  0.277E-08  29.3
    7   2003   0.958E-08  0.946E-08 -0.101E-08  0.277E-08  29.3
    7   2004   0.958E-08  0.946E-08 -0.101E-08  0.277E-08  29.3
    7   2005   0.958E-08  0.946E-08 -0.101E-08  0.277E-08  29.3
    7   2006   0.958E-08  0.946E-08 -0.101E-08  0.277E-08  29.3
    7   2007   0.958E-08  0.946E-08 -0.101E-08  0.277E-08  29.3
    7   2008   0.958E-08  0.946E-08 -0.101E-08  0.277E-08  29.3
    7   2009   0.958E-08  0.946E-08 -0.101E-08  0.277E-08  29.3
    7   2010   0.958E-08  0.946E-08 -0.101E-08  0.277E-08  29.3
    7   2011   0.958E-08  0.946E-08 -0.101E-08  0.277E-08  29.3
 


 *************************************************
 CORRELATION AND COVARIANCE MATRICES OF PARAMETERS
 *************************************************


TABLE 2A. CORRELATION MATRIX
==========================================================  
          1    2    3    4    5    6    7    8    9   10
    1 :  1.0
    2 :  1.0  1.0
    3 :  1.0  1.0  1.0
    4 :  1.0  1.0  1.0  1.0
    5 :  0.9  0.9  0.9  1.0  1.0
    6 :  0.8  0.8  0.8  0.9  1.0  1.0
    7 :  0.7  0.7  0.7  0.7  0.8  0.9  1.0
    8 :  0.4  0.4  0.5  0.5  0.6  0.8  1.0  1.0
    9 :  0.1  0.1  0.1  0.2  0.3  0.5  0.7  0.9  1.0
   10 : -0.1 -0.1 -0.1 -0.1  0.0  0.0  0.0  0.0  0.0  1.0
 
 
TABLE 2B. COVARIANCE MATRIX
=========================================================================================================================================      
              1            2            3            4            5            6            7            8            9           10
    1 :   0.3486D-09
    2 :   0.2522D-07   0.1828D-05
    3 :   0.1080D-07   0.7840D-06   0.3390D-06
    4 :   0.4557D-07   0.3316D-05   0.1442D-05   0.6213D-05
    5 :   0.1143D-06   0.8335D-05   0.3623D-05   0.1596D-04   0.4439D-04
    6 :   0.7063D-07   0.5148D-05   0.2230D-05   0.9881D-05   0.2902D-04   0.2081D-04
    7 :   0.6460D-07   0.4738D-05   0.2075D-05   0.9319D-05   0.2844D-04   0.2216D-04   0.2813D-04
    8 :   0.2772D-07   0.2073D-05   0.9370D-06   0.4405D-05   0.1479D-04   0.1253D-04   0.1780D-04   0.1243D-04
    9 :   0.6828D-08   0.6298D-06   0.3705D-06   0.2186D-05   0.9750D-05   0.9811D-05   0.1693D-04   0.1382D-04   0.1981D-04
   10 :  -0.6629D-07  -0.4694D-05  -0.2071D-05  -0.8378D-05  -0.1528D-04  -0.7598D-05  -0.2197D-05   0.2321D-05   0.1003D-04   0.3596D-02
 
 
