     1     0   0.5383E-01
     1     1   0.5332E-01
     1     2   0.5106E-01
     1     3   0.4104E-01
     1     4   0.6475E-01
     1     5   0.5316E-01
     1     6   0.6057E-01
     1     7   0.6465E-01
     1     8   0.5239E-01
     1     9   0.4977E-01
     1    10   0.5157E-01
     1    11   0.4227E-01
     1    12   0.5469E-01
     1    13   0.3367E-01
     1    14   0.5477E-01
     1    15   0.6010E-01
     1    16   0.5550E-01
     1    17   0.5077E-01
     1    18   0.5582E-01
     1    19   0.4300E-01
     1    20   0.5781E-01
     1    21   0.6229E-01
     1    22   0.6139E-01
     1    23   0.4252E-01
     1    24   0.5294E-01
     1    25   0.6833E-01
     1    26   0.6414E-01
     1    27   0.5528E-01
     1    28   0.8432E-01
     1    29   0.5000E-01
     1    30   0.5686E-01
     1    31   0.6215E-01
     1    32   0.6240E-01
     1    33   0.6939E-01
     1    34   0.3752E-01
     1    35   0.3823E-01
     1    36   0.5113E-01
     1    37   0.5381E-01
     1    38   0.5852E-01
     1    39   0.5486E-01
     1    40   0.4343E-01
     1    41   0.6641E-01
     1    42   0.5082E-01
     1    43   0.6093E-01
     1    44   0.5405E-01
     1    45   0.6287E-01
     1    46   0.5418E-01
     1    47   0.5579E-01
     1    48   0.5876E-01
     1    49   0.6051E-01
     1    50   0.5950E-01
     1    51   0.5252E-01
     1    52   0.5872E-01
     1    53   0.5977E-01
     1    54   0.6202E-01
     1    55   0.4282E-01
     1    56   0.5646E-01
     1    57   0.4931E-01
     1    58   0.5835E-01
     1    59   0.5425E-01
     1    60   0.5417E-01
     1    61   0.6315E-01
     1    62   0.3924E-01
     1    63   0.5505E-01
     1    64   0.6250E-01
     1    65   0.4988E-01
     1    66   0.4270E-01
     1    67   0.5319E-01
     1    68   0.7417E-01
     1    69   0.6825E-01
     1    70   0.5745E-01
     1    71   0.5213E-01
     1    72   0.6183E-01
     1    73   0.4433E-01
     1    74   0.4671E-01
     1    75   0.5262E-01
     1    76   0.4254E-01
     1    77   0.5370E-01
     1    78   0.4255E-01
     1    79   0.5350E-01
     1    80   0.8266E-01
     1    81   0.5740E-01
     1    82   0.7498E-01
     1    83   0.6949E-01
     1    84   0.4338E-01
     1    85   0.6915E-01
     1    86   0.4552E-01
     1    87   0.5124E-01
     1    88   0.6827E-01
     1    89   0.5351E-01
     1    90   0.6187E-01
     1    91   0.4614E-01
     1    92   0.4855E-01
     1    93   0.5322E-01
     1    94   0.6043E-01
     1    95   0.5388E-01
     1    96   0.5521E-01
     1    97   0.8593E-01
     1    98   0.4175E-01
     1    99   0.5192E-01
     1   100   0.6722E-01
     1   101   0.5250E-01
     1   102   0.5561E-01
     1   103   0.7379E-01
     1   104   0.6782E-01
     1   105   0.3912E-01
     1   106   0.5333E-01
     1   107   0.6186E-01
     1   108   0.6585E-01
     1   109   0.6954E-01
     1   110   0.4474E-01
     1   111   0.5333E-01
     1   112   0.4945E-01
     1   113   0.6544E-01
     1   114   0.5850E-01
     1   115   0.5449E-01
     1   116   0.4746E-01
     1   117   0.6195E-01
     1   118   0.5409E-01
     1   119   0.5090E-01
     1   120   0.4713E-01
     1   121   0.3804E-01
     1   122   0.5164E-01
     1   123   0.6158E-01
     1   124   0.6711E-01
     1   125   0.4931E-01
     1   126   0.5155E-01
     1   127   0.5865E-01
     1   128   0.5646E-01
     1   129   0.4786E-01
     1   130   0.4663E-01
     1   131   0.6156E-01
     1   132   0.5845E-01
     1   133   0.5390E-01
     1   134   0.4932E-01
     1   135   0.5217E-01
     1   136   0.5665E-01
     1   137   0.4688E-01
     1   138   0.6817E-01
     1   139   0.5618E-01
     1   140   0.5495E-01
     1   141   0.6068E-01
     1   142   0.4594E-01
     1   143   0.5121E-01
     1   144   0.4862E-01
     1   145   0.5521E-01
     1   146   0.6272E-01
     1   147   0.4477E-01
     1   148   0.5183E-01
     1   149   0.6011E-01
     1   150   0.5598E-01
     1   151   0.5201E-01
     1   152   0.5754E-01
     1   153   0.5441E-01
     1   154   0.5155E-01
     1   155   0.4482E-01
     1   156   0.5787E-01
     1   157   0.5412E-01
     1   158   0.5519E-01
     1   159   0.5031E-01
     1   160   0.7169E-01
     1   161   0.3905E-01
     1   162   0.6599E-01
     1   163   0.5097E-01
     1   164   0.5017E-01
     1   165   0.4319E-01
     1   166   0.5703E-01
     1   167   0.5733E-01
     1   168   0.4969E-01
     1   169   0.5610E-01
     1   170   0.5382E-01
     1   171   0.6000E-01
     1   172   0.5299E-01
     1   173   0.7211E-01
     1   174   0.6338E-01
     1   175   0.6777E-01
     1   176   0.5920E-01
     1   177   0.5460E-01
     1   178   0.4716E-01
     1   179   0.4831E-01
     1   180   0.6086E-01
     1   181   0.5437E-01
     1   182   0.5696E-01
     1   183   0.5185E-01
     1   184   0.6172E-01
     1   185   0.5209E-01
     1   186   0.3919E-01
     1   187   0.5955E-01
     1   188   0.5834E-01
     1   189   0.5414E-01
     1   190   0.4641E-01
     1   191   0.5676E-01
     1   192   0.5363E-01
     1   193   0.6327E-01
     1   194   0.5688E-01
     1   195   0.5945E-01
     1   196   0.5858E-01
     1   197   0.7870E-01
     1   198   0.6524E-01
     1   199   0.5138E-01
     1   200   0.4286E-01
     1   201   0.6888E-01
     1   202   0.4957E-01
     1   203   0.5317E-01
     1   204   0.5431E-01
     1   205   0.4988E-01
     1   206   0.5209E-01
     1   207   0.5583E-01
     1   208   0.6511E-01
     1   209   0.5035E-01
     1   210   0.7707E-01
     1   211   0.4745E-01
     1   212   0.4687E-01
     1   213   0.5682E-01
     1   214   0.5154E-01
     1   215   0.4689E-01
     1   216   0.5290E-01
     1   217   0.5733E-01
     1   218   0.4877E-01
     1   219   0.4843E-01
     1   220   0.5632E-01
     1   221   0.6312E-01
     1   222   0.6167E-01
     1   223   0.5241E-01
     1   224   0.6519E-01
     1   225   0.4457E-01
     1   226   0.6766E-01
     1   227   0.4982E-01
     1   228   0.5155E-01
     1   229   0.5203E-01
     1   230   0.4502E-01
     1   231   0.6771E-01
     1   232   0.6581E-01
     1   233   0.7082E-01
     1   234   0.4698E-01
     1   235   0.6085E-01
     1   236   0.5618E-01
     1   237   0.6248E-01
     1   238   0.5544E-01
     1   239   0.5431E-01
     1   240   0.5730E-01
     1   241   0.5103E-01
     1   242   0.4968E-01
     1   243   0.5739E-01
     1   244   0.5083E-01
     1   245   0.5252E-01
     1   246   0.5327E-01
     1   247   0.5008E-01
     1   248   0.6357E-01
     1   249   0.5164E-01
     1   250   0.4727E-01
     1   251   0.5019E-01
     1   252   0.5597E-01
     1   253   0.5178E-01
     1   254   0.5882E-01
     1   255   0.4952E-01
     1   256   0.6513E-01
     1   257   0.7191E-01
     1   258   0.5683E-01
     1   259   0.6214E-01
     1   260   0.6010E-01
     1   261   0.5728E-01
     1   262   0.6603E-01
     1   263   0.4791E-01
     1   264   0.4429E-01
     1   265   0.5368E-01
     1   266   0.5137E-01
     1   267   0.6695E-01
     1   268   0.6158E-01
     1   269   0.7367E-01
     1   270   0.4596E-01
     1   271   0.6169E-01
     1   272   0.6132E-01
     1   273   0.5512E-01
     1   274   0.5612E-01
     1   275   0.6207E-01
     1   276   0.4070E-01
     1   277   0.4162E-01
     1   278   0.5924E-01
     1   279   0.5998E-01
     1   280   0.5559E-01
     1   281   0.4497E-01
     1   282   0.5903E-01
     1   283   0.6310E-01
     1   284   0.5456E-01
     1   285   0.5522E-01
     1   286   0.4891E-01
     1   287   0.5487E-01
     1   288   0.6085E-01
     1   289   0.4727E-01
     1   290   0.4891E-01
     1   291   0.5510E-01
     1   292   0.4602E-01
     1   293   0.6378E-01
     1   294   0.5868E-01
     1   295   0.6552E-01
     1   296   0.6400E-01
     1   297   0.5845E-01
     1   298   0.4841E-01
     1   299   0.5674E-01
     1   300   0.6192E-01
     1   301   0.4913E-01
     1   302   0.4970E-01
     1   303   0.4866E-01
     1   304   0.6690E-01
     1   305   0.7513E-01
     1   306   0.4572E-01
     1   307   0.4985E-01
     1   308   0.7206E-01
     1   309   0.5600E-01
     1   310   0.5845E-01
     1   311   0.5295E-01
     1   312   0.5518E-01
     1   313   0.5645E-01
     1   314   0.4962E-01
     1   315   0.5641E-01
     1   316   0.5488E-01
     1   317   0.5306E-01
     1   318   0.6213E-01
     1   319   0.5404E-01
     1   320   0.6762E-01
     1   321   0.5394E-01
     1   322   0.5687E-01
     1   323   0.5344E-01
     1   324   0.4984E-01
     1   325   0.4962E-01
     1   326   0.6096E-01
     1   327   0.5248E-01
     1   328   0.4885E-01
     1   329   0.4592E-01
     1   330   0.5387E-01
     1   331   0.5293E-01
     1   332   0.5204E-01
     1   333   0.4606E-01
     1   334   0.5963E-01
     1   335   0.4444E-01
     1   336   0.4677E-01
     1   337   0.4959E-01
     1   338   0.4896E-01
     1   339   0.4513E-01
     1   340   0.4830E-01
     1   341   0.5686E-01
     1   342   0.6898E-01
     1   343   0.6266E-01
     1   344   0.4711E-01
     1   345   0.6483E-01
     1   346   0.6918E-01
     1   347   0.4702E-01
     1   348   0.5174E-01
     1   349   0.4787E-01
     1   350   0.5553E-01
     1   351   0.5631E-01
     1   352   0.5566E-01
     1   353   0.4503E-01
     1   354   0.6613E-01
     1   355   0.5312E-01
     1   356   0.5940E-01
     1   357   0.4346E-01
     1   358   0.5019E-01
     1   359   0.5384E-01
     1   360   0.5103E-01
     1   361   0.6457E-01
     1   362   0.5388E-01
     1   363   0.3509E-01
     1   364   0.4597E-01
     1   365   0.4241E-01
     1   366   0.4593E-01
     1   367   0.4634E-01
     1   368   0.4992E-01
     1   369   0.6422E-01
     1   370   0.5179E-01
     1   371   0.6231E-01
     1   372   0.4548E-01
     1   373   0.5229E-01
     1   374   0.5670E-01
     1   375   0.6177E-01
     1   376   0.4895E-01
     1   377   0.5281E-01
     1   378   0.5288E-01
     1   379   0.5326E-01
     1   380   0.5802E-01
     1   381   0.5739E-01
     1   382   0.4148E-01
     1   383   0.5972E-01
     1   384   0.4986E-01
     1   385   0.6122E-01
     1   386   0.5242E-01
     1   387   0.4489E-01
     1   388   0.4328E-01
     1   389   0.5740E-01
     1   390   0.4913E-01
     1   391   0.4790E-01
     1   392   0.4902E-01
     1   393   0.4922E-01
     1   394   0.5179E-01
     1   395   0.4914E-01
     1   396   0.4406E-01
     1   397   0.6318E-01
     1   398   0.4977E-01
     1   399   0.8040E-01
     1   400   0.5184E-01
     1   401   0.5608E-01
     1   402   0.6936E-01
     1   403   0.5090E-01
     1   404   0.6537E-01
     1   405   0.5321E-01
     1   406   0.4456E-01
     1   407   0.6047E-01
     1   408   0.6013E-01
     1   409   0.6205E-01
     1   410   0.5932E-01
     1   411   0.6240E-01
     1   412   0.6299E-01
     1   413   0.5671E-01
     1   414   0.5719E-01
     1   415   0.5633E-01
     1   416   0.4125E-01
     1   417   0.7027E-01
     1   418   0.4784E-01
     1   419   0.4936E-01
     1   420   0.4831E-01
     1   421   0.6709E-01
     1   422   0.5911E-01
     1   423   0.4776E-01
     1   424   0.6251E-01
     1   425   0.6725E-01
     1   426   0.5362E-01
     1   427   0.4363E-01
     1   428   0.4937E-01
     1   429   0.4759E-01
     1   430   0.4511E-01
     1   431   0.5386E-01
     1   432   0.6445E-01
     1   433   0.5170E-01
     1   434   0.4724E-01
     1   435   0.5588E-01
     1   436   0.4504E-01
     1   437   0.4017E-01
     1   438   0.5469E-01
     1   439   0.6183E-01
     1   440   0.3963E-01
     1   441   0.6441E-01
     1   442   0.6307E-01
     1   443   0.6963E-01
     1   444   0.5170E-01
     1   445   0.6178E-01
     1   446   0.5475E-01
     1   447   0.4869E-01
     1   448   0.5318E-01
     1   449   0.6214E-01
     1   450   0.5334E-01
     1   451   0.4315E-01
     1   452   0.5897E-01
     1   453   0.6007E-01
     1   454   0.5903E-01
     1   455   0.5659E-01
     1   456   0.5829E-01
     1   457   0.4825E-01
     1   458   0.5912E-01
     1   459   0.6111E-01
     1   460   0.5908E-01
     1   461   0.5159E-01
     1   462   0.4266E-01
     1   463   0.4663E-01
     1   464   0.5702E-01
     1   465   0.5887E-01
     1   466   0.4307E-01
     1   467   0.5075E-01
     1   468   0.6962E-01
     1   469   0.5529E-01
     1   470   0.4209E-01
     1   471   0.3660E-01
     1   472   0.7507E-01
     1   473   0.4975E-01
     1   474   0.5820E-01
     1   475   0.4654E-01
     1   476   0.5499E-01
     1   477   0.5840E-01
     1   478   0.6075E-01
     1   479   0.5235E-01
     1   480   0.4935E-01
     1   481   0.5666E-01
     1   482   0.5812E-01
     1   483   0.5309E-01
     1   484   0.5130E-01
     1   485   0.4465E-01
     1   486   0.5818E-01
     1   487   0.6253E-01
     1   488   0.5585E-01
     1   489   0.5794E-01
     1   490   0.5173E-01
     1   491   0.5826E-01
     1   492   0.6293E-01
     1   493   0.6929E-01
     1   494   0.3732E-01
     1   495   0.5902E-01
     1   496   0.6064E-01
     1   497   0.6519E-01
     1   498   0.5079E-01
     1   499   0.4826E-01
     1   500   0.4359E-01
