 2 -22.48431117566081
 3 -33.49289172830226
 4 -32.50358010854251
 5 -15.14121920781022
 6 3.468609420773646
 7 3.116673769272688
 8 8.493244575568195
 9 -23.64061785893661
 10 -3.496459127127607
 11 -30.52829839264837
 12 -19.42122407807615
 13 -18.23844116386591
 14 -36.06638226253531
 15 3.590855408011443
 16 -8.609117734164524
 17 20.51727707685567
 18 -7.830987950718120
 19 -33.40269047764142
 20 -33.09598708624513
 21 -8.200354117436259
 22 -22.41041390486736
 23 -39.17135404344925
 24 -3.682776784875491
 25 -18.88056232197712
 26 -33.66060192263156
 27 -7.498421526777565
 28 3.283676537815896
 29 -38.13148130004740
 30 -12.26719901732703
 31 -16.93592243232982
 32 -20.15219609151742
 33 -6.793072218679853
 34 -18.50581173301126
 35 -13.22118089168306
 36 -38.77081682261748
 37 -26.43537369255344
 38 -4.025843332175358
 39 -19.71012767304166
 40 -17.38399460141034
 41 -42.26375838937813
 42 -49.75368208966686
 43 -2.202435808976384
 44 -6.817493977297344
 45 -8.145946657846993
 46 -19.76597331497203
 47 -33.30096281316922
 48 -30.07349677631373
 49 -11.19259807560366
 50 -3.436631674881288
 51 -25.65764861366635
 52 -27.52955181883258
 53 -24.04502915617650
 54 -3.990362976888783
 55 12.06121826836172
 56 -3.048402572712058
 57 -22.54595489951377
 58 -40.57849632309016
 59 -22.65605702321967
 60 -20.50008308195991
 61 -28.36712694476191
 62 -23.16184537123180
 63 -16.42896137959266
 64 -31.26042897759987
 65 -20.02369103343585
 66 -15.04262300202644
 67 -18.16431625465294
 68 -25.72960902562954
 69 -18.41819980644884
 70 -47.95012043281749
 71 -38.14346928565817
 72 -28.72137116547136
 73 -6.732282994414899
 74 -31.49700850628402
 75 5.262737631736933
 76 -15.80101012096390
 77 -37.66092110491330
 78 -20.21773465312907
 79 -7.371650737060030
 80 -34.49319929874653
 81 -19.31029283539689
 82 -28.72407568443100
 83 -33.17998609294650
 84 -14.66104125509070
 85 -12.95715538229671
 86 7.602038945346290
 87 -23.32597472398758
 88 -42.06873370558520
 89 -31.48510022059226
 90 12.81833235399994
 91 7.956311998271387
 92 -1.732687179437787
 93 7.877401995711343
 94 -21.09931315919972
 95 -15.55548117261116
 96 -9.369320570126327
 97 7.344458950341297
 98 -39.48103784338103
 99 -14.93230923064272
 100 27.33458135850157
 101 -20.01505579164250
 102 -11.58207906637354
 103 -48.54608935689166
 104 -5.502600663936334
 105 -13.51969020633135
 106 -41.24517950823021
 107 -33.30327308645818
 108 -2.798926262242771
 109 -24.55028938175928
 110 -8.561518018006705
 111 -33.35850027340794
 112 -10.65074482532163
 113 -4.489811806543204
 114 -3.928703646369682
 115 -40.40562227497956
 116 -18.83830040497499
 117 -20.98654902021007
 118 -13.98220037913829
 119 -23.36078701388844
 120 -47.47686119326951
 121 -26.90105983238544
 122 -26.72577348275857
 123 -34.96513748617895
 124 -23.38229715238227
 125 -25.17534406734988
 126 -8.148535341070774
 127 -3.419231813203575
 128 -39.28228928602989
 129 -31.56202345491521
 130 -43.90833292111311
 131 -17.85907823353432
 132 -26.03019139614413
 133 -23.48659115274038
 134 -27.44081222070013
 135 -29.06187761077979
 136 -3.458426016371867
 137 -8.393315046392667
 138 -19.26751743079021
 139 -22.10831562862406
 140 -15.43565536628892
 141 -28.47333606613497
 142 -33.87228492044296
 143 -51.99410754553116
 144 3.874207250336214
 145 -8.954109879966648
 146 -27.90620294554622
 147 -9.286380713350287
 148 18.37902934106971
 149 -42.61157171837115
 150 -31.03606973152852
 151 -28.67082871470281
 152 2.835279047331015
 153 -5.744511994958284
 154 -20.48234510842441
 155 -10.53259254741786
 156 -1.322815978768885
 157 -33.32313630584850
 158 -38.39344311659727
 159 -40.81183052199508
 160 -39.71462034680748
 161 -34.42177124010342
 162 -27.87068582644443
 163 8.929515204356246
 164 -21.34979381606714
 165 3.981228936163335
 166 15.45848136378206
 167 -16.80953704712291
 168 -13.25650932564543
 169 -8.580610207327977
 170 -0.7217952216983066
 171 0.1545765257022826
 172 -7.903265916152225
 173 -53.58989518927604
 174 -12.83352421172052
 175 -8.389622394160437
 176 -50.18179051389004
 177 -11.15829632806720
 178 -26.35283066290654
 179 -48.44552140796583
 180 -12.09768065076931
 181 -32.21635250047923
 182 -2.885231475968295
 183 -19.01007831843838
 184 -24.13745132905296
 185 -7.665047238303833
 186 -38.82341643963274
 187 -30.44407835528586
 188 -16.66558797867886
 189 -1.747633604053591
 190 -28.17340709851907
 191 -4.662435281871622
 192 -8.379872634930688
 193 -28.30635633608182
 194 3.190489714361062
 195 -35.79952567786839
 196 -13.23750595540985
 197 -18.26834207429134
 198 -24.15315936594730
 199 2.318582050687096
 200 -25.94580985361663
 201 -10.03751318755805
 202 -14.22105751467657
 203 -36.50003092974459
 204 -11.27484385771040
 205 -8.201965196685634
 206 -7.113992187022133
 207 -3.757976033967521
 208 13.58553548950767
 209 -28.55904291338251
 210 -30.41392862572306
 211 -11.50876546651450
 212 -24.32394170260815
 213 -44.03386546031317
 214 -42.45777507420028
 215 -24.95147582782168
 216 -15.55199488184393
 217 -14.50790678620593
 218 -7.602411020176874
 219 -54.58936553020310
 220 -17.52217457478664
 221 -1.645162962452521
 222 -4.157213407518995
 223 -24.64175138635697
 224 -3.268842220910453
 225 -12.85897182407120
 226 -8.913472256763658
 227 10.66757495938732
 228 -24.81796789452099
 229 -22.17829466687202
 230 7.007316347192560E-02
 231 -19.59826688493760
 232 -1.554418924566390
 233 0.4661123752038554
 234 -24.19015319435237
 235 -13.45319965914465
 236 -31.39729425464081
 237 -27.79115488224811
 238 5.488678040833923
 239 -3.459444532004444
 240 -55.78688932059003
 241 -21.50376298423048
 242 -6.218490527912870
 243 -31.35270028413628
 244 -33.60840389469255
 245 -14.76836576565022
 246 -6.227072994051145
 247 -15.13610275676474
 248 -15.07991393097601
 249 -42.19968159847203
 250 -27.30455663119362
 251 -22.59487023767160
 252 -30.03206099847758
 253 -27.84713018243016
 254 1.820465088472246
 255 -12.21468327745687
 256 0.6587444989359792
 257 -38.56336476181313
 258 2.340449427499616
 259 -14.33586372214529
 260 -5.570952282205692
 261 -26.03987973632708
 262 -24.76865169036859
 263 1.770594368283621
 264 -13.49541260566808
 265 2.622981114288236
 266 -21.61319355815981
 267 1.416153876381984
 268 -19.25956712388183
 269 -37.62850449434438
 270 -6.422251674665153
 271 -20.05532972508156
 272 0.2233089024677475
 273 -26.14990639053877
 274 16.84233634187791
 275 2.059458223161089
 276 -20.86294559996927
 277 3.381058919301691
 278 -54.89984293897231
 279 -19.37031902123276
 280 9.470634065954201
 281 -19.22754523122341
 282 5.914265539946941
 283 -38.31969079056460
 284 -20.73768888373728
 285 -35.89855871813312
 286 -9.832176384256453
 287 -31.39061370388807
 288 -46.84821062630972
 289 -23.66837142340487
 290 -20.40420990617908
 291 -32.71714485991222
 292 -25.55741828567470
 293 -5.230008911949915
 294 -7.497561901826386
 295 -31.05983001944656
 296 -28.99116066761873
 297 -18.86939600767302
 298 -12.41789859294491
 299 -45.23103907915502
 300 -9.207465520083344
 301 -38.08734387024226
 302 -35.97092700971590
 303 -39.08979382761448
 304 -13.57909898581124
 305 -42.60146384562175
 306 1.595332209494677
 307 -0.7313159078755618
 308 -3.790700695718177
 309 -32.16881671530175
 310 -2.137885431593904
 311 -13.00143600956164
 312 -19.27370738111672
 313 -10.03848424150138
 314 -22.33152829185521
 315 -33.32253311677360
 316 -8.679615896801007
 317 -18.23801176117306
 318 -21.10180254108186
 319 -29.87150936990496
 320 -13.25357465931168
 321 12.48872104718101
 322 9.995010191097608
 323 0.9722417129820129
 324 -25.85955203151185
 325 -26.71087453293584
 326 -32.95594461260961
 327 -23.84130150518535
 328 -1.620677191529535
 329 -15.57497751962893
 330 -17.15348815808136
 331 -4.738983306212814
 332 -11.73862348248419
 333 -47.01591187207164
 334 -8.394081385859774
 335 -8.695418951809403
 336 -18.59509903588244
 337 -11.67037525585266
 338 -43.32439408966039
 339 -19.61810050870984
 340 -27.47748247898989
 341 -42.55478472862261
 342 -27.98786719374990
 343 -28.88732045166669
 344 -27.19011564557957
 345 -26.45410406144648
 346 -27.45567738247054
 347 -35.69201102159778
 348 -6.219429394381438
 349 -35.39346805876757
 350 10.26567449943545
 351 -16.44813091644871
 352 -6.806399942232419
 353 -9.602199280392039
 354 -43.08030222539778
 355 -28.11127199566247
 356 11.44153141337030
 357 -5.375505703840583
 358 -26.41073366873820
 359 -5.629408967860935
 360 -2.419794003188583
 361 -37.93647651892631
 362 -3.184580400555006
 363 -27.63766215717816
 364 -30.78368911484874
 365 -3.735862696942777
 366 -20.21791439772954
 367 -25.28356963038023
 368 -19.38746343078058
 369 -13.68271828897921
 370 -14.27628478079645
 371 -11.36586033473967
 372 -32.79064481273944
 373 -20.50109893666250
 374 -21.18752079510814
 375 -28.29779694755734
 376 -9.854804924047068
 377 -9.663726248032050
 378 -20.97535749890370
 379 -6.588165419164763
 380 -18.49267438488367
 381 -20.58590627511628
 382 -63.87523980271720
 383 -2.595105002849680
 384 -8.897291095838678
 385 -43.09353336324148
 386 -28.82286410272906
 387 -1.923176210612819
 388 -23.05560575135126
 389 0.1825167970961474
 390 -3.548825824943313
 391 -8.963621051684026
 392 8.388573727972890
 393 3.773987193272887
 394 21.36297994997669
 395 -8.845005885027028
 396 -30.47836470263702
 397 -18.88026209832819
 398 -11.77199434127114
 399 -21.36073461317103
 400 -21.57099198988321
 401 -1.561147012409768
 402 -50.58138574131738
 403 -28.55967416212415
 404 -12.12882343204198
 405 -21.56710639102734
 406 -10.14081895701254
 407 -32.60225065590139
 408 -10.61620839797595
 409 -27.59793040784061
 410 -27.38991228511659
 411 -14.45606875296340
 412 -28.67639468481191
 413 3.113798502578633
 414 -7.876714985769272
 415 -36.41602246266473
 416 -2.714240790524229
 417 -36.75274322687147
 418 -4.019432723598763
 419 -0.6059360981317354
 420 3.430553668617254
 421 -19.02809949760954
 422 -16.92241637461234
 423 -23.44598656742622
 424 -12.45121356067677
 425 -0.1078547534303897
 426 -7.881691658187166
 427 -15.46686658079078
 428 -35.12060729045656
 429 -30.42313634551118
 430 -24.88708560703765
 431 -19.64425710095332
 432 -15.36195435507368
 433 -21.53613509714995
 434 -18.22651551981280
 435 -39.94321669322285
 436 -19.93328635022788
 437 -12.58788286853080
 438 1.244056279275796E-02
 439 -28.07490929007854
 440 -17.49197271422490
 441 -20.73809072448324
 442 -29.81668717570111
 443 -19.95860570776738
 444 -23.16139204216455
 445 -24.46303167542160
 446 -44.71455566717258
 447 -28.90980501855828
 448 -22.40427285213672
 449 -6.543861524023179
 450 -29.61733132470628
 451 -36.42525187130096
 452 -15.12885772713258
 453 10.88934968190160
 454 -19.34473071845908
 455 -27.87052595132947
 456 -8.068594406425102
 457 -5.310040987126628
 458 -17.68842607086361
 459 -17.07042256501246
 460 7.700990338281878
 461 -3.282569044581276
 462 -31.02775397042782
 463 -19.82496265220107
 464 -47.28281354051117
 465 -16.86745487196072
 466 -18.66985736686019
 467 -0.8520087464015168
 468 -18.14862786859646
 469 -9.469450003764253
 470 -18.92340673446171
 471 -1.335961178676089
 472 -3.043334000152513
 473 -48.23277518801105
 474 -12.74889191132088
 475 -34.48338414888730
 476 -31.31180157956155
 477 -40.53679961287877
 478 -17.62676988553350
 479 6.286323339517728
 480 -11.95117195748807
 481 -20.63610097864764
 482 -10.95884261907842
 483 -9.334521796812188
 484 3.792856613660109
 485 -4.374071898515387
 486 -25.08605124346963
 487 -24.95025319017615
 488 -41.34287507079920
 489 -15.61592845155894
 490 -32.65314961800468
 491 -36.60716325609499
 492 -21.12451813244902
 493 -17.26849417130879
 494 5.403486549511404
 495 -22.71136713188362
 496 -27.28601658754693
 497 -54.75157992615912
 498 -10.32813878553351
 499 8.907984434231713
 500 -19.81434996601585
 501 -37.46761887855512
