 2 7.074266611517008
 3 -14.42652095418703
 4 -25.41381771696640
 5 -30.89215013753307
 6 -4.356567949085388
 7 -47.08238838668256
 8 -23.59965181301407
 9 -46.04936064403751
 10 -49.90513023136381
 11 -15.35328917026043
 12 -26.29096440533614
 13 -20.68004859339797
 14 -19.16822250273029
 15 -38.82293651033619
 16 -44.31858786183110
 17 -10.51925941692284
 18 -14.62536742951364
 19 -11.43285956519828
 20 -23.88044962011675
 21 0.1738163747050230
 22 -17.45244013330528
 23 -45.42615293014919
 24 7.522004841292452
 25 -19.91623094786844
 26 -9.229012318668541
 27 10.31587978859826
 28 -32.88454730786337
 29 -21.93409335058390
 30 -30.89938165840750
 31 -9.821673500703602
 32 -4.340209712641387
 33 -31.39193743635268
 34 -23.09767457970207
 35 -20.47547377338310
 36 1.969298526546319
 37 -37.23394475743358
 38 -13.62589674768180
 39 -17.93643024769788
 40 -23.54358849076745
 41 -5.686639905672495
 42 -38.15090477810475
 43 -18.05948108629232
 44 1.886841159902509
 45 -16.40382541610420
 46 -21.17046298740384
 47 -5.089296332482606
 48 5.936473487343807E-02
 49 -14.28881169011912
 50 -47.63539206140930
 51 -44.12372288381479
 52 -7.207307247321463
 53 -28.33959850786711
 54 -51.61853545832844
 55 -36.02915709497206
 56 -23.19591686051403
 57 -18.79125910224263
 58 -23.22082319363348
 59 -42.16029959463709
 60 -17.20075382929659
 61 -13.65591628482608
 62 2.545256348152549
 63 -26.27697890078314
 64 -14.76638662463707
 65 -23.97089358596729
 66 -53.83227381547904
 67 -16.61836892485453
 68 -23.98388571511749
 69 -22.32000589384914
 70 -23.10736469041789
 71 -19.17697593281754
 72 -18.16318729013265
 73 -50.35626106310639
 74 -3.581619390322190
 75 -4.860473853626809
 76 1.106274620085196
 77 -19.68537891671854
 78 -17.75491896519577
 79 -10.65807494084100
 80 -5.731674977024792
 81 -25.96298347134820
 82 -25.57750166169452
 83 -13.49718746659701
 84 -12.75625662491413
 85 -25.70839786860621
 86 -11.01650982360574
 87 -25.84098864155617
 88 -32.39849658565240
 89 -19.75195307156046
 90 -45.97672307463190
 91 -39.41555326007390
 92 -25.82430543338570
 93 -33.76550853535935
 94 -21.56263139959448
 95 -25.87062979478974
 96 -16.90076404250327
 97 -37.63956387764718
 98 -59.72331896375331
 99 -37.44631907604783
 100 -52.98725732392528
 101 -26.57843329489128
 102 -30.17276157538851
 103 -9.490891464295583
 104 -27.00481722428735
 105 -11.27393474432556
 106 -45.92745052650244
 107 -44.24140984444045
 108 -21.16540516710916
 109 -34.52109725300542
 110 -34.48538867142156
 111 -42.05102574223073
 112 -14.73540834364440
 113 -16.59995853291242
 114 -9.078797532267096
 115 5.431176055537724
 116 -20.96763329518412
 117 9.508491816495020
 118 -42.30747050820402
 119 -20.97088276431156
 120 -17.01170726293459
 121 -21.83653945128092
 122 -19.34384889922823
 123 -44.11273656016715
 124 -10.28631210819872
 125 -33.75487174691068
 126 -43.76420887008589
 127 -12.20809327466466
 128 -4.079841153388532
 129 -39.17627790471398
 130 -21.85512571593132
 131 -55.67780008925991
 132 -16.22957198655734
 133 -22.26657512340118
 134 -12.19581799663631
 135 -8.713717447223662
 136 -18.47240571065937
 137 -23.35735646144844
 138 -24.90688006912554
 139 -11.35565753547985
 140 -33.36599578575392
 141 -27.61319459742882
 142 -12.43657230947400
 143 -32.87877340206184
 144 -4.016344031958092
 145 -28.42340529891484
 146 -34.86350892570407
 147 -43.01398725686097
 148 -20.70218705864401
 149 -44.80654671888954
 150 -28.06128087113850
 151 -12.64617022832372
 152 0.8042846478948888
 153 -20.51943171320658
 154 -33.22008223994893
 155 -39.55237995090481
 156 -2.874599067614095
 157 -11.00281457272270
 158 -18.81861350843365
 159 -20.84812313561110
 160 -29.02909965773247
 161 -49.37568160096857
 162 -26.93287019118069
 163 -16.99779024085883
 164 -46.66538013419925
 165 -25.39414399609889
 166 -14.10553657787900
 167 -36.10957888683814
 168 -29.27608071525085
 169 -17.83589223892388
 170 6.455690991827180
 171 -22.69835767706243
 172 -21.45782918479571
 173 -65.56918589335780
 174 -13.27428266853228
 175 -6.872114772903863
 176 -14.38765323669268
 177 -25.95942319518257
 178 -51.80218065309718
 179 -35.19277948984531
 180 -28.87916679885775
 181 -15.14402055303487
 182 -16.71966108956861
 183 -2.216484936236561
 184 -41.96508825478800
 185 -4.444414194611528
 186 -45.45467675335843
 187 -22.76557617800726
 188 -38.68131078337748
 189 -6.663524668445317
 190 -1.819269462021586
 191 -26.43234082369765
 192 -41.38581715096809
 193 -33.57905415689972
 194 -49.52941429677674
 195 -15.98200164888396
 196 -31.41710627654812
 197 -2.203168802156641
 198 -11.04834340127576
 199 -7.550373797238547
 200 -9.504484440397324
 201 -29.06411109837643
 202 -9.840854362198396
 203 7.429502707099504
 204 -14.40585053739057
 205 -13.60498210689426
 206 -18.71122908820463
 207 -23.17203673070350
 208 -34.64175704990284
 209 -7.647652161846580
 210 -7.587057934815956
 211 -31.09353528259698
 212 -32.77128843813001
 213 -7.284087066588752
 214 2.253657225844150
 215 -26.80466965397913
 216 -38.70550838675908
 217 -17.43105080102370
 218 -22.25735395840957
 219 -15.83177947058903
 220 -12.25649895743717
 221 12.68647207623019
 222 -17.90078328613457
 223 -52.93002472270671
 224 -21.25561554779430
 225 -47.84092262427852
 226 -23.82352390474583
 227 -23.06163560463951
 228 -34.94827935463258
 229 -32.16615022376521
 230 -2.612730418853796
 231 -2.541813279384233
 232 -35.21615272685338
 233 -48.17410884982880
 234 -25.43232152474760
 235 -13.64404146750852
 236 -19.17399531271169
 237 -36.42450771749307
 238 18.03376269195073
 239 -38.29989253997821
 240 -18.30926710937649
 241 -36.98784764091121
 242 -32.91773906274707
 243 -50.79893591084454
 244 -11.00160432190842
 245 -34.75105017894601
 246 3.615761190430240
 247 -11.38798933526117
 248 -3.500194258958455
 249 -28.07853766112607
 250 -21.24461080151122
 251 -13.52745722960074
 252 -18.56833391120481
 253 -23.77585681361641
 254 -22.22475267514604
 255 -46.52280714478489
 256 -14.34541980719105
 257 4.234165997509023
 258 -19.56074261184492
 259 -34.47930046436108
 260 -2.233104864209578
 261 -27.19639934266462
 262 -41.12169257773453
 263 -60.48938653111172
 264 -40.04242522989516
 265 -42.36162606808280
 266 -9.464248100684054
 267 -2.442376039927058
 268 -10.81229256317557
 269 -37.24829162390907
 270 -24.23431533113439
 271 6.927974440462981
 272 13.04034569729499
 273 -30.73859666781374
 274 -40.05664583983062
 275 5.654013789365845
 276 -22.95879531064892
 277 -5.820104996980501
 278 -2.094726951718197
 279 -10.13736265365711
 280 -23.43826500565777
 281 -10.68585072268137
 282 -19.58291534957218
 283 -2.964401575298413
 284 -9.197643069871287
 285 -16.89712638469257
 286 -13.13794466362577
 287 -40.36626878358594
 288 -6.646351647495431
 289 -8.376955481141538
 290 -28.79173480138565
 291 -24.09045445918279
 292 -0.4568410562691607
 293 -42.09990000088574
 294 -3.869326025033048
 295 -8.049223322687862
 296 -23.00154302280124
 297 -3.837675514938051
 298 -17.17862052031566
 299 -36.87756835027162
 300 -36.09743269696764
 301 -42.70762081090673
 302 -17.12838524732618
 303 -11.11333815679865
 304 2.834047142435644
 305 -18.75092828400168
 306 -11.11759931088365
 307 -45.70703781062992
 308 -18.45849288485796
 309 -22.39457763460546
 310 -7.267341947793037
 311 6.966118710715034
 312 -37.83070419025066
 313 -36.53558467073806
 314 -36.26016627482212
 315 0.6749016384242319
 316 -23.14431011717487
 317 -10.31668557795143
 318 -20.61804759630639
 319 -45.02852385481156
 320 -11.18007394007851
 321 -41.54724120454809
 322 -9.751768900497296
 323 -7.612873404326109
 324 2.913505987802963
 325 -42.28264831856379
 326 -2.752675094758167
 327 -35.97565052347644
 328 -22.18822577732949
 329 -5.564151313991252
 330 -37.08485993279774
 331 -23.51432044670122
 332 -31.73564310048617
 333 -0.7929338151646563
 334 -7.311239690615288
 335 -7.810232002624118
 336 -49.63430635679268
 337 -5.315341933297072
 338 -22.73314443020415
 339 -46.75725914014132
 340 -7.125287446125418
 341 -56.57996761354389
 342 -8.998714788135715
 343 -5.033710084648439
 344 -28.79810512892539
 345 -6.441873699695510
 346 -1.086287406271485
 347 -20.92193302551621
 348 -21.12109340788716
 349 -29.71713576259219
 350 2.325153427124657
 351 -22.63583301862016
 352 -46.49808138345963
 353 -16.30424329178020
 354 -57.36522083100432
 355 -11.72199601800432
 356 -41.82806160610063
 357 -32.98623370962061
 358 -16.80531046136461
 359 -10.39895837935843
 360 -13.29796027659766
 361 -26.49379776914835
 362 -26.36011890037672
 363 -16.62578153958247
 364 -16.30687088073322
 365 -29.80413864446754
 366 -30.21572039081356
 367 -16.16713089697603
 368 -25.36703599162514
 369 -2.397770320895324
 370 0.5796187750182131
 371 -17.55486618515248
 372 -6.932384531543514
 373 -12.27353709740713
 374 -10.33806661000318
 375 -22.59131403745570
 376 -46.18874870765883
 377 -11.94794264371180
 378 -11.56483067707684
 379 -9.065563179496387
 380 -15.49960899608618
 381 -20.00613490917473
 382 -32.90130672579950
 383 -23.49846847510676
 384 -33.70896154504144
 385 -48.65179702556002
 386 -46.16034962453020
 387 -49.95787943959405
 388 -8.668026491452238
 389 -6.562689292797755
 390 -16.45608208696154
 391 -35.66336872042720
 392 -23.48337303083770
 393 -7.236055586597736
 394 2.496808654618619
 395 -14.78888591529425
 396 -37.16672870344190
 397 -42.96659362764241
 398 -29.09064946824765
 399 -53.45576158077132
 400 7.351453133308824
 401 -21.71871417686094
 402 -2.693080217486919
 403 -28.38156381742741
 404 -5.018723022630961
 405 -13.80912455841509
 406 -39.94450744303970
 407 -11.97523576989840
 408 3.075126983923404E-02
 409 -50.01257895677474
 410 -3.451959410654458
 411 -11.26536340079321
 412 4.261549334538610
 413 -54.95526893730467
 414 -17.80116610768997
 415 -16.60437573405098
 416 -39.09034671886304
 417 -26.53135539667515
 418 -46.37041237717207
 419 7.154505830502289
 420 -20.33146279283042
 421 3.344590674786414
 422 -15.45530621769905
 423 -14.00423243833311
 424 -21.81516684977580
 425 -12.91574571903530
 426 -44.60754805012760
 427 -41.71808105060720
 428 -20.87122176065832
 429 -1.344187020570699
 430 -10.26243470018557
 431 -30.47464783235692
 432 -28.63960400114766
 433 -40.86056320254879
 434 -25.16423652556298
 435 -26.43407587153526
 436 -28.00454420721865
 437 -41.25864895159083
 438 -68.57338476686758
 439 -8.068085867536643
 440 -1.001716521756284
 441 -16.49772197960073
 442 -10.12295716075519
 443 4.783867174860764
 444 5.263849573665065
 445 -24.34624961415729
 446 8.213528552174800
 447 -32.38133103689113
 448 -32.87278861907507
 449 2.018438679450502
 450 -30.49442689019930
 451 -21.61703267773689
 452 -32.23303656693742
 453 -19.85826352210143
 454 -32.55622526864290
 455 5.663565699215840
 456 -5.345870438503581
 457 -34.47401622828305
 458 -30.06959870809626
 459 -14.49846855109674
 460 -26.46139470074968
 461 -21.67212509142542
 462 -8.967788980851278
 463 -14.79201771508092
 464 10.11198092097806
 465 -38.01312540347261
 466 -14.43102792187581
 467 -25.64873306191063
 468 -52.82328743809536
 469 -15.17659026926426
 470 -52.52744561332454
 471 -52.68154434348198
 472 -3.154634230196850
 473 -22.46064817415274
 474 -51.78941509542751
 475 -0.1949746870041178
 476 -21.09011301659227
 477 -22.99487047825261
 478 -25.55930208981212
 479 -18.14055951382672
 480 -31.35145376975386
 481 -28.17245282025183
 482 -20.27821150681708
 483 0.1467970049350233
 484 -20.00495340368614
 485 -41.34485659143032
 486 -20.05887087035874
 487 -14.03704219239521
 488 -14.94701015648128
 489 -25.85450931269809
 490 -14.21662576751623
 491 -10.44512186593927
 492 -11.70680543501877
 493 -10.40376567950065
 494 -31.20775274283815
 495 -2.164564016656485
 496 -27.55988765950240
 497 -2.171416566514373
 498 0.2623600861408040
 499 -24.81666630621832
 500 -47.97474770663443
 501 -5.219787655606981
